Hmm ... looks like a package

This is pdfTeX, Version 3.14159265-2.6-1.40.17 (TeX Live 2016/Debian) (preloaded format=pdflatex)
 restricted \write18 enabled.
entering extended mode
LaTeX2e <2017/01/01> patch level 3
Babel <3.9r> and hyphenation patterns for 3 language(s) loaded.
(./Rd2.tex
(/usr/share/texlive/texmf-dist/tex/latex/base/book.cls
Document Class: book 2014/09/29 v1.4h Standard LaTeX document class
(/usr/share/texlive/texmf-dist/tex/latex/base/bk10.clo))
(/home/ben/r-devel/share/texmf/tex/latex/Rd.sty
(/usr/share/texlive/texmf-dist/tex/latex/base/ifthen.sty)
(/usr/share/texlive/texmf-dist/tex/latex/tools/longtable.sty)
(/usr/share/texlive/texmf-dist/tex/latex/tools/bm.sty)
(/usr/share/texlive/texmf-dist/tex/latex/base/alltt.sty)
(/usr/share/texlive/texmf-dist/tex/latex/tools/verbatim.sty)
(/usr/share/texlive/texmf-dist/tex/latex/url/url.sty)
(/usr/share/texlive/texmf-dist/tex/latex/base/textcomp.sty
(/usr/share/texlive/texmf-dist/tex/latex/base/ts1enc.def))
(/usr/share/texlive/texmf-dist/tex/latex/base/fontenc.sty
(/usr/share/texlive/texmf-dist/tex/latex/base/t1enc.def))
(/usr/share/texlive/texmf-dist/tex/latex/psnfss/times.sty)
(/usr/share/texlive/texmf-dist/tex/latex/inconsolata/zi4.sty
`inconsolata-zi4' v1.112, 2017/01/04 Text macros for Inconsolata (msharpe)
(/usr/share/texlive/texmf-dist/tex/latex/xkeyval/xkeyval.sty
(/usr/share/texlive/texmf-dist/tex/generic/xkeyval/xkeyval.tex
(/usr/share/texlive/texmf-dist/tex/generic/xkeyval/xkvutils.tex
(/usr/share/texlive/texmf-dist/tex/generic/xkeyval/keyval.tex)))))
(/usr/share/texlive/texmf-dist/tex/latex/graphics/color.sty
(/usr/share/texlive/texmf-dist/tex/latex/graphics-cfg/color.cfg)
(/usr/share/texlive/texmf-dist/tex/latex/graphics-def/pdftex.def
(/usr/share/texlive/texmf-dist/tex/generic/oberdiek/infwarerr.sty)
(/usr/share/texlive/texmf-dist/tex/generic/oberdiek/ltxcmds.sty)))
(/usr/share/texlive/texmf-dist/tex/latex/hyperref/hyperref.sty
(/usr/share/texlive/texmf-dist/tex/generic/oberdiek/hobsub-hyperref.sty
(/usr/share/texlive/texmf-dist/tex/generic/oberdiek/hobsub-generic.sty))
(/usr/share/texlive/texmf-dist/tex/generic/ifxetex/ifxetex.sty)
(/usr/share/texlive/texmf-dist/tex/latex/oberdiek/auxhook.sty)
(/usr/share/texlive/texmf-dist/tex/latex/oberdiek/kvoptions.sty)
(/usr/share/texlive/texmf-dist/tex/latex/hyperref/pd1enc.def)
(/usr/share/texlive/texmf-dist/tex/latex/latexconfig/hyperref.cfg))

Package hyperref Message: Driver (autodetected): hpdftex.

(/usr/share/texlive/texmf-dist/tex/latex/hyperref/hpdftex.def
(/usr/share/texlive/texmf-dist/tex/latex/oberdiek/rerunfilecheck.sty))

Package hyperref Warning: Option `hyperindex' has already been used,
(hyperref)                setting the option has no effect on input line 377.


Package hyperref Warning: Option `pagebackref' has already been used,
(hyperref)                setting the option has no effect on input line 377.

) (/usr/share/texlive/texmf-dist/tex/latex/base/makeidx.sty)
(/usr/share/texlive/texmf-dist/tex/latex/base/inputenc.sty
(/usr/share/texlive/texmf-dist/tex/latex/base/utf8.def
(/usr/share/texlive/texmf-dist/tex/latex/base/t1enc.dfu)
(/usr/share/texlive/texmf-dist/tex/latex/base/ot1enc.dfu)
(/usr/share/texlive/texmf-dist/tex/latex/base/omsenc.dfu)
(/usr/share/texlive/texmf-dist/tex/latex/base/ts1enc.dfu))
(/usr/share/texlive/texmf-dist/tex/latex/base/latin1.def))
Writing index file Rd2.idx
No file Rd2.aux.
(/usr/share/texlive/texmf-dist/tex/latex/base/ts1cmr.fd)
(/usr/share/texlive/texmf-dist/tex/latex/psnfss/t1ptm.fd)
(/usr/share/texlive/texmf-dist/tex/context/base/mkii/supp-pdf.mkii
[Loading MPS to PDF converter (version 2006.09.02).]
) (/usr/share/texlive/texmf-dist/tex/latex/hyperref/nameref.sty
(/usr/share/texlive/texmf-dist/tex/generic/oberdiek/gettitlestring.sty))
(/usr/share/texlive/texmf-dist/tex/latex/psnfss/ts1ptm.fd)
(/usr/share/texlive/texmf-dist/tex/latex/inconsolata/t1zi4.fd)
(/usr/share/texlive/texmf-dist/tex/latex/psnfss/t1phv.fd)
(/usr/share/texlive/texmf-dist/tex/latex/base/utf8.def) [1{/var/lib/texmf/fonts
/map/pdftex/updmap/pdftex.map}]
Overfull \hbox (39.08746pt too wide) in paragraph at lines 58--60
[]\T1/zi4/m/n/10 run_banocc \T1/ptm/m/n/10 takes a com-piled model, and re-turn
s the `stan-fit` ob-ject re-sult-ing from a call to \T1/zi4/m/n/10 rstan::sampl
ing 
(/usr/share/texlive/texmf-dist/tex/latex/base/utf8.def)
(/usr/share/texlive/texmf-dist/tex/latex/base/utf8.def) [2]
(/usr/share/texlive/texmf-dist/tex/latex/base/utf8.def)
(/usr/share/texlive/texmf-dist/tex/latex/base/utf8.def) [3]
(/usr/share/texlive/texmf-dist/tex/latex/base/utf8.def)
(/usr/share/texlive/texmf-dist/tex/latex/base/utf8.def) [4]
(/usr/share/texlive/texmf-dist/tex/latex/base/utf8.def)
(/usr/share/texlive/texmf-dist/tex/latex/base/utf8.def) [5]
(/usr/share/texlive/texmf-dist/tex/latex/base/utf8.def)
(/usr/share/texlive/texmf-dist/tex/latex/base/utf8.def) [6] [7]
(/usr/share/texlive/texmf-dist/tex/latex/base/utf8.def)
Overfull \hbox (2.59946pt too wide) in paragraph at lines 405--407
[]\T1/ptm/m/n/10 The com-piled stan model (as with \T1/zi4/m/n/10 stan_model(mo
del_code = banocc_model)\T1/ptm/m/n/10 ). 

Overfull \hbox (10.30717pt too wide) in paragraph at lines 411--413
[]\T1/ptm/m/n/10 The prior mean for m; vec-tors of length less than P (the num-
ber of fea-tures/columns
[8]
No file Rd2.ind.
[9] (/tmp/RtmpRFSBzX/Rd2pdf46bda82113e/Rd2.aux)

Package rerunfilecheck Warning: File `Rd2.out' has changed.
(rerunfilecheck)                Rerun to get outlines right
(rerunfilecheck)                or use package `bookmark'.

 )
(see the transcript file for additional information)pdfTeX warning (dest): name
{Rfn.stan} has been referenced but does not exist, replaced by a fixed one

pdfTeX warning (dest): name{Rfn.sampling} has been referenced but does not exis
t, replaced by a fixed one

{/usr/share/texlive/texmf-dist/fonts/enc/dvips/base/8r.enc}{/usr/share/texlive/
texmf-dist/fonts/enc/dvips/inconsolata/i4-t1-0.enc}</usr/share/texlive/texmf-di
st/fonts/type1/public/inconsolata/Inconsolata-zi4r.pfb></usr/share/texlive/texm
f-dist/fonts/type1/urw/helvetic/uhvr8a.pfb></usr/share/texlive/texmf-dist/fonts
/type1/urw/times/utmb8a.pfb></usr/share/texlive/texmf-dist/fonts/type1/urw/time
s/utmbi8a.pfb></usr/share/texlive/texmf-dist/fonts/type1/urw/times/utmr8a.pfb><
/usr/share/texlive/texmf-dist/fonts/type1/urw/times/utmr8a.pfb></usr/share/texl
ive/texmf-dist/fonts/type1/urw/times/utmri8a.pfb>
Output written on Rd2.pdf (9 pages, 101467 bytes).
Transcript written on Rd2.log.
This is pdfTeX, Version 3.14159265-2.6-1.40.17 (TeX Live 2016/Debian) (preloaded format=pdflatex)
 restricted \write18 enabled.
entering extended mode
LaTeX2e <2017/01/01> patch level 3
Babel <3.9r> and hyphenation patterns for 3 language(s) loaded.
(./Rd2.tex
(/usr/share/texlive/texmf-dist/tex/latex/base/book.cls
Document Class: book 2014/09/29 v1.4h Standard LaTeX document class
(/usr/share/texlive/texmf-dist/tex/latex/base/bk10.clo))
(/home/ben/r-devel/share/texmf/tex/latex/Rd.sty
(/usr/share/texlive/texmf-dist/tex/latex/base/ifthen.sty)
(/usr/share/texlive/texmf-dist/tex/latex/tools/longtable.sty)
(/usr/share/texlive/texmf-dist/tex/latex/tools/bm.sty)
(/usr/share/texlive/texmf-dist/tex/latex/base/alltt.sty)
(/usr/share/texlive/texmf-dist/tex/latex/tools/verbatim.sty)
(/usr/share/texlive/texmf-dist/tex/latex/url/url.sty)
(/usr/share/texlive/texmf-dist/tex/latex/base/textcomp.sty
(/usr/share/texlive/texmf-dist/tex/latex/base/ts1enc.def))
(/usr/share/texlive/texmf-dist/tex/latex/base/fontenc.sty
(/usr/share/texlive/texmf-dist/tex/latex/base/t1enc.def))
(/usr/share/texlive/texmf-dist/tex/latex/psnfss/times.sty)
(/usr/share/texlive/texmf-dist/tex/latex/inconsolata/zi4.sty
`inconsolata-zi4' v1.112, 2017/01/04 Text macros for Inconsolata (msharpe)
(/usr/share/texlive/texmf-dist/tex/latex/xkeyval/xkeyval.sty
(/usr/share/texlive/texmf-dist/tex/generic/xkeyval/xkeyval.tex
(/usr/share/texlive/texmf-dist/tex/generic/xkeyval/xkvutils.tex
(/usr/share/texlive/texmf-dist/tex/generic/xkeyval/keyval.tex)))))
(/usr/share/texlive/texmf-dist/tex/latex/graphics/color.sty
(/usr/share/texlive/texmf-dist/tex/latex/graphics-cfg/color.cfg)
(/usr/share/texlive/texmf-dist/tex/latex/graphics-def/pdftex.def
(/usr/share/texlive/texmf-dist/tex/generic/oberdiek/infwarerr.sty)
(/usr/share/texlive/texmf-dist/tex/generic/oberdiek/ltxcmds.sty)))
(/usr/share/texlive/texmf-dist/tex/latex/hyperref/hyperref.sty
(/usr/share/texlive/texmf-dist/tex/generic/oberdiek/hobsub-hyperref.sty
(/usr/share/texlive/texmf-dist/tex/generic/oberdiek/hobsub-generic.sty))
(/usr/share/texlive/texmf-dist/tex/generic/ifxetex/ifxetex.sty)
(/usr/share/texlive/texmf-dist/tex/latex/oberdiek/auxhook.sty)
(/usr/share/texlive/texmf-dist/tex/latex/oberdiek/kvoptions.sty)
(/usr/share/texlive/texmf-dist/tex/latex/hyperref/pd1enc.def)
(/usr/share/texlive/texmf-dist/tex/latex/latexconfig/hyperref.cfg))

Package hyperref Message: Driver (autodetected): hpdftex.

(/usr/share/texlive/texmf-dist/tex/latex/hyperref/hpdftex.def
(/usr/share/texlive/texmf-dist/tex/latex/oberdiek/rerunfilecheck.sty))

Package hyperref Warning: Option `hyperindex' has already been used,
(hyperref)                setting the option has no effect on input line 377.


Package hyperref Warning: Option `pagebackref' has already been used,
(hyperref)                setting the option has no effect on input line 377.

) (/usr/share/texlive/texmf-dist/tex/latex/base/makeidx.sty)
(/usr/share/texlive/texmf-dist/tex/latex/base/inputenc.sty
(/usr/share/texlive/texmf-dist/tex/latex/base/utf8.def
(/usr/share/texlive/texmf-dist/tex/latex/base/t1enc.dfu)
(/usr/share/texlive/texmf-dist/tex/latex/base/ot1enc.dfu)
(/usr/share/texlive/texmf-dist/tex/latex/base/omsenc.dfu)
(/usr/share/texlive/texmf-dist/tex/latex/base/ts1enc.dfu))
(/usr/share/texlive/texmf-dist/tex/latex/base/latin1.def))
Writing index file Rd2.idx
(/tmp/RtmpRFSBzX/Rd2pdf46bda82113e/Rd2.aux)
(/usr/share/texlive/texmf-dist/tex/latex/base/ts1cmr.fd)
(/usr/share/texlive/texmf-dist/tex/latex/psnfss/t1ptm.fd)
(/usr/share/texlive/texmf-dist/tex/context/base/mkii/supp-pdf.mkii
[Loading MPS to PDF converter (version 2006.09.02).]
) (/usr/share/texlive/texmf-dist/tex/latex/hyperref/nameref.sty
(/usr/share/texlive/texmf-dist/tex/generic/oberdiek/gettitlestring.sty))
(/tmp/RtmpRFSBzX/Rd2pdf46bda82113e/Rd2.out)
(/tmp/RtmpRFSBzX/Rd2pdf46bda82113e/Rd2.out)
(/usr/share/texlive/texmf-dist/tex/latex/psnfss/ts1ptm.fd)
(/usr/share/texlive/texmf-dist/tex/latex/inconsolata/t1zi4.fd)
(/usr/share/texlive/texmf-dist/tex/latex/psnfss/t1phv.fd)
(/tmp/RtmpRFSBzX/Rd2pdf46bda82113e/Rd2.toc [1{/var/lib/texmf/fonts/map/pdftex/u
pdmap/pdftex.map}]) (/usr/share/texlive/texmf-dist/tex/latex/base/utf8.def)
Overfull \hbox (39.08746pt too wide) in paragraph at lines 58--60
[]\T1/zi4/m/n/10 run_banocc \T1/ptm/m/n/10 takes a com-piled model, and re-turn
s the `stan-fit` ob-ject re-sult-ing from a call to \T1/zi4/m/n/10 rstan::sampl
ing 
(/usr/share/texlive/texmf-dist/tex/latex/base/utf8.def) [2]
(/usr/share/texlive/texmf-dist/tex/latex/base/utf8.def)
(/usr/share/texlive/texmf-dist/tex/latex/base/utf8.def) [3]
(/usr/share/texlive/texmf-dist/tex/latex/base/utf8.def)
(/usr/share/texlive/texmf-dist/tex/latex/base/utf8.def) [4]
(/usr/share/texlive/texmf-dist/tex/latex/base/utf8.def)
(/usr/share/texlive/texmf-dist/tex/latex/base/utf8.def)
(/usr/share/texlive/texmf-dist/tex/latex/base/utf8.def) [5]
(/usr/share/texlive/texmf-dist/tex/latex/base/utf8.def)
(/usr/share/texlive/texmf-dist/tex/latex/base/utf8.def) [6] [7]
(/usr/share/texlive/texmf-dist/tex/latex/base/utf8.def)
Overfull \hbox (2.59946pt too wide) in paragraph at lines 405--407
[]\T1/ptm/m/n/10 The com-piled stan model (as with \T1/zi4/m/n/10 stan_model(mo
del_code = banocc_model)\T1/ptm/m/n/10 ). 

Overfull \hbox (10.30717pt too wide) in paragraph at lines 411--413
[]\T1/ptm/m/n/10 The prior mean for m; vec-tors of length less than P (the num-
ber of fea-tures/columns
[8]
No file Rd2.ind.
[9] (/tmp/RtmpRFSBzX/Rd2pdf46bda82113e/Rd2.aux) )
(see the transcript file for additional information)pdfTeX warning (dest): name
{Rfn.stan} has been referenced but does not exist, replaced by a fixed one

pdfTeX warning (dest): name{Rfn.sampling} has been referenced but does not exis
t, replaced by a fixed one

{/usr/share/texlive/texmf-dist/fonts/enc/dvips/base/8r.enc}{/usr/share/texlive/
texmf-dist/fonts/enc/dvips/inconsolata/i4-t1-0.enc}</usr/share/texlive/texmf-di
st/fonts/type1/public/inconsolata/Inconsolata-zi4r.pfb></usr/share/texlive/texm
f-dist/fonts/type1/urw/helvetic/uhvr8a.pfb></usr/share/texlive/texmf-dist/fonts
/type1/urw/times/utmb8a.pfb></usr/share/texlive/texmf-dist/fonts/type1/urw/time
s/utmbi8a.pfb></usr/share/texlive/texmf-dist/fonts/type1/urw/times/utmr8a.pfb><
/usr/share/texlive/texmf-dist/fonts/type1/urw/times/utmr8a.pfb></usr/share/texl
ive/texmf-dist/fonts/type1/urw/times/utmri8a.pfb>
Output written on Rd2.pdf (9 pages, 103106 bytes).
Transcript written on Rd2.log.
This is makeindex, version 2.15 [TeX Live 2016] (kpathsea + Thai support).
Scanning input file Rd2.idx....done (25 entries accepted, 0 rejected).
Sorting entries....done (120 comparisons).
Generating output file Rd2.ind....done (45 lines written, 0 warnings).
Output written in Rd2.ind.
Transcript written in Rd2.ilg.
This is pdfTeX, Version 3.14159265-2.6-1.40.17 (TeX Live 2016/Debian) (preloaded format=pdflatex)
 restricted \write18 enabled.
entering extended mode
LaTeX2e <2017/01/01> patch level 3
Babel <3.9r> and hyphenation patterns for 3 language(s) loaded.
(./Rd2.tex
(/usr/share/texlive/texmf-dist/tex/latex/base/book.cls
Document Class: book 2014/09/29 v1.4h Standard LaTeX document class
(/usr/share/texlive/texmf-dist/tex/latex/base/bk10.clo))
(/home/ben/r-devel/share/texmf/tex/latex/Rd.sty
(/usr/share/texlive/texmf-dist/tex/latex/base/ifthen.sty)
(/usr/share/texlive/texmf-dist/tex/latex/tools/longtable.sty)
(/usr/share/texlive/texmf-dist/tex/latex/tools/bm.sty)
(/usr/share/texlive/texmf-dist/tex/latex/base/alltt.sty)
(/usr/share/texlive/texmf-dist/tex/latex/tools/verbatim.sty)
(/usr/share/texlive/texmf-dist/tex/latex/url/url.sty)
(/usr/share/texlive/texmf-dist/tex/latex/base/textcomp.sty
(/usr/share/texlive/texmf-dist/tex/latex/base/ts1enc.def))
(/usr/share/texlive/texmf-dist/tex/latex/base/fontenc.sty
(/usr/share/texlive/texmf-dist/tex/latex/base/t1enc.def))
(/usr/share/texlive/texmf-dist/tex/latex/psnfss/times.sty)
(/usr/share/texlive/texmf-dist/tex/latex/inconsolata/zi4.sty
`inconsolata-zi4' v1.112, 2017/01/04 Text macros for Inconsolata (msharpe)
(/usr/share/texlive/texmf-dist/tex/latex/xkeyval/xkeyval.sty
(/usr/share/texlive/texmf-dist/tex/generic/xkeyval/xkeyval.tex
(/usr/share/texlive/texmf-dist/tex/generic/xkeyval/xkvutils.tex
(/usr/share/texlive/texmf-dist/tex/generic/xkeyval/keyval.tex)))))
(/usr/share/texlive/texmf-dist/tex/latex/graphics/color.sty
(/usr/share/texlive/texmf-dist/tex/latex/graphics-cfg/color.cfg)
(/usr/share/texlive/texmf-dist/tex/latex/graphics-def/pdftex.def
(/usr/share/texlive/texmf-dist/tex/generic/oberdiek/infwarerr.sty)
(/usr/share/texlive/texmf-dist/tex/generic/oberdiek/ltxcmds.sty)))
(/usr/share/texlive/texmf-dist/tex/latex/hyperref/hyperref.sty
(/usr/share/texlive/texmf-dist/tex/generic/oberdiek/hobsub-hyperref.sty
(/usr/share/texlive/texmf-dist/tex/generic/oberdiek/hobsub-generic.sty))
(/usr/share/texlive/texmf-dist/tex/generic/ifxetex/ifxetex.sty)
(/usr/share/texlive/texmf-dist/tex/latex/oberdiek/auxhook.sty)
(/usr/share/texlive/texmf-dist/tex/latex/oberdiek/kvoptions.sty)
(/usr/share/texlive/texmf-dist/tex/latex/hyperref/pd1enc.def)
(/usr/share/texlive/texmf-dist/tex/latex/latexconfig/hyperref.cfg))

Package hyperref Message: Driver (autodetected): hpdftex.

(/usr/share/texlive/texmf-dist/tex/latex/hyperref/hpdftex.def
(/usr/share/texlive/texmf-dist/tex/latex/oberdiek/rerunfilecheck.sty))

Package hyperref Warning: Option `hyperindex' has already been used,
(hyperref)                setting the option has no effect on input line 377.


Package hyperref Warning: Option `pagebackref' has already been used,
(hyperref)                setting the option has no effect on input line 377.

) (/usr/share/texlive/texmf-dist/tex/latex/base/makeidx.sty)
(/usr/share/texlive/texmf-dist/tex/latex/base/inputenc.sty
(/usr/share/texlive/texmf-dist/tex/latex/base/utf8.def
(/usr/share/texlive/texmf-dist/tex/latex/base/t1enc.dfu)
(/usr/share/texlive/texmf-dist/tex/latex/base/ot1enc.dfu)
(/usr/share/texlive/texmf-dist/tex/latex/base/omsenc.dfu)
(/usr/share/texlive/texmf-dist/tex/latex/base/ts1enc.dfu))
(/usr/share/texlive/texmf-dist/tex/latex/base/latin1.def))
Writing index file Rd2.idx
(/tmp/RtmpRFSBzX/Rd2pdf46bda82113e/Rd2.aux)
(/usr/share/texlive/texmf-dist/tex/latex/base/ts1cmr.fd)
(/usr/share/texlive/texmf-dist/tex/latex/psnfss/t1ptm.fd)
(/usr/share/texlive/texmf-dist/tex/context/base/mkii/supp-pdf.mkii
[Loading MPS to PDF converter (version 2006.09.02).]
) (/usr/share/texlive/texmf-dist/tex/latex/hyperref/nameref.sty
(/usr/share/texlive/texmf-dist/tex/generic/oberdiek/gettitlestring.sty))
(/tmp/RtmpRFSBzX/Rd2pdf46bda82113e/Rd2.out)
(/tmp/RtmpRFSBzX/Rd2pdf46bda82113e/Rd2.out)
(/usr/share/texlive/texmf-dist/tex/latex/psnfss/ts1ptm.fd)
(/usr/share/texlive/texmf-dist/tex/latex/inconsolata/t1zi4.fd)
(/usr/share/texlive/texmf-dist/tex/latex/psnfss/t1phv.fd)
(/tmp/RtmpRFSBzX/Rd2pdf46bda82113e/Rd2.toc [1{/var/lib/texmf/fonts/map/pdftex/u
pdmap/pdftex.map}]) (/usr/share/texlive/texmf-dist/tex/latex/base/utf8.def)
Overfull \hbox (39.08746pt too wide) in paragraph at lines 58--60
[]\T1/zi4/m/n/10 run_banocc \T1/ptm/m/n/10 takes a com-piled model, and re-turn
s the `stan-fit` ob-ject re-sult-ing from a call to \T1/zi4/m/n/10 rstan::sampl
ing 
(/usr/share/texlive/texmf-dist/tex/latex/base/utf8.def) [2]
(/usr/share/texlive/texmf-dist/tex/latex/base/utf8.def)
(/usr/share/texlive/texmf-dist/tex/latex/base/utf8.def) [3]
(/usr/share/texlive/texmf-dist/tex/latex/base/utf8.def)
(/usr/share/texlive/texmf-dist/tex/latex/base/utf8.def) [4]
(/usr/share/texlive/texmf-dist/tex/latex/base/utf8.def)
(/usr/share/texlive/texmf-dist/tex/latex/base/utf8.def)
(/usr/share/texlive/texmf-dist/tex/latex/base/utf8.def) [5]
(/usr/share/texlive/texmf-dist/tex/latex/base/utf8.def)
(/usr/share/texlive/texmf-dist/tex/latex/base/utf8.def) [6] [7]
(/usr/share/texlive/texmf-dist/tex/latex/base/utf8.def)
Overfull \hbox (2.59946pt too wide) in paragraph at lines 405--407
[]\T1/ptm/m/n/10 The com-piled stan model (as with \T1/zi4/m/n/10 stan_model(mo
del_code = banocc_model)\T1/ptm/m/n/10 ). 

Overfull \hbox (10.30717pt too wide) in paragraph at lines 411--413
[]\T1/ptm/m/n/10 The prior mean for m; vec-tors of length less than P (the num-
ber of fea-tures/columns
[8] (/tmp/RtmpRFSBzX/Rd2pdf46bda82113e/Rd2.ind [9]

LaTeX Font Warning: Font shape `T1/zi4/m/it' undefined
(Font)              using `T1/zi4/m/n' instead on input line 17.

[10]) (/tmp/RtmpRFSBzX/Rd2pdf46bda82113e/Rd2.aux)

Package rerunfilecheck Warning: File `Rd2.out' has changed.
(rerunfilecheck)                Rerun to get outlines right
(rerunfilecheck)                or use package `bookmark'.


LaTeX Font Warning: Some font shapes were not available, defaults substituted.

 )
(see the transcript file for additional information)pdfTeX warning (dest): name
{Rfn.stan} has been referenced but does not exist, replaced by a fixed one

pdfTeX warning (dest): name{Rfn.sampling} has been referenced but does not exis
t, replaced by a fixed one

{/usr/share/texlive/texmf-dist/fonts/enc/dvips/base/8r.enc}{/usr/share/texlive/
texmf-dist/fonts/enc/dvips/inconsolata/i4-t1-0.enc}</usr/share/texlive/texmf-di
st/fonts/type1/public/inconsolata/Inconsolata-zi4r.pfb></usr/share/texlive/texm
f-dist/fonts/type1/public/amsfonts/cm/cmsy10.pfb></usr/share/texlive/texmf-dist
/fonts/type1/urw/helvetic/uhvr8a.pfb></usr/share/texlive/texmf-dist/fonts/type1
/urw/times/utmb8a.pfb></usr/share/texlive/texmf-dist/fonts/type1/urw/times/utmb
i8a.pfb></usr/share/texlive/texmf-dist/fonts/type1/urw/times/utmr8a.pfb></usr/s
hare/texlive/texmf-dist/fonts/type1/urw/times/utmr8a.pfb></usr/share/texlive/te
xmf-dist/fonts/type1/urw/times/utmri8a.pfb>
Output written on Rd2.pdf (10 pages, 112179 bytes).
Transcript written on Rd2.log.
This is makeindex, version 2.15 [TeX Live 2016] (kpathsea + Thai support).
Scanning input file Rd2.idx....done (25 entries accepted, 0 rejected).
Sorting entries....done (120 comparisons).
Generating output file Rd2.ind....done (45 lines written, 0 warnings).
Output written in Rd2.ind.
Transcript written in Rd2.ilg.
This is pdfTeX, Version 3.14159265-2.6-1.40.17 (TeX Live 2016/Debian) (preloaded format=pdflatex)
 restricted \write18 enabled.
entering extended mode
LaTeX2e <2017/01/01> patch level 3
Babel <3.9r> and hyphenation patterns for 3 language(s) loaded.
(./Rd2.tex
(/usr/share/texlive/texmf-dist/tex/latex/base/book.cls
Document Class: book 2014/09/29 v1.4h Standard LaTeX document class
(/usr/share/texlive/texmf-dist/tex/latex/base/bk10.clo))
(/home/ben/r-devel/share/texmf/tex/latex/Rd.sty
(/usr/share/texlive/texmf-dist/tex/latex/base/ifthen.sty)
(/usr/share/texlive/texmf-dist/tex/latex/tools/longtable.sty)
(/usr/share/texlive/texmf-dist/tex/latex/tools/bm.sty)
(/usr/share/texlive/texmf-dist/tex/latex/base/alltt.sty)
(/usr/share/texlive/texmf-dist/tex/latex/tools/verbatim.sty)
(/usr/share/texlive/texmf-dist/tex/latex/url/url.sty)
(/usr/share/texlive/texmf-dist/tex/latex/base/textcomp.sty
(/usr/share/texlive/texmf-dist/tex/latex/base/ts1enc.def))
(/usr/share/texlive/texmf-dist/tex/latex/base/fontenc.sty
(/usr/share/texlive/texmf-dist/tex/latex/base/t1enc.def))
(/usr/share/texlive/texmf-dist/tex/latex/psnfss/times.sty)
(/usr/share/texlive/texmf-dist/tex/latex/inconsolata/zi4.sty
`inconsolata-zi4' v1.112, 2017/01/04 Text macros for Inconsolata (msharpe)
(/usr/share/texlive/texmf-dist/tex/latex/xkeyval/xkeyval.sty
(/usr/share/texlive/texmf-dist/tex/generic/xkeyval/xkeyval.tex
(/usr/share/texlive/texmf-dist/tex/generic/xkeyval/xkvutils.tex
(/usr/share/texlive/texmf-dist/tex/generic/xkeyval/keyval.tex)))))
(/usr/share/texlive/texmf-dist/tex/latex/graphics/color.sty
(/usr/share/texlive/texmf-dist/tex/latex/graphics-cfg/color.cfg)
(/usr/share/texlive/texmf-dist/tex/latex/graphics-def/pdftex.def
(/usr/share/texlive/texmf-dist/tex/generic/oberdiek/infwarerr.sty)
(/usr/share/texlive/texmf-dist/tex/generic/oberdiek/ltxcmds.sty)))
(/usr/share/texlive/texmf-dist/tex/latex/hyperref/hyperref.sty
(/usr/share/texlive/texmf-dist/tex/generic/oberdiek/hobsub-hyperref.sty
(/usr/share/texlive/texmf-dist/tex/generic/oberdiek/hobsub-generic.sty))
(/usr/share/texlive/texmf-dist/tex/generic/ifxetex/ifxetex.sty)
(/usr/share/texlive/texmf-dist/tex/latex/oberdiek/auxhook.sty)
(/usr/share/texlive/texmf-dist/tex/latex/oberdiek/kvoptions.sty)
(/usr/share/texlive/texmf-dist/tex/latex/hyperref/pd1enc.def)
(/usr/share/texlive/texmf-dist/tex/latex/latexconfig/hyperref.cfg))

Package hyperref Message: Driver (autodetected): hpdftex.

(/usr/share/texlive/texmf-dist/tex/latex/hyperref/hpdftex.def
(/usr/share/texlive/texmf-dist/tex/latex/oberdiek/rerunfilecheck.sty))

Package hyperref Warning: Option `hyperindex' has already been used,
(hyperref)                setting the option has no effect on input line 377.


Package hyperref Warning: Option `pagebackref' has already been used,
(hyperref)                setting the option has no effect on input line 377.

) (/usr/share/texlive/texmf-dist/tex/latex/base/makeidx.sty)
(/usr/share/texlive/texmf-dist/tex/latex/base/inputenc.sty
(/usr/share/texlive/texmf-dist/tex/latex/base/utf8.def
(/usr/share/texlive/texmf-dist/tex/latex/base/t1enc.dfu)
(/usr/share/texlive/texmf-dist/tex/latex/base/ot1enc.dfu)
(/usr/share/texlive/texmf-dist/tex/latex/base/omsenc.dfu)
(/usr/share/texlive/texmf-dist/tex/latex/base/ts1enc.dfu))
(/usr/share/texlive/texmf-dist/tex/latex/base/latin1.def))
Writing index file Rd2.idx
(/tmp/RtmpRFSBzX/Rd2pdf46bda82113e/Rd2.aux)
(/usr/share/texlive/texmf-dist/tex/latex/base/ts1cmr.fd)
(/usr/share/texlive/texmf-dist/tex/latex/psnfss/t1ptm.fd)
(/usr/share/texlive/texmf-dist/tex/context/base/mkii/supp-pdf.mkii
[Loading MPS to PDF converter (version 2006.09.02).]
) (/usr/share/texlive/texmf-dist/tex/latex/hyperref/nameref.sty
(/usr/share/texlive/texmf-dist/tex/generic/oberdiek/gettitlestring.sty))
(/tmp/RtmpRFSBzX/Rd2pdf46bda82113e/Rd2.out)
(/tmp/RtmpRFSBzX/Rd2pdf46bda82113e/Rd2.out)
(/usr/share/texlive/texmf-dist/tex/latex/psnfss/ts1ptm.fd)
(/usr/share/texlive/texmf-dist/tex/latex/inconsolata/t1zi4.fd)
(/usr/share/texlive/texmf-dist/tex/latex/psnfss/t1phv.fd)
(/tmp/RtmpRFSBzX/Rd2pdf46bda82113e/Rd2.toc [1{/var/lib/texmf/fonts/map/pdftex/u
pdmap/pdftex.map}]) (/usr/share/texlive/texmf-dist/tex/latex/base/utf8.def)
Overfull \hbox (39.08746pt too wide) in paragraph at lines 58--60
[]\T1/zi4/m/n/10 run_banocc \T1/ptm/m/n/10 takes a com-piled model, and re-turn
s the `stan-fit` ob-ject re-sult-ing from a call to \T1/zi4/m/n/10 rstan::sampl
ing 
(/usr/share/texlive/texmf-dist/tex/latex/base/utf8.def) [2]
(/usr/share/texlive/texmf-dist/tex/latex/base/utf8.def)
(/usr/share/texlive/texmf-dist/tex/latex/base/utf8.def) [3]
(/usr/share/texlive/texmf-dist/tex/latex/base/utf8.def)
(/usr/share/texlive/texmf-dist/tex/latex/base/utf8.def) [4]
(/usr/share/texlive/texmf-dist/tex/latex/base/utf8.def)
(/usr/share/texlive/texmf-dist/tex/latex/base/utf8.def)
(/usr/share/texlive/texmf-dist/tex/latex/base/utf8.def) [5]
(/usr/share/texlive/texmf-dist/tex/latex/base/utf8.def)
(/usr/share/texlive/texmf-dist/tex/latex/base/utf8.def) [6] [7]
(/usr/share/texlive/texmf-dist/tex/latex/base/utf8.def)
Overfull \hbox (2.59946pt too wide) in paragraph at lines 405--407
[]\T1/ptm/m/n/10 The com-piled stan model (as with \T1/zi4/m/n/10 stan_model(mo
del_code = banocc_model)\T1/ptm/m/n/10 ). 

Overfull \hbox (10.30717pt too wide) in paragraph at lines 411--413
[]\T1/ptm/m/n/10 The prior mean for m; vec-tors of length less than P (the num-
ber of fea-tures/columns
[8] (/tmp/RtmpRFSBzX/Rd2pdf46bda82113e/Rd2.ind [9]

LaTeX Font Warning: Font shape `T1/zi4/m/it' undefined
(Font)              using `T1/zi4/m/n' instead on input line 17.

[10]) (/tmp/RtmpRFSBzX/Rd2pdf46bda82113e/Rd2.aux)

LaTeX Font Warning: Some font shapes were not available, defaults substituted.

 )
(see the transcript file for additional information)pdfTeX warning (dest): name
{Rfn.stan} has been referenced but does not exist, replaced by a fixed one

pdfTeX warning (dest): name{Rfn.sampling} has been referenced but does not exis
t, replaced by a fixed one

{/usr/share/texlive/texmf-dist/fonts/enc/dvips/base/8r.enc}{/usr/share/texlive/
texmf-dist/fonts/enc/dvips/inconsolata/i4-t1-0.enc}</usr/share/texlive/texmf-di
st/fonts/type1/public/inconsolata/Inconsolata-zi4r.pfb></usr/share/texlive/texm
f-dist/fonts/type1/public/amsfonts/cm/cmsy10.pfb></usr/share/texlive/texmf-dist
/fonts/type1/urw/helvetic/uhvr8a.pfb></usr/share/texlive/texmf-dist/fonts/type1
/urw/times/utmb8a.pfb></usr/share/texlive/texmf-dist/fonts/type1/urw/times/utmb
i8a.pfb></usr/share/texlive/texmf-dist/fonts/type1/urw/times/utmr8a.pfb></usr/s
hare/texlive/texmf-dist/fonts/type1/urw/times/utmr8a.pfb></usr/share/texlive/te
xmf-dist/fonts/type1/urw/times/utmri8a.pfb>
Output written on Rd2.pdf (10 pages, 112524 bytes).
Transcript written on Rd2.log.
Saving output to ‘banocc-manual.pdf’ ...
Done
You may want to clean up by 'rm -Rf /tmp/RtmpRFSBzX/Rd2pdf46bda82113e'
