--- re-building ‘ctsem.rnw’ using knitr
Observations with missing time information found - removing 1 rows
Discrete time points created:  4
Extracting first non-missing value for time independent predictors
imputedefs==FALSE (default, recommended) so setting observations with no time value to NA
Running ctsemCarefulFit with 16 parameters

Beginning initial fit attempt

 Lowest minimum so far:  4345.85704965914

 OpenMx status code 6 not in list of acceptable status codes, (0,0)

 Not all eigenvalues of Hessian are greater than 0: 3025276234.97094, 1027772.76105094, 202840.599383073, 131009.6254217, 2390.92434411858, 1733.56240229181, 737.656728251163, 450.902317199587, 337.660105339132, 87.8485072027062, 81.2306042750578, 0.274195450755541, 0.00017189018157032, 0.0000136037835630938, -0.0000441226533961325, -345.273094458416

Beginning fit attempt 1 of at maximum 15 extra tries

 Lowest minimum so far:  4345.63675427699

 OpenMx status code 6 not in list of acceptable status codes, (0,0)

 Not all eigenvalues of Hessian are greater than 0: 3068696327.53377, 919462.730881126, 185223.313668631, 105745.46955202, 2404.8045096936, 1190.0942035333, 808.100329582061, 336.06664672927, 293.095293200804, 80.1378657460264, 72.0358778973945, 7.27862838057943, 0.00100715838876966, 0.00000607824952665219, -0.000064375028675515, -0.929713935657619

Beginning fit attempt 2 of at maximum 15 extra tries

 Lowest minimum so far:  4344.98630498651

 OpenMx status code 6 not in list of acceptable status codes, (0,0)

 Not all eigenvalues of Hessian are greater than 0: 12485178762.1022, 3641443.73187642, 447212.52427646, 321172.373100449, 2396.78133131925, 1527.62049656738, 681.79888840539, 387.605643064321, 336.160175182028, 81.2762914370872, 42.4050275704264, 5.5580970809399, 0.0386965696235385, 0.000850510096282118, 0.0000100946129401466, -0.000070438124169421

Beginning fit attempt 3 of at maximum 15 extra tries

 Fit attempt worse than current best:  4345.6273853634 vs 4344.98630498651

Beginning fit attempt 4 of at maximum 15 extra tries

 Fit attempt worse than current best:  4367.90998851759 vs 4344.98630498651

Beginning fit attempt 5 of at maximum 15 extra tries

 Fit attempt worse than current best:  4359.2054702813 vs 4344.98630498651

Beginning fit attempt 6 of at maximum 15 extra tries

 Fit attempt worse than current best:  4865.94856616849 vs 4344.98630498651

Beginning fit attempt 7 of at maximum 15 extra tries

 Fit attempt worse than current best:  4395.28740566715 vs 4344.98630498651

Beginning fit attempt 8 of at maximum 15 extra tries

 Lowest minimum so far:  4176.87456133428

Solution found


Solution found!  Final fit=4176.8746 (started at 4727.4693)  (9 attempt(s): 9 valid, 0 errors)

Running ctsemCarefulFit with 15 parameters

Beginning initial fit attempt

 Lowest minimum so far:  4196.73541494079

Solution found


Solution found!  Final fit=4196.7354 (started at 4882.15)  (1 attempt(s): 1 valid, 0 errors)

NPSOL optimizer not available - switching to CSOLNP - consider installing OpenMx using command:  source('http://openmx.psyc.virginia.edu/getOpenMx.R') 
Running ctsem with 16 parameters
Running ctsemCarefulFit with 19 parameters

Beginning initial fit attempt

 Lowest minimum so far:  4151.13132113271

Solution found


Solution found!  Final fit=4151.1313 (started at 4301.6569)  (1 attempt(s): 1 valid, 0 errors)

Plotting fit
Plotting fit
Running ctsemCarefulFit with 23 parameters

Beginning initial fit attempt

 Lowest minimum so far:  4245.2570075146

Solution found


Solution found!  Final fit=4245.257 (started at 4370.0898)  (1 attempt(s): 1 valid, 0 errors)

MANIFESTMEANS contained character labels - setting matrix to 0
MANIFESTVAR contained character labels - setting matrix to diagonal 0.00001
TDPREDVAR contained character labels - setting matrix to 0
Discrete time points created:  19
imputedefs==FALSE (default, recommended) so setting observations with no time value to NA
MANIFESTMEANS contained character labels - setting matrix to 0
MANIFESTVAR contained character labels - setting matrix to diagonal 0.00001
TDPREDVAR contained character labels - setting matrix to 0
Discrete time points created:  19
imputedefs==FALSE (default, recommended) so setting observations with no time value to NA
MANIFESTMEANS contained character labels - setting matrix to 0
MANIFESTVAR contained character labels - setting matrix to diagonal 0.00001
TDPREDVAR contained character labels - setting matrix to 0
Discrete time points created:  19
imputedefs==FALSE (default, recommended) so setting observations with no time value to NA
MANIFESTMEANS contained character labels - setting matrix to 0
MANIFESTVAR contained character labels - setting matrix to diagonal 0.00001
TDPREDVAR contained character labels - setting matrix to 0
Discrete time points created:  19
imputedefs==FALSE (default, recommended) so setting observations with no time value to NA
No missing time dependent predictors - TDPREDVAR and TDPREDMEANS fixed to observed moments for speed
Running ctsemCarefulFit with 18 parameters

Beginning initial fit attempt

 Lowest minimum so far:  -486.477230841496

 Not all eigenvalues of Hessian are greater than 0: 3277.95911756541, 1424.19071349254, 455.880994617636, 288.388658056967, 236.815727145537, 103.678597562878, 70.878386714241, 38.5577426547232, 24.9158826651541, 18.0212949541803, 15.1221380984085, 13.3430979372499, 9.0100316110384, 4.89795698260911, 2.16343897543771, 0.00000169211484206733, -0.000000322189053062362, -0.0000766015070763

Beginning fit attempt 1 of at maximum 15 extra tries

 Lowest minimum so far:  -486.477230841511

 Not all eigenvalues of Hessian are greater than 0: 3277.96063615252, 1424.19115352493, 455.882652432952, 288.388441847726, 236.815926711008, 103.678518241275, 70.8818117817271, 38.559824573011, 24.9173347597703, 18.0200824864102, 15.1220338655734, 13.3404102198616, 9.01100233036408, 4.89749968067383, 2.16318386005249, 0.0000588152230913894, 0.0000207808378590617, -0.000000215872876088257

Beginning fit attempt 2 of at maximum 15 extra tries

 Lowest minimum so far:  -486.477230841512

 Not all eigenvalues of Hessian are greater than 0: 3277.9620924843, 1424.19406074789, 455.888498457315, 288.397069868073, 236.81651789837, 103.684735083375, 70.8870591130979, 38.5609017408739, 24.9216305288106, 18.0213498896627, 15.1231179079157, 13.3422836438498, 9.01657607569272, 4.89770566259617, 2.16350963369604, 0.0000683036744652716, 0.0000188942498529647, -0.000000815642320045877

Beginning fit attempt 3 of at maximum 15 extra tries

 Not all eigenvalues of Hessian are greater than 0: 3277.96202156068, 1424.18909066947, 455.885437858472, 288.387901339984, 236.814455678309, 103.683046340648, 70.885603827629, 38.5611209384713, 24.9180045640149, 18.020987852949, 15.1229110742328, 13.3423250795959, 9.01052541642695, 4.89768714501569, 2.16336032324782, 0.0000533191128764468, 0.0000235443955105831, -0.0000027641610664831

Beginning fit attempt 4 of at maximum 15 extra tries

 Lowest minimum so far:  -486.477230936053

 Not all eigenvalues of Hessian are greater than 0: 3277.96055651399, 1424.19042074005, 455.881193884247, 288.390875931716, 236.814947995618, 103.679686003333, 70.8815429968584, 38.5613648964539, 24.917706957706, 18.0212027211718, 15.122932121793, 13.342341821367, 9.0101339420715, 4.89760829371124, 2.16331067867602, 0.0000971615611504568, 0.00000628006938442005, -0.00000000000000951317102646479

Beginning fit attempt 5 of at maximum 15 extra tries

 Lowest minimum so far:  -486.477230936064

 Not all eigenvalues of Hessian are greater than 0: 3277.95940055613, 1424.19470098066, 455.883807955318, 288.392843800446, 236.819580317837, 103.682951293341, 70.88505192165, 38.561944979499, 24.9197219050714, 18.02044018418, 15.1224163191379, 13.3411165618491, 9.01539006922868, 4.89698511741383, 2.16314498441585, 0.0000356326414034557, 0.000000000000018954378135422, -0.00000664724202258003

Beginning fit attempt 6 of at maximum 15 extra tries

 Lowest minimum so far:  -486.477230936064

Solution found


Solution found!  Final fit=-486.47723 (started at -393.83023)  (7 attempt(s): 7 valid, 0 errors)

No missing time dependent predictors - TDPREDVAR and TDPREDMEANS fixed to observed moments for speed
transformedParams=TRUE and non positive DIFFUSION diagonal specified, setting to .00001.
Running ctsemCarefulFit with 18 parameters

Beginning initial fit attempt

 Lowest minimum so far:  -467.673111087775

Solution found


Solution found!  Final fit=-467.67311 (started at 92.156821)  (1 attempt(s): 1 valid, 0 errors)

Single subject dataset or Kalman objective specified - ignoring any specified between subject 
      variance matrices (TRAITVAR, T0TRAITEFFECT,MANIFESTTRAITVAR, TIPREDEFFECT, TIPREDVAR, TDTIPREDCOV, T0TIPREDEFFECT)
Running ctsemCarefulFit with 11 parameters

Beginning initial fit attempt

 Lowest minimum so far:  -138.198676577247

Solution found


Solution found!  Final fit=-138.19868 (started at 670.38459)  (1 attempt(s): 1 valid, 0 errors)

Begin carefulFit start value estimation for group g1
Begin carefulFit start value estimation for group g2

Beginning initial fit attempt

 Lowest minimum so far:  -137.708302938284

 OpenMx status code 6 not in list of acceptable status codes, (0,0)

Beginning fit attempt 1 of at maximum 15 extra tries

 Lowest minimum so far:  -137.708302947407

Solution found


Solution found!  Final fit=-137.7083 (started at 6166.5235)  (2 attempt(s): 2 valid, 0 errors)

T0VAR contained character labels - setting matrix to diagonal 0.00001
T0MEANS contained character labels - setting matrix to 0
MANIFESTMEANS contained character labels - setting matrix to 0
Discrete time points created:  200
imputedefs==FALSE (default, recommended) so setting observations with no time value to NA
Plotting rows 1, 
Single subject dataset or Kalman objective specified - ignoring any specified between subject 
      variance matrices (TRAITVAR, T0TRAITEFFECT,MANIFESTTRAITVAR, TIPREDEFFECT, TIPREDVAR, TDTIPREDCOV, T0TIPREDEFFECT)
transformedParams=TRUE and non positive DIFFUSION diagonal specified, setting to .00001.
Running ctsemCarefulFit with 7 parameters

Beginning initial fit attempt

 Lowest minimum so far:  744.589979137659

Solution found


Solution found!  Final fit=744.58998 (started at 1246.0788)  (1 attempt(s): 1 valid, 0 errors)

transformedParams=TRUE and non positive DIFFUSION diagonal specified, setting to .00001.
