Hmm ... looks like a package

This is pdfTeX, Version 3.14159265-2.6-1.40.17 (TeX Live 2016/Debian) (preloaded format=pdflatex)
 restricted \write18 enabled.
entering extended mode
LaTeX2e <2017/01/01> patch level 3
Babel <3.9r> and hyphenation patterns for 3 language(s) loaded.
(./Rd2.tex
(/usr/share/texlive/texmf-dist/tex/latex/base/book.cls
Document Class: book 2014/09/29 v1.4h Standard LaTeX document class
(/usr/share/texlive/texmf-dist/tex/latex/base/bk10.clo))
(/home/ben/r-devel/share/texmf/tex/latex/Rd.sty
(/usr/share/texlive/texmf-dist/tex/latex/base/ifthen.sty)
(/usr/share/texlive/texmf-dist/tex/latex/tools/longtable.sty)
(/usr/share/texlive/texmf-dist/tex/latex/tools/bm.sty)
(/usr/share/texlive/texmf-dist/tex/latex/base/alltt.sty)
(/usr/share/texlive/texmf-dist/tex/latex/tools/verbatim.sty)
(/usr/share/texlive/texmf-dist/tex/latex/url/url.sty)
(/usr/share/texlive/texmf-dist/tex/latex/base/textcomp.sty
(/usr/share/texlive/texmf-dist/tex/latex/base/ts1enc.def))
(/usr/share/texlive/texmf-dist/tex/latex/base/fontenc.sty
(/usr/share/texlive/texmf-dist/tex/latex/base/t1enc.def))
(/usr/share/texlive/texmf-dist/tex/latex/psnfss/times.sty)
(/usr/share/texlive/texmf-dist/tex/latex/inconsolata/zi4.sty
`inconsolata-zi4' v1.112, 2017/01/04 Text macros for Inconsolata (msharpe)
(/usr/share/texlive/texmf-dist/tex/latex/xkeyval/xkeyval.sty
(/usr/share/texlive/texmf-dist/tex/generic/xkeyval/xkeyval.tex
(/usr/share/texlive/texmf-dist/tex/generic/xkeyval/xkvutils.tex
(/usr/share/texlive/texmf-dist/tex/generic/xkeyval/keyval.tex)))))
(/usr/share/texlive/texmf-dist/tex/latex/graphics/color.sty
(/usr/share/texlive/texmf-dist/tex/latex/graphics-cfg/color.cfg)
(/usr/share/texlive/texmf-dist/tex/latex/graphics-def/pdftex.def
(/usr/share/texlive/texmf-dist/tex/generic/oberdiek/infwarerr.sty)
(/usr/share/texlive/texmf-dist/tex/generic/oberdiek/ltxcmds.sty)))
(/usr/share/texlive/texmf-dist/tex/latex/hyperref/hyperref.sty
(/usr/share/texlive/texmf-dist/tex/generic/oberdiek/hobsub-hyperref.sty
(/usr/share/texlive/texmf-dist/tex/generic/oberdiek/hobsub-generic.sty))
(/usr/share/texlive/texmf-dist/tex/generic/ifxetex/ifxetex.sty)
(/usr/share/texlive/texmf-dist/tex/latex/oberdiek/auxhook.sty)
(/usr/share/texlive/texmf-dist/tex/latex/oberdiek/kvoptions.sty)
(/usr/share/texlive/texmf-dist/tex/latex/hyperref/pd1enc.def)
(/usr/share/texlive/texmf-dist/tex/latex/latexconfig/hyperref.cfg))

Package hyperref Message: Driver (autodetected): hpdftex.

(/usr/share/texlive/texmf-dist/tex/latex/hyperref/hpdftex.def
(/usr/share/texlive/texmf-dist/tex/latex/oberdiek/rerunfilecheck.sty))

Package hyperref Warning: Option `hyperindex' has already been used,
(hyperref)                setting the option has no effect on input line 377.


Package hyperref Warning: Option `pagebackref' has already been used,
(hyperref)                setting the option has no effect on input line 377.

) (/usr/share/texlive/texmf-dist/tex/latex/base/makeidx.sty)
(/usr/share/texlive/texmf-dist/tex/latex/base/inputenc.sty
(/usr/share/texlive/texmf-dist/tex/latex/base/utf8.def
(/usr/share/texlive/texmf-dist/tex/latex/base/t1enc.dfu)
(/usr/share/texlive/texmf-dist/tex/latex/base/ot1enc.dfu)
(/usr/share/texlive/texmf-dist/tex/latex/base/omsenc.dfu)
(/usr/share/texlive/texmf-dist/tex/latex/base/ts1enc.dfu)))
Writing index file Rd2.idx
No file Rd2.aux.
(/usr/share/texlive/texmf-dist/tex/latex/base/ts1cmr.fd)
(/usr/share/texlive/texmf-dist/tex/latex/psnfss/t1ptm.fd)
(/usr/share/texlive/texmf-dist/tex/context/base/mkii/supp-pdf.mkii
[Loading MPS to PDF converter (version 2006.09.02).]
) (/usr/share/texlive/texmf-dist/tex/latex/hyperref/nameref.sty
(/usr/share/texlive/texmf-dist/tex/generic/oberdiek/gettitlestring.sty))
(/usr/share/texlive/texmf-dist/tex/latex/base/utf8.def)
(/usr/share/texlive/texmf-dist/tex/latex/inconsolata/t1zi4.fd)
(/usr/share/texlive/texmf-dist/tex/latex/psnfss/ts1ptm.fd) [1{/var/lib/texmf/fo
nts/map/pdftex/updmap/pdftex.map}]
(/usr/share/texlive/texmf-dist/tex/latex/psnfss/t1phv.fd)
(/usr/share/texlive/texmf-dist/tex/latex/base/utf8.def)
(/usr/share/texlive/texmf-dist/tex/latex/inconsolata/ts1zi4.fd)
Overfull \hbox (27.29858pt too wide) in paragraph at lines 71--72
[]\T1/ptm/m/n/10 ranef (con-di-tional mode) in-for-ma-tion from an lme4 fit, us
-ing \T1/zi4/m/n/10 ranef(.,condVar=TRUE) 
[2] (/usr/share/texlive/texmf-dist/tex/latex/base/utf8.def)
Overfull \hbox (12.14906pt too wide) in paragraph at lines 153--156
[]\T1/ptm/m/n/10 A char-ac-ter vec-tor in-clud-ing one or more of \T1/zi4/m/n/1
0 "fixed"\T1/ptm/m/n/10 , \T1/zi4/m/n/10 "ran_vals"\T1/ptm/m/n/10 , or \T1/zi4/
m/n/10 "ran_pars"\T1/ptm/m/n/10 .

Overfull \hbox (17.22844pt too wide) in paragraph at lines 164--168
[]\T1/ptm/m/n/10 Defines the range of the pos-te-rior un-cer-tainty conf.int, s
uch that \T1/zi4/m/n/10 100 * conf.level\T1/ptm/m/n/10 %
[3]
Overfull \hbox (0.80772pt too wide) in paragraph at lines 172--174
[]\T1/ptm/m/n/10 rename "In-ter-cept" pa-ram-e-ter to "(In-ter-cept)", to match
 be-haviour of other model
[4] (/usr/share/texlive/texmf-dist/tex/latex/base/utf8.def)
(/usr/share/texlive/texmf-dist/tex/latex/base/utf8.def) [5]
(/usr/share/texlive/texmf-dist/tex/latex/base/utf8.def) [6] [7]
(/usr/share/texlive/texmf-dist/tex/latex/base/utf8.def) [8]
Overfull \hbox (119.50922pt too wide) in paragraph at lines 488--492
\T1/ptm/m/n/10 within the model (of type \T1/zi4/m/n/10 lmResp\T1/ptm/m/n/10 , 
\T1/zi4/m/n/10 glmResp\T1/ptm/m/n/10 , \T1/zi4/m/n/10 nlsResp\T1/ptm/m/n/10 , e
tc). These in-clude \T1/zi4/m/n/10 ".mu",".offset",".sqrtXwt",".sqrtrwt",".eta"
\T1/ptm/m/n/10 . 
[9] (/usr/share/texlive/texmf-dist/tex/latex/base/utf8.def) [10] [11] [12]
(/usr/share/texlive/texmf-dist/tex/latex/base/utf8.def)
(/usr/share/texlive/texmf-dist/tex/latex/base/utf8.def) [13] [14]
Overfull \hbox (119.50922pt too wide) in paragraph at lines 799--803
\T1/ptm/m/n/10 within the model (of type \T1/zi4/m/n/10 lmResp\T1/ptm/m/n/10 , 
\T1/zi4/m/n/10 glmResp\T1/ptm/m/n/10 , \T1/zi4/m/n/10 nlsResp\T1/ptm/m/n/10 , e
tc). These in-clude \T1/zi4/m/n/10 ".mu",".offset",".sqrtXwt",".sqrtrwt",".eta"
\T1/ptm/m/n/10 . 
[15] (/usr/share/texlive/texmf-dist/tex/latex/base/utf8.def) [16] [17]
Overfull \hbox (15.7998pt too wide) in paragraph at lines 974--979
\T1/zi4/m/n/10 pipermail / r-[]help / 2006-[]May / 104744 . html$[][]\T1/ptm/m/
n/10 , "Mc-Cul-lagh & Nelder (1989) would
[18] (/usr/share/texlive/texmf-dist/tex/latex/base/utf8.def) [19]
(/usr/share/texlive/texmf-dist/tex/latex/base/utf8.def) [20]
(/usr/share/texlive/texmf-dist/tex/latex/base/utf8.def)
Overfull \hbox (12.14906pt too wide) in paragraph at lines 1143--1146
[]\T1/ptm/m/n/10 A char-ac-ter vec-tor in-clud-ing one or more of \T1/zi4/m/n/1
0 "fixed"\T1/ptm/m/n/10 , \T1/zi4/m/n/10 "ran_vals"\T1/ptm/m/n/10 , or \T1/zi4/
m/n/10 "ran_pars"\T1/ptm/m/n/10 .

Overfull \hbox (52.99869pt too wide) in paragraph at lines 1147--1150
\T1/zi4/m/n/10 100*prob\T1/ptm/m/n/10 % pos-te-rior un-cer-tainty in-ter-vals a
re in-cluded. See [][]\T1/zi4/m/n/10 posterior_interval.stanreg[][][]
[21]
Overfull \hbox (35.18788pt too wide) in paragraph at lines 1179--1186
\T1/ptm/m/n/10 For mod-els with group-specific pa-ram-e-ters (e.g., mod-els fit
 with [][]\T1/zi4/m/n/10 stan_glmer[][][]\T1/ptm/m/n/10 ), set-ting \T1/zi4/m/n
/10 effects="ran_vals"

Overfull \hbox (9.12782pt too wide) in paragraph at lines 1187--1194
\T1/zi4/m/n/10 effects="aux"\T1/ptm/m/n/10 , for [][]\T1/zi4/m/n/10 stan_lm[][]
[] \T1/ptm/m/n/10 the aux-il-iary pa-ram-e-ters in-clude the resid-ual SD, R^2,
 and log(fit_ratio),
[22] (/usr/share/texlive/texmf-dist/tex/latex/base/utf8.def) [23]
(/usr/share/texlive/texmf-dist/tex/latex/base/utf8.def) [24] [25]
Overfull \hbox (27.75328pt too wide) in paragraph at lines 1454--1454
 []   \T1/zi4/m/n/9 rstan_example <- readRDS(system.file("extdata", "rstan_exam
ple.rds", package = "broom.mixed"))[] 
[26]
Overfull \hbox (36.75328pt too wide) in paragraph at lines 1478--1478
 []   \T1/zi4/m/n/9 R2jags_example <- readRDS(system.file("extdata", "R2jags_ex
ample.rds", package = "broom.mixed"))[] 
(/usr/share/texlive/texmf-dist/tex/latex/base/utf8.def) [27]
(/usr/share/texlive/texmf-dist/tex/latex/base/utf8.def)
No file Rd2.ind.
[28] (/tmp/Rtmpkjfvsg/Rd2pdf2d7616a605ee/Rd2.aux)

Package rerunfilecheck Warning: File `Rd2.out' has changed.
(rerunfilecheck)                Rerun to get outlines right
(rerunfilecheck)                or use package `bookmark'.

 )
(see the transcript file for additional information)pdfTeX warning (dest): name
{Rfn.summary.stanreg} has been referenced but does not exist, replaced by a fix
ed one

pdfTeX warning (dest): name{Rfn.stan.Rul.lm} has been referenced but does not e
xist, replaced by a fixed one

pdfTeX warning (dest): name{Rfn.stan.Rul.glm} has been referenced but does not 
exist, replaced by a fixed one

pdfTeX warning (dest): name{Rfn.stan.Rul.glmer} has been referenced but does no
t exist, replaced by a fixed one

pdfTeX warning (dest): name{Rfn.print.stanreg} has been referenced but does not
 exist, replaced by a fixed one

pdfTeX warning (dest): name{Rfn.mad} has been referenced but does not exist, re
placed by a fixed one

pdfTeX warning (dest): name{Rfn.posterior.Rul.interval.stanreg} has been refere
nced but does not exist, replaced by a fixed one

pdfTeX warning (dest): name{Rfn.stanreg.Rdash.objects} has been referenced but 
does not exist, replaced by a fixed one

pdfTeX warning (dest): name{Rfn.paramNamesMCMCglmm} has been referenced but doe
s not exist, replaced by a fixed one

pdfTeX warning (dest): name{Rfn.coef.merMod} has been referenced but does not e
xist, replaced by a fixed one

pdfTeX warning (dest): name{Rfn.na.action} has been referenced but does not exi
st, replaced by a fixed one

pdfTeX warning (dest): name{Rfn.confint.merMod} has been referenced but does no
t exist, replaced by a fixed one

pdfTeX warning (dest): name{Rfn.brms} has been referenced but does not exist, r
eplaced by a fixed one

pdfTeX warning (dest): name{Rfn.loo.stanreg} has been referenced but does not e
xist, replaced by a fixed one

pdfTeX warning (dest): name{Rfn.brmsfit.Rdash.class} has been referenced but do
es not exist, replaced by a fixed one

pdfTeX warning (dest): name{Rfn.brmsfit.Rdash.objects} has been referenced but 
does not exist, replaced by a fixed one

{/usr/share/texlive/texmf-dist/fonts/enc/dvips/inconsolata/i4-ts1.enc}{/usr/sha
re/texlive/texmf-dist/fonts/enc/dvips/base/8r.enc}{/usr/share/texlive/texmf-dis
t/fonts/enc/dvips/inconsolata/i4-t1-0.enc}</usr/share/texlive/texmf-dist/fonts/
type1/public/inconsolata/Inconsolata-zi4r.pfb></usr/share/texlive/texmf-dist/fo
nts/type1/urw/helvetic/uhvr8a.pfb></usr/share/texlive/texmf-dist/fonts/type1/ur
w/times/utmb8a.pfb></usr/share/texlive/texmf-dist/fonts/type1/urw/times/utmr8a.
pfb></usr/share/texlive/texmf-dist/fonts/type1/urw/times/utmr8a.pfb></usr/share
/texlive/texmf-dist/fonts/type1/urw/times/utmri8a.pfb>
Output written on Rd2.pdf (28 pages, 140856 bytes).
Transcript written on Rd2.log.
This is pdfTeX, Version 3.14159265-2.6-1.40.17 (TeX Live 2016/Debian) (preloaded format=pdflatex)
 restricted \write18 enabled.
entering extended mode
LaTeX2e <2017/01/01> patch level 3
Babel <3.9r> and hyphenation patterns for 3 language(s) loaded.
(./Rd2.tex
(/usr/share/texlive/texmf-dist/tex/latex/base/book.cls
Document Class: book 2014/09/29 v1.4h Standard LaTeX document class
(/usr/share/texlive/texmf-dist/tex/latex/base/bk10.clo))
(/home/ben/r-devel/share/texmf/tex/latex/Rd.sty
(/usr/share/texlive/texmf-dist/tex/latex/base/ifthen.sty)
(/usr/share/texlive/texmf-dist/tex/latex/tools/longtable.sty)
(/usr/share/texlive/texmf-dist/tex/latex/tools/bm.sty)
(/usr/share/texlive/texmf-dist/tex/latex/base/alltt.sty)
(/usr/share/texlive/texmf-dist/tex/latex/tools/verbatim.sty)
(/usr/share/texlive/texmf-dist/tex/latex/url/url.sty)
(/usr/share/texlive/texmf-dist/tex/latex/base/textcomp.sty
(/usr/share/texlive/texmf-dist/tex/latex/base/ts1enc.def))
(/usr/share/texlive/texmf-dist/tex/latex/base/fontenc.sty
(/usr/share/texlive/texmf-dist/tex/latex/base/t1enc.def))
(/usr/share/texlive/texmf-dist/tex/latex/psnfss/times.sty)
(/usr/share/texlive/texmf-dist/tex/latex/inconsolata/zi4.sty
`inconsolata-zi4' v1.112, 2017/01/04 Text macros for Inconsolata (msharpe)
(/usr/share/texlive/texmf-dist/tex/latex/xkeyval/xkeyval.sty
(/usr/share/texlive/texmf-dist/tex/generic/xkeyval/xkeyval.tex
(/usr/share/texlive/texmf-dist/tex/generic/xkeyval/xkvutils.tex
(/usr/share/texlive/texmf-dist/tex/generic/xkeyval/keyval.tex)))))
(/usr/share/texlive/texmf-dist/tex/latex/graphics/color.sty
(/usr/share/texlive/texmf-dist/tex/latex/graphics-cfg/color.cfg)
(/usr/share/texlive/texmf-dist/tex/latex/graphics-def/pdftex.def
(/usr/share/texlive/texmf-dist/tex/generic/oberdiek/infwarerr.sty)
(/usr/share/texlive/texmf-dist/tex/generic/oberdiek/ltxcmds.sty)))
(/usr/share/texlive/texmf-dist/tex/latex/hyperref/hyperref.sty
(/usr/share/texlive/texmf-dist/tex/generic/oberdiek/hobsub-hyperref.sty
(/usr/share/texlive/texmf-dist/tex/generic/oberdiek/hobsub-generic.sty))
(/usr/share/texlive/texmf-dist/tex/generic/ifxetex/ifxetex.sty)
(/usr/share/texlive/texmf-dist/tex/latex/oberdiek/auxhook.sty)
(/usr/share/texlive/texmf-dist/tex/latex/oberdiek/kvoptions.sty)
(/usr/share/texlive/texmf-dist/tex/latex/hyperref/pd1enc.def)
(/usr/share/texlive/texmf-dist/tex/latex/latexconfig/hyperref.cfg))

Package hyperref Message: Driver (autodetected): hpdftex.

(/usr/share/texlive/texmf-dist/tex/latex/hyperref/hpdftex.def
(/usr/share/texlive/texmf-dist/tex/latex/oberdiek/rerunfilecheck.sty))

Package hyperref Warning: Option `hyperindex' has already been used,
(hyperref)                setting the option has no effect on input line 377.


Package hyperref Warning: Option `pagebackref' has already been used,
(hyperref)                setting the option has no effect on input line 377.

) (/usr/share/texlive/texmf-dist/tex/latex/base/makeidx.sty)
(/usr/share/texlive/texmf-dist/tex/latex/base/inputenc.sty
(/usr/share/texlive/texmf-dist/tex/latex/base/utf8.def
(/usr/share/texlive/texmf-dist/tex/latex/base/t1enc.dfu)
(/usr/share/texlive/texmf-dist/tex/latex/base/ot1enc.dfu)
(/usr/share/texlive/texmf-dist/tex/latex/base/omsenc.dfu)
(/usr/share/texlive/texmf-dist/tex/latex/base/ts1enc.dfu)))
Writing index file Rd2.idx
(/tmp/Rtmpkjfvsg/Rd2pdf2d7616a605ee/Rd2.aux)
(/usr/share/texlive/texmf-dist/tex/latex/base/ts1cmr.fd)
(/usr/share/texlive/texmf-dist/tex/latex/psnfss/t1ptm.fd)
(/usr/share/texlive/texmf-dist/tex/context/base/mkii/supp-pdf.mkii
[Loading MPS to PDF converter (version 2006.09.02).]
) (/usr/share/texlive/texmf-dist/tex/latex/hyperref/nameref.sty
(/usr/share/texlive/texmf-dist/tex/generic/oberdiek/gettitlestring.sty))
(/tmp/Rtmpkjfvsg/Rd2pdf2d7616a605ee/Rd2.out)
(/tmp/Rtmpkjfvsg/Rd2pdf2d7616a605ee/Rd2.out)
(/usr/share/texlive/texmf-dist/tex/latex/base/utf8.def)
(/usr/share/texlive/texmf-dist/tex/latex/inconsolata/t1zi4.fd)
(/usr/share/texlive/texmf-dist/tex/latex/psnfss/ts1ptm.fd) [1{/var/lib/texmf/fo
nts/map/pdftex/updmap/pdftex.map}]
(/usr/share/texlive/texmf-dist/tex/latex/psnfss/t1phv.fd)
(/tmp/Rtmpkjfvsg/Rd2pdf2d7616a605ee/Rd2.toc)
(/usr/share/texlive/texmf-dist/tex/latex/base/utf8.def)
(/usr/share/texlive/texmf-dist/tex/latex/inconsolata/ts1zi4.fd)
Overfull \hbox (27.29858pt too wide) in paragraph at lines 71--72
[]\T1/ptm/m/n/10 ranef (con-di-tional mode) in-for-ma-tion from an lme4 fit, us
-ing \T1/zi4/m/n/10 ranef(.,condVar=TRUE) 
[2] (/usr/share/texlive/texmf-dist/tex/latex/base/utf8.def) [3]
Overfull \hbox (12.14906pt too wide) in paragraph at lines 153--156
[]\T1/ptm/m/n/10 A char-ac-ter vec-tor in-clud-ing one or more of \T1/zi4/m/n/1
0 "fixed"\T1/ptm/m/n/10 , \T1/zi4/m/n/10 "ran_vals"\T1/ptm/m/n/10 , or \T1/zi4/
m/n/10 "ran_pars"\T1/ptm/m/n/10 .

Overfull \hbox (17.22844pt too wide) in paragraph at lines 164--168
[]\T1/ptm/m/n/10 Defines the range of the pos-te-rior un-cer-tainty conf.int, s
uch that \T1/zi4/m/n/10 100 * conf.level\T1/ptm/m/n/10 %

Overfull \hbox (0.80772pt too wide) in paragraph at lines 172--174
[]\T1/ptm/m/n/10 rename "In-ter-cept" pa-ram-e-ter to "(In-ter-cept)", to match
 be-haviour of other model
[4] (/usr/share/texlive/texmf-dist/tex/latex/base/utf8.def) [5]
(/usr/share/texlive/texmf-dist/tex/latex/base/utf8.def) [6]
(/usr/share/texlive/texmf-dist/tex/latex/base/utf8.def) [7]
(/usr/share/texlive/texmf-dist/tex/latex/base/utf8.def) [8]
Overfull \hbox (119.50922pt too wide) in paragraph at lines 488--492
\T1/ptm/m/n/10 within the model (of type \T1/zi4/m/n/10 lmResp\T1/ptm/m/n/10 , 
\T1/zi4/m/n/10 glmResp\T1/ptm/m/n/10 , \T1/zi4/m/n/10 nlsResp\T1/ptm/m/n/10 , e
tc). These in-clude \T1/zi4/m/n/10 ".mu",".offset",".sqrtXwt",".sqrtrwt",".eta"
\T1/ptm/m/n/10 . 
[9] (/usr/share/texlive/texmf-dist/tex/latex/base/utf8.def) [10] [11] [12]
(/usr/share/texlive/texmf-dist/tex/latex/base/utf8.def)
(/usr/share/texlive/texmf-dist/tex/latex/base/utf8.def) [13] [14]
Overfull \hbox (119.50922pt too wide) in paragraph at lines 799--803
\T1/ptm/m/n/10 within the model (of type \T1/zi4/m/n/10 lmResp\T1/ptm/m/n/10 , 
\T1/zi4/m/n/10 glmResp\T1/ptm/m/n/10 , \T1/zi4/m/n/10 nlsResp\T1/ptm/m/n/10 , e
tc). These in-clude \T1/zi4/m/n/10 ".mu",".offset",".sqrtXwt",".sqrtrwt",".eta"
\T1/ptm/m/n/10 . 
[15] [16] (/usr/share/texlive/texmf-dist/tex/latex/base/utf8.def) [17] [18]
Overfull \hbox (15.7998pt too wide) in paragraph at lines 974--979
\T1/zi4/m/n/10 pipermail / r-[]help / 2006-[]May / 104744 . html$[][]\T1/ptm/m/
n/10 , "Mc-Cul-lagh & Nelder (1989) would
(/usr/share/texlive/texmf-dist/tex/latex/base/utf8.def) [19]
(/usr/share/texlive/texmf-dist/tex/latex/base/utf8.def) [20]
(/usr/share/texlive/texmf-dist/tex/latex/base/utf8.def) [21]
Overfull \hbox (12.14906pt too wide) in paragraph at lines 1143--1146
[]\T1/ptm/m/n/10 A char-ac-ter vec-tor in-clud-ing one or more of \T1/zi4/m/n/1
0 "fixed"\T1/ptm/m/n/10 , \T1/zi4/m/n/10 "ran_vals"\T1/ptm/m/n/10 , or \T1/zi4/
m/n/10 "ran_pars"\T1/ptm/m/n/10 .

Overfull \hbox (52.99869pt too wide) in paragraph at lines 1147--1150
\T1/zi4/m/n/10 100*prob\T1/ptm/m/n/10 % pos-te-rior un-cer-tainty in-ter-vals a
re in-cluded. See [][]\T1/zi4/m/n/10 posterior_interval.stanreg[][][]

Overfull \hbox (35.18788pt too wide) in paragraph at lines 1179--1186
\T1/ptm/m/n/10 For mod-els with group-specific pa-ram-e-ters (e.g., mod-els fit
 with [][]\T1/zi4/m/n/10 stan_glmer[][][]\T1/ptm/m/n/10 ), set-ting \T1/zi4/m/n
/10 effects="ran_vals"

Overfull \hbox (9.12782pt too wide) in paragraph at lines 1187--1194
\T1/zi4/m/n/10 effects="aux"\T1/ptm/m/n/10 , for [][]\T1/zi4/m/n/10 stan_lm[][]
[] \T1/ptm/m/n/10 the aux-il-iary pa-ram-e-ters in-clude the resid-ual SD, R^2,
 and log(fit_ratio),
[22] (/usr/share/texlive/texmf-dist/tex/latex/base/utf8.def) [23] [24]
(/usr/share/texlive/texmf-dist/tex/latex/base/utf8.def) [25] [26]
Overfull \hbox (27.75328pt too wide) in paragraph at lines 1454--1454
 []   \T1/zi4/m/n/9 rstan_example <- readRDS(system.file("extdata", "rstan_exam
ple.rds", package = "broom.mixed"))[] 

Overfull \hbox (36.75328pt too wide) in paragraph at lines 1478--1478
 []   \T1/zi4/m/n/9 R2jags_example <- readRDS(system.file("extdata", "R2jags_ex
ample.rds", package = "broom.mixed"))[] 

Underfull \vbox (badness 10000) has occurred while \output is active [27]
(/usr/share/texlive/texmf-dist/tex/latex/base/utf8.def)
(/usr/share/texlive/texmf-dist/tex/latex/base/utf8.def) [28]
No file Rd2.ind.
[29] (/tmp/Rtmpkjfvsg/Rd2pdf2d7616a605ee/Rd2.aux) )
(see the transcript file for additional information)pdfTeX warning (dest): name
{Rfn.summary.stanreg} has been referenced but does not exist, replaced by a fix
ed one

pdfTeX warning (dest): name{Rfn.stan.Rul.lm} has been referenced but does not e
xist, replaced by a fixed one

pdfTeX warning (dest): name{Rfn.stan.Rul.glm} has been referenced but does not 
exist, replaced by a fixed one

pdfTeX warning (dest): name{Rfn.stan.Rul.glmer} has been referenced but does no
t exist, replaced by a fixed one

pdfTeX warning (dest): name{Rfn.print.stanreg} has been referenced but does not
 exist, replaced by a fixed one

pdfTeX warning (dest): name{Rfn.mad} has been referenced but does not exist, re
placed by a fixed one

pdfTeX warning (dest): name{Rfn.posterior.Rul.interval.stanreg} has been refere
nced but does not exist, replaced by a fixed one

pdfTeX warning (dest): name{Rfn.stanreg.Rdash.objects} has been referenced but 
does not exist, replaced by a fixed one

pdfTeX warning (dest): name{Rfn.paramNamesMCMCglmm} has been referenced but doe
s not exist, replaced by a fixed one

pdfTeX warning (dest): name{Rfn.coef.merMod} has been referenced but does not e
xist, replaced by a fixed one

pdfTeX warning (dest): name{Rfn.na.action} has been referenced but does not exi
st, replaced by a fixed one

pdfTeX warning (dest): name{Rfn.confint.merMod} has been referenced but does no
t exist, replaced by a fixed one

pdfTeX warning (dest): name{Rfn.brms} has been referenced but does not exist, r
eplaced by a fixed one

pdfTeX warning (dest): name{Rfn.loo.stanreg} has been referenced but does not e
xist, replaced by a fixed one

pdfTeX warning (dest): name{Rfn.brmsfit.Rdash.class} has been referenced but do
es not exist, replaced by a fixed one

pdfTeX warning (dest): name{Rfn.brmsfit.Rdash.objects} has been referenced but 
does not exist, replaced by a fixed one

{/usr/share/texlive/texmf-dist/fonts/enc/dvips/inconsolata/i4-ts1.enc}{/usr/sha
re/texlive/texmf-dist/fonts/enc/dvips/base/8r.enc}{/usr/share/texlive/texmf-dis
t/fonts/enc/dvips/inconsolata/i4-t1-0.enc}</usr/share/texlive/texmf-dist/fonts/
type1/public/inconsolata/Inconsolata-zi4r.pfb></usr/share/texlive/texmf-dist/fo
nts/type1/urw/helvetic/uhvr8a.pfb></usr/share/texlive/texmf-dist/fonts/type1/ur
w/times/utmb8a.pfb></usr/share/texlive/texmf-dist/fonts/type1/urw/times/utmr8a.
pfb></usr/share/texlive/texmf-dist/fonts/type1/urw/times/utmr8a.pfb></usr/share
/texlive/texmf-dist/fonts/type1/urw/times/utmri8a.pfb>
Output written on Rd2.pdf (29 pages, 142263 bytes).
Transcript written on Rd2.log.
This is makeindex, version 2.15 [TeX Live 2016] (kpathsea + Thai support).
Scanning input file Rd2.idx....done (66 entries accepted, 5 rejected).
Sorting entries....done (425 comparisons).
Generating output file Rd2.ind....done (133 lines written, 0 warnings).
Output written in Rd2.ind.
Transcript written in Rd2.ilg.
This is pdfTeX, Version 3.14159265-2.6-1.40.17 (TeX Live 2016/Debian) (preloaded format=pdflatex)
 restricted \write18 enabled.
entering extended mode
LaTeX2e <2017/01/01> patch level 3
Babel <3.9r> and hyphenation patterns for 3 language(s) loaded.
(./Rd2.tex
(/usr/share/texlive/texmf-dist/tex/latex/base/book.cls
Document Class: book 2014/09/29 v1.4h Standard LaTeX document class
(/usr/share/texlive/texmf-dist/tex/latex/base/bk10.clo))
(/home/ben/r-devel/share/texmf/tex/latex/Rd.sty
(/usr/share/texlive/texmf-dist/tex/latex/base/ifthen.sty)
(/usr/share/texlive/texmf-dist/tex/latex/tools/longtable.sty)
(/usr/share/texlive/texmf-dist/tex/latex/tools/bm.sty)
(/usr/share/texlive/texmf-dist/tex/latex/base/alltt.sty)
(/usr/share/texlive/texmf-dist/tex/latex/tools/verbatim.sty)
(/usr/share/texlive/texmf-dist/tex/latex/url/url.sty)
(/usr/share/texlive/texmf-dist/tex/latex/base/textcomp.sty
(/usr/share/texlive/texmf-dist/tex/latex/base/ts1enc.def))
(/usr/share/texlive/texmf-dist/tex/latex/base/fontenc.sty
(/usr/share/texlive/texmf-dist/tex/latex/base/t1enc.def))
(/usr/share/texlive/texmf-dist/tex/latex/psnfss/times.sty)
(/usr/share/texlive/texmf-dist/tex/latex/inconsolata/zi4.sty
`inconsolata-zi4' v1.112, 2017/01/04 Text macros for Inconsolata (msharpe)
(/usr/share/texlive/texmf-dist/tex/latex/xkeyval/xkeyval.sty
(/usr/share/texlive/texmf-dist/tex/generic/xkeyval/xkeyval.tex
(/usr/share/texlive/texmf-dist/tex/generic/xkeyval/xkvutils.tex
(/usr/share/texlive/texmf-dist/tex/generic/xkeyval/keyval.tex)))))
(/usr/share/texlive/texmf-dist/tex/latex/graphics/color.sty
(/usr/share/texlive/texmf-dist/tex/latex/graphics-cfg/color.cfg)
(/usr/share/texlive/texmf-dist/tex/latex/graphics-def/pdftex.def
(/usr/share/texlive/texmf-dist/tex/generic/oberdiek/infwarerr.sty)
(/usr/share/texlive/texmf-dist/tex/generic/oberdiek/ltxcmds.sty)))
(/usr/share/texlive/texmf-dist/tex/latex/hyperref/hyperref.sty
(/usr/share/texlive/texmf-dist/tex/generic/oberdiek/hobsub-hyperref.sty
(/usr/share/texlive/texmf-dist/tex/generic/oberdiek/hobsub-generic.sty))
(/usr/share/texlive/texmf-dist/tex/generic/ifxetex/ifxetex.sty)
(/usr/share/texlive/texmf-dist/tex/latex/oberdiek/auxhook.sty)
(/usr/share/texlive/texmf-dist/tex/latex/oberdiek/kvoptions.sty)
(/usr/share/texlive/texmf-dist/tex/latex/hyperref/pd1enc.def)
(/usr/share/texlive/texmf-dist/tex/latex/latexconfig/hyperref.cfg))

Package hyperref Message: Driver (autodetected): hpdftex.

(/usr/share/texlive/texmf-dist/tex/latex/hyperref/hpdftex.def
(/usr/share/texlive/texmf-dist/tex/latex/oberdiek/rerunfilecheck.sty))

Package hyperref Warning: Option `hyperindex' has already been used,
(hyperref)                setting the option has no effect on input line 377.


Package hyperref Warning: Option `pagebackref' has already been used,
(hyperref)                setting the option has no effect on input line 377.

) (/usr/share/texlive/texmf-dist/tex/latex/base/makeidx.sty)
(/usr/share/texlive/texmf-dist/tex/latex/base/inputenc.sty
(/usr/share/texlive/texmf-dist/tex/latex/base/utf8.def
(/usr/share/texlive/texmf-dist/tex/latex/base/t1enc.dfu)
(/usr/share/texlive/texmf-dist/tex/latex/base/ot1enc.dfu)
(/usr/share/texlive/texmf-dist/tex/latex/base/omsenc.dfu)
(/usr/share/texlive/texmf-dist/tex/latex/base/ts1enc.dfu)))
Writing index file Rd2.idx
(/tmp/Rtmpkjfvsg/Rd2pdf2d7616a605ee/Rd2.aux)
(/usr/share/texlive/texmf-dist/tex/latex/base/ts1cmr.fd)
(/usr/share/texlive/texmf-dist/tex/latex/psnfss/t1ptm.fd)
(/usr/share/texlive/texmf-dist/tex/context/base/mkii/supp-pdf.mkii
[Loading MPS to PDF converter (version 2006.09.02).]
) (/usr/share/texlive/texmf-dist/tex/latex/hyperref/nameref.sty
(/usr/share/texlive/texmf-dist/tex/generic/oberdiek/gettitlestring.sty))
(/tmp/Rtmpkjfvsg/Rd2pdf2d7616a605ee/Rd2.out)
(/tmp/Rtmpkjfvsg/Rd2pdf2d7616a605ee/Rd2.out)
(/usr/share/texlive/texmf-dist/tex/latex/base/utf8.def)
(/usr/share/texlive/texmf-dist/tex/latex/inconsolata/t1zi4.fd)
(/usr/share/texlive/texmf-dist/tex/latex/psnfss/ts1ptm.fd) [1{/var/lib/texmf/fo
nts/map/pdftex/updmap/pdftex.map}]
(/usr/share/texlive/texmf-dist/tex/latex/psnfss/t1phv.fd)
(/tmp/Rtmpkjfvsg/Rd2pdf2d7616a605ee/Rd2.toc)
(/usr/share/texlive/texmf-dist/tex/latex/base/utf8.def)
(/usr/share/texlive/texmf-dist/tex/latex/inconsolata/ts1zi4.fd)
Overfull \hbox (27.29858pt too wide) in paragraph at lines 71--72
[]\T1/ptm/m/n/10 ranef (con-di-tional mode) in-for-ma-tion from an lme4 fit, us
-ing \T1/zi4/m/n/10 ranef(.,condVar=TRUE) 
[2] (/usr/share/texlive/texmf-dist/tex/latex/base/utf8.def) [3]
Overfull \hbox (12.14906pt too wide) in paragraph at lines 153--156
[]\T1/ptm/m/n/10 A char-ac-ter vec-tor in-clud-ing one or more of \T1/zi4/m/n/1
0 "fixed"\T1/ptm/m/n/10 , \T1/zi4/m/n/10 "ran_vals"\T1/ptm/m/n/10 , or \T1/zi4/
m/n/10 "ran_pars"\T1/ptm/m/n/10 .

Overfull \hbox (17.22844pt too wide) in paragraph at lines 164--168
[]\T1/ptm/m/n/10 Defines the range of the pos-te-rior un-cer-tainty conf.int, s
uch that \T1/zi4/m/n/10 100 * conf.level\T1/ptm/m/n/10 %

Overfull \hbox (0.80772pt too wide) in paragraph at lines 172--174
[]\T1/ptm/m/n/10 rename "In-ter-cept" pa-ram-e-ter to "(In-ter-cept)", to match
 be-haviour of other model
[4] (/usr/share/texlive/texmf-dist/tex/latex/base/utf8.def) [5]
(/usr/share/texlive/texmf-dist/tex/latex/base/utf8.def) [6]
(/usr/share/texlive/texmf-dist/tex/latex/base/utf8.def) [7]
(/usr/share/texlive/texmf-dist/tex/latex/base/utf8.def) [8]
Overfull \hbox (119.50922pt too wide) in paragraph at lines 488--492
\T1/ptm/m/n/10 within the model (of type \T1/zi4/m/n/10 lmResp\T1/ptm/m/n/10 , 
\T1/zi4/m/n/10 glmResp\T1/ptm/m/n/10 , \T1/zi4/m/n/10 nlsResp\T1/ptm/m/n/10 , e
tc). These in-clude \T1/zi4/m/n/10 ".mu",".offset",".sqrtXwt",".sqrtrwt",".eta"
\T1/ptm/m/n/10 . 
[9] (/usr/share/texlive/texmf-dist/tex/latex/base/utf8.def) [10] [11] [12]
(/usr/share/texlive/texmf-dist/tex/latex/base/utf8.def)
(/usr/share/texlive/texmf-dist/tex/latex/base/utf8.def) [13] [14]
Overfull \hbox (119.50922pt too wide) in paragraph at lines 799--803
\T1/ptm/m/n/10 within the model (of type \T1/zi4/m/n/10 lmResp\T1/ptm/m/n/10 , 
\T1/zi4/m/n/10 glmResp\T1/ptm/m/n/10 , \T1/zi4/m/n/10 nlsResp\T1/ptm/m/n/10 , e
tc). These in-clude \T1/zi4/m/n/10 ".mu",".offset",".sqrtXwt",".sqrtrwt",".eta"
\T1/ptm/m/n/10 . 
[15] [16] (/usr/share/texlive/texmf-dist/tex/latex/base/utf8.def) [17] [18]
Overfull \hbox (15.7998pt too wide) in paragraph at lines 974--979
\T1/zi4/m/n/10 pipermail / r-[]help / 2006-[]May / 104744 . html$[][]\T1/ptm/m/
n/10 , "Mc-Cul-lagh & Nelder (1989) would
(/usr/share/texlive/texmf-dist/tex/latex/base/utf8.def) [19]
(/usr/share/texlive/texmf-dist/tex/latex/base/utf8.def) [20]
(/usr/share/texlive/texmf-dist/tex/latex/base/utf8.def) [21]
Overfull \hbox (12.14906pt too wide) in paragraph at lines 1143--1146
[]\T1/ptm/m/n/10 A char-ac-ter vec-tor in-clud-ing one or more of \T1/zi4/m/n/1
0 "fixed"\T1/ptm/m/n/10 , \T1/zi4/m/n/10 "ran_vals"\T1/ptm/m/n/10 , or \T1/zi4/
m/n/10 "ran_pars"\T1/ptm/m/n/10 .

Overfull \hbox (52.99869pt too wide) in paragraph at lines 1147--1150
\T1/zi4/m/n/10 100*prob\T1/ptm/m/n/10 % pos-te-rior un-cer-tainty in-ter-vals a
re in-cluded. See [][]\T1/zi4/m/n/10 posterior_interval.stanreg[][][]

Overfull \hbox (35.18788pt too wide) in paragraph at lines 1179--1186
\T1/ptm/m/n/10 For mod-els with group-specific pa-ram-e-ters (e.g., mod-els fit
 with [][]\T1/zi4/m/n/10 stan_glmer[][][]\T1/ptm/m/n/10 ), set-ting \T1/zi4/m/n
/10 effects="ran_vals"

Overfull \hbox (9.12782pt too wide) in paragraph at lines 1187--1194
\T1/zi4/m/n/10 effects="aux"\T1/ptm/m/n/10 , for [][]\T1/zi4/m/n/10 stan_lm[][]
[] \T1/ptm/m/n/10 the aux-il-iary pa-ram-e-ters in-clude the resid-ual SD, R^2,
 and log(fit_ratio),
[22] (/usr/share/texlive/texmf-dist/tex/latex/base/utf8.def) [23] [24]
(/usr/share/texlive/texmf-dist/tex/latex/base/utf8.def) [25] [26]
Overfull \hbox (27.75328pt too wide) in paragraph at lines 1454--1454
 []   \T1/zi4/m/n/9 rstan_example <- readRDS(system.file("extdata", "rstan_exam
ple.rds", package = "broom.mixed"))[] 

Overfull \hbox (36.75328pt too wide) in paragraph at lines 1478--1478
 []   \T1/zi4/m/n/9 R2jags_example <- readRDS(system.file("extdata", "R2jags_ex
ample.rds", package = "broom.mixed"))[] 

Underfull \vbox (badness 10000) has occurred while \output is active [27]
(/usr/share/texlive/texmf-dist/tex/latex/base/utf8.def)
(/usr/share/texlive/texmf-dist/tex/latex/base/utf8.def) [28]
(/tmp/Rtmpkjfvsg/Rd2pdf2d7616a605ee/Rd2.ind [29]

LaTeX Font Warning: Font shape `T1/zi4/m/it' undefined
(Font)              using `T1/zi4/m/n' instead on input line 3.

[30]) (/tmp/Rtmpkjfvsg/Rd2pdf2d7616a605ee/Rd2.aux)

Package rerunfilecheck Warning: File `Rd2.out' has changed.
(rerunfilecheck)                Rerun to get outlines right
(rerunfilecheck)                or use package `bookmark'.


LaTeX Font Warning: Some font shapes were not available, defaults substituted.

 )
(see the transcript file for additional information)pdfTeX warning (dest): name
{Rfn.summary.stanreg} has been referenced but does not exist, replaced by a fix
ed one

pdfTeX warning (dest): name{Rfn.stan.Rul.lm} has been referenced but does not e
xist, replaced by a fixed one

pdfTeX warning (dest): name{Rfn.stan.Rul.glm} has been referenced but does not 
exist, replaced by a fixed one

pdfTeX warning (dest): name{Rfn.stan.Rul.glmer} has been referenced but does no
t exist, replaced by a fixed one

pdfTeX warning (dest): name{Rfn.print.stanreg} has been referenced but does not
 exist, replaced by a fixed one

pdfTeX warning (dest): name{Rfn.mad} has been referenced but does not exist, re
placed by a fixed one

pdfTeX warning (dest): name{Rfn.posterior.Rul.interval.stanreg} has been refere
nced but does not exist, replaced by a fixed one

pdfTeX warning (dest): name{Rfn.stanreg.Rdash.objects} has been referenced but 
does not exist, replaced by a fixed one

pdfTeX warning (dest): name{Rfn.paramNamesMCMCglmm} has been referenced but doe
s not exist, replaced by a fixed one

pdfTeX warning (dest): name{Rfn.coef.merMod} has been referenced but does not e
xist, replaced by a fixed one

pdfTeX warning (dest): name{Rfn.na.action} has been referenced but does not exi
st, replaced by a fixed one

pdfTeX warning (dest): name{Rfn.confint.merMod} has been referenced but does no
t exist, replaced by a fixed one

pdfTeX warning (dest): name{Rfn.brms} has been referenced but does not exist, r
eplaced by a fixed one

pdfTeX warning (dest): name{Rfn.loo.stanreg} has been referenced but does not e
xist, replaced by a fixed one

pdfTeX warning (dest): name{Rfn.brmsfit.Rdash.class} has been referenced but do
es not exist, replaced by a fixed one

pdfTeX warning (dest): name{Rfn.brmsfit.Rdash.objects} has been referenced but 
does not exist, replaced by a fixed one

{/usr/share/texlive/texmf-dist/fonts/enc/dvips/inconsolata/i4-ts1.enc}{/usr/sha
re/texlive/texmf-dist/fonts/enc/dvips/base/8r.enc}{/usr/share/texlive/texmf-dis
t/fonts/enc/dvips/inconsolata/i4-t1-0.enc}</usr/share/texlive/texmf-dist/fonts/
type1/public/inconsolata/Inconsolata-zi4r.pfb></usr/share/texlive/texmf-dist/fo
nts/type1/urw/helvetic/uhvr8a.pfb></usr/share/texlive/texmf-dist/fonts/type1/ur
w/times/utmb8a.pfb></usr/share/texlive/texmf-dist/fonts/type1/urw/times/utmr8a.
pfb></usr/share/texlive/texmf-dist/fonts/type1/urw/times/utmr8a.pfb></usr/share
/texlive/texmf-dist/fonts/type1/urw/times/utmri8a.pfb>
Output written on Rd2.pdf (30 pages, 146788 bytes).
Transcript written on Rd2.log.
This is makeindex, version 2.15 [TeX Live 2016] (kpathsea + Thai support).
Scanning input file Rd2.idx....done (66 entries accepted, 5 rejected).
Sorting entries....done (425 comparisons).
Generating output file Rd2.ind....done (133 lines written, 0 warnings).
Output written in Rd2.ind.
Transcript written in Rd2.ilg.
This is pdfTeX, Version 3.14159265-2.6-1.40.17 (TeX Live 2016/Debian) (preloaded format=pdflatex)
 restricted \write18 enabled.
entering extended mode
LaTeX2e <2017/01/01> patch level 3
Babel <3.9r> and hyphenation patterns for 3 language(s) loaded.
(./Rd2.tex
(/usr/share/texlive/texmf-dist/tex/latex/base/book.cls
Document Class: book 2014/09/29 v1.4h Standard LaTeX document class
(/usr/share/texlive/texmf-dist/tex/latex/base/bk10.clo))
(/home/ben/r-devel/share/texmf/tex/latex/Rd.sty
(/usr/share/texlive/texmf-dist/tex/latex/base/ifthen.sty)
(/usr/share/texlive/texmf-dist/tex/latex/tools/longtable.sty)
(/usr/share/texlive/texmf-dist/tex/latex/tools/bm.sty)
(/usr/share/texlive/texmf-dist/tex/latex/base/alltt.sty)
(/usr/share/texlive/texmf-dist/tex/latex/tools/verbatim.sty)
(/usr/share/texlive/texmf-dist/tex/latex/url/url.sty)
(/usr/share/texlive/texmf-dist/tex/latex/base/textcomp.sty
(/usr/share/texlive/texmf-dist/tex/latex/base/ts1enc.def))
(/usr/share/texlive/texmf-dist/tex/latex/base/fontenc.sty
(/usr/share/texlive/texmf-dist/tex/latex/base/t1enc.def))
(/usr/share/texlive/texmf-dist/tex/latex/psnfss/times.sty)
(/usr/share/texlive/texmf-dist/tex/latex/inconsolata/zi4.sty
`inconsolata-zi4' v1.112, 2017/01/04 Text macros for Inconsolata (msharpe)
(/usr/share/texlive/texmf-dist/tex/latex/xkeyval/xkeyval.sty
(/usr/share/texlive/texmf-dist/tex/generic/xkeyval/xkeyval.tex
(/usr/share/texlive/texmf-dist/tex/generic/xkeyval/xkvutils.tex
(/usr/share/texlive/texmf-dist/tex/generic/xkeyval/keyval.tex)))))
(/usr/share/texlive/texmf-dist/tex/latex/graphics/color.sty
(/usr/share/texlive/texmf-dist/tex/latex/graphics-cfg/color.cfg)
(/usr/share/texlive/texmf-dist/tex/latex/graphics-def/pdftex.def
(/usr/share/texlive/texmf-dist/tex/generic/oberdiek/infwarerr.sty)
(/usr/share/texlive/texmf-dist/tex/generic/oberdiek/ltxcmds.sty)))
(/usr/share/texlive/texmf-dist/tex/latex/hyperref/hyperref.sty
(/usr/share/texlive/texmf-dist/tex/generic/oberdiek/hobsub-hyperref.sty
(/usr/share/texlive/texmf-dist/tex/generic/oberdiek/hobsub-generic.sty))
(/usr/share/texlive/texmf-dist/tex/generic/ifxetex/ifxetex.sty)
(/usr/share/texlive/texmf-dist/tex/latex/oberdiek/auxhook.sty)
(/usr/share/texlive/texmf-dist/tex/latex/oberdiek/kvoptions.sty)
(/usr/share/texlive/texmf-dist/tex/latex/hyperref/pd1enc.def)
(/usr/share/texlive/texmf-dist/tex/latex/latexconfig/hyperref.cfg))

Package hyperref Message: Driver (autodetected): hpdftex.

(/usr/share/texlive/texmf-dist/tex/latex/hyperref/hpdftex.def
(/usr/share/texlive/texmf-dist/tex/latex/oberdiek/rerunfilecheck.sty))

Package hyperref Warning: Option `hyperindex' has already been used,
(hyperref)                setting the option has no effect on input line 377.


Package hyperref Warning: Option `pagebackref' has already been used,
(hyperref)                setting the option has no effect on input line 377.

) (/usr/share/texlive/texmf-dist/tex/latex/base/makeidx.sty)
(/usr/share/texlive/texmf-dist/tex/latex/base/inputenc.sty
(/usr/share/texlive/texmf-dist/tex/latex/base/utf8.def
(/usr/share/texlive/texmf-dist/tex/latex/base/t1enc.dfu)
(/usr/share/texlive/texmf-dist/tex/latex/base/ot1enc.dfu)
(/usr/share/texlive/texmf-dist/tex/latex/base/omsenc.dfu)
(/usr/share/texlive/texmf-dist/tex/latex/base/ts1enc.dfu)))
Writing index file Rd2.idx
(/tmp/Rtmpkjfvsg/Rd2pdf2d7616a605ee/Rd2.aux)
(/usr/share/texlive/texmf-dist/tex/latex/base/ts1cmr.fd)
(/usr/share/texlive/texmf-dist/tex/latex/psnfss/t1ptm.fd)
(/usr/share/texlive/texmf-dist/tex/context/base/mkii/supp-pdf.mkii
[Loading MPS to PDF converter (version 2006.09.02).]
) (/usr/share/texlive/texmf-dist/tex/latex/hyperref/nameref.sty
(/usr/share/texlive/texmf-dist/tex/generic/oberdiek/gettitlestring.sty))
(/tmp/Rtmpkjfvsg/Rd2pdf2d7616a605ee/Rd2.out)
(/tmp/Rtmpkjfvsg/Rd2pdf2d7616a605ee/Rd2.out)
(/usr/share/texlive/texmf-dist/tex/latex/base/utf8.def)
(/usr/share/texlive/texmf-dist/tex/latex/inconsolata/t1zi4.fd)
(/usr/share/texlive/texmf-dist/tex/latex/psnfss/ts1ptm.fd) [1{/var/lib/texmf/fo
nts/map/pdftex/updmap/pdftex.map}]
(/usr/share/texlive/texmf-dist/tex/latex/psnfss/t1phv.fd)
(/tmp/Rtmpkjfvsg/Rd2pdf2d7616a605ee/Rd2.toc)
(/usr/share/texlive/texmf-dist/tex/latex/base/utf8.def)
(/usr/share/texlive/texmf-dist/tex/latex/inconsolata/ts1zi4.fd)
Overfull \hbox (27.29858pt too wide) in paragraph at lines 71--72
[]\T1/ptm/m/n/10 ranef (con-di-tional mode) in-for-ma-tion from an lme4 fit, us
-ing \T1/zi4/m/n/10 ranef(.,condVar=TRUE) 
[2] (/usr/share/texlive/texmf-dist/tex/latex/base/utf8.def) [3]
Overfull \hbox (12.14906pt too wide) in paragraph at lines 153--156
[]\T1/ptm/m/n/10 A char-ac-ter vec-tor in-clud-ing one or more of \T1/zi4/m/n/1
0 "fixed"\T1/ptm/m/n/10 , \T1/zi4/m/n/10 "ran_vals"\T1/ptm/m/n/10 , or \T1/zi4/
m/n/10 "ran_pars"\T1/ptm/m/n/10 .

Overfull \hbox (17.22844pt too wide) in paragraph at lines 164--168
[]\T1/ptm/m/n/10 Defines the range of the pos-te-rior un-cer-tainty conf.int, s
uch that \T1/zi4/m/n/10 100 * conf.level\T1/ptm/m/n/10 %

Overfull \hbox (0.80772pt too wide) in paragraph at lines 172--174
[]\T1/ptm/m/n/10 rename "In-ter-cept" pa-ram-e-ter to "(In-ter-cept)", to match
 be-haviour of other model
[4] (/usr/share/texlive/texmf-dist/tex/latex/base/utf8.def) [5]
(/usr/share/texlive/texmf-dist/tex/latex/base/utf8.def) [6]
(/usr/share/texlive/texmf-dist/tex/latex/base/utf8.def) [7]
(/usr/share/texlive/texmf-dist/tex/latex/base/utf8.def) [8]
Overfull \hbox (119.50922pt too wide) in paragraph at lines 488--492
\T1/ptm/m/n/10 within the model (of type \T1/zi4/m/n/10 lmResp\T1/ptm/m/n/10 , 
\T1/zi4/m/n/10 glmResp\T1/ptm/m/n/10 , \T1/zi4/m/n/10 nlsResp\T1/ptm/m/n/10 , e
tc). These in-clude \T1/zi4/m/n/10 ".mu",".offset",".sqrtXwt",".sqrtrwt",".eta"
\T1/ptm/m/n/10 . 
[9] (/usr/share/texlive/texmf-dist/tex/latex/base/utf8.def) [10] [11] [12]
(/usr/share/texlive/texmf-dist/tex/latex/base/utf8.def)
(/usr/share/texlive/texmf-dist/tex/latex/base/utf8.def) [13] [14]
Overfull \hbox (119.50922pt too wide) in paragraph at lines 799--803
\T1/ptm/m/n/10 within the model (of type \T1/zi4/m/n/10 lmResp\T1/ptm/m/n/10 , 
\T1/zi4/m/n/10 glmResp\T1/ptm/m/n/10 , \T1/zi4/m/n/10 nlsResp\T1/ptm/m/n/10 , e
tc). These in-clude \T1/zi4/m/n/10 ".mu",".offset",".sqrtXwt",".sqrtrwt",".eta"
\T1/ptm/m/n/10 . 
[15] [16] (/usr/share/texlive/texmf-dist/tex/latex/base/utf8.def) [17] [18]
Overfull \hbox (15.7998pt too wide) in paragraph at lines 974--979
\T1/zi4/m/n/10 pipermail / r-[]help / 2006-[]May / 104744 . html$[][]\T1/ptm/m/
n/10 , "Mc-Cul-lagh & Nelder (1989) would
(/usr/share/texlive/texmf-dist/tex/latex/base/utf8.def) [19]
(/usr/share/texlive/texmf-dist/tex/latex/base/utf8.def) [20]
(/usr/share/texlive/texmf-dist/tex/latex/base/utf8.def) [21]
Overfull \hbox (12.14906pt too wide) in paragraph at lines 1143--1146
[]\T1/ptm/m/n/10 A char-ac-ter vec-tor in-clud-ing one or more of \T1/zi4/m/n/1
0 "fixed"\T1/ptm/m/n/10 , \T1/zi4/m/n/10 "ran_vals"\T1/ptm/m/n/10 , or \T1/zi4/
m/n/10 "ran_pars"\T1/ptm/m/n/10 .

Overfull \hbox (52.99869pt too wide) in paragraph at lines 1147--1150
\T1/zi4/m/n/10 100*prob\T1/ptm/m/n/10 % pos-te-rior un-cer-tainty in-ter-vals a
re in-cluded. See [][]\T1/zi4/m/n/10 posterior_interval.stanreg[][][]

Overfull \hbox (35.18788pt too wide) in paragraph at lines 1179--1186
\T1/ptm/m/n/10 For mod-els with group-specific pa-ram-e-ters (e.g., mod-els fit
 with [][]\T1/zi4/m/n/10 stan_glmer[][][]\T1/ptm/m/n/10 ), set-ting \T1/zi4/m/n
/10 effects="ran_vals"

Overfull \hbox (9.12782pt too wide) in paragraph at lines 1187--1194
\T1/zi4/m/n/10 effects="aux"\T1/ptm/m/n/10 , for [][]\T1/zi4/m/n/10 stan_lm[][]
[] \T1/ptm/m/n/10 the aux-il-iary pa-ram-e-ters in-clude the resid-ual SD, R^2,
 and log(fit_ratio),
[22] (/usr/share/texlive/texmf-dist/tex/latex/base/utf8.def) [23] [24]
(/usr/share/texlive/texmf-dist/tex/latex/base/utf8.def) [25] [26]
Overfull \hbox (27.75328pt too wide) in paragraph at lines 1454--1454
 []   \T1/zi4/m/n/9 rstan_example <- readRDS(system.file("extdata", "rstan_exam
ple.rds", package = "broom.mixed"))[] 

Overfull \hbox (36.75328pt too wide) in paragraph at lines 1478--1478
 []   \T1/zi4/m/n/9 R2jags_example <- readRDS(system.file("extdata", "R2jags_ex
ample.rds", package = "broom.mixed"))[] 

Underfull \vbox (badness 10000) has occurred while \output is active [27]
(/usr/share/texlive/texmf-dist/tex/latex/base/utf8.def)
(/usr/share/texlive/texmf-dist/tex/latex/base/utf8.def) [28]
(/tmp/Rtmpkjfvsg/Rd2pdf2d7616a605ee/Rd2.ind [29]

LaTeX Font Warning: Font shape `T1/zi4/m/it' undefined
(Font)              using `T1/zi4/m/n' instead on input line 3.

[30]) (/tmp/Rtmpkjfvsg/Rd2pdf2d7616a605ee/Rd2.aux)

LaTeX Font Warning: Some font shapes were not available, defaults substituted.

 )
(see the transcript file for additional information)pdfTeX warning (dest): name
{Rfn.summary.stanreg} has been referenced but does not exist, replaced by a fix
ed one

pdfTeX warning (dest): name{Rfn.stan.Rul.lm} has been referenced but does not e
xist, replaced by a fixed one

pdfTeX warning (dest): name{Rfn.stan.Rul.glm} has been referenced but does not 
exist, replaced by a fixed one

pdfTeX warning (dest): name{Rfn.stan.Rul.glmer} has been referenced but does no
t exist, replaced by a fixed one

pdfTeX warning (dest): name{Rfn.print.stanreg} has been referenced but does not
 exist, replaced by a fixed one

pdfTeX warning (dest): name{Rfn.mad} has been referenced but does not exist, re
placed by a fixed one

pdfTeX warning (dest): name{Rfn.posterior.Rul.interval.stanreg} has been refere
nced but does not exist, replaced by a fixed one

pdfTeX warning (dest): name{Rfn.stanreg.Rdash.objects} has been referenced but 
does not exist, replaced by a fixed one

pdfTeX warning (dest): name{Rfn.paramNamesMCMCglmm} has been referenced but doe
s not exist, replaced by a fixed one

pdfTeX warning (dest): name{Rfn.coef.merMod} has been referenced but does not e
xist, replaced by a fixed one

pdfTeX warning (dest): name{Rfn.na.action} has been referenced but does not exi
st, replaced by a fixed one

pdfTeX warning (dest): name{Rfn.confint.merMod} has been referenced but does no
t exist, replaced by a fixed one

pdfTeX warning (dest): name{Rfn.brms} has been referenced but does not exist, r
eplaced by a fixed one

pdfTeX warning (dest): name{Rfn.loo.stanreg} has been referenced but does not e
xist, replaced by a fixed one

pdfTeX warning (dest): name{Rfn.brmsfit.Rdash.class} has been referenced but do
es not exist, replaced by a fixed one

pdfTeX warning (dest): name{Rfn.brmsfit.Rdash.objects} has been referenced but 
does not exist, replaced by a fixed one

{/usr/share/texlive/texmf-dist/fonts/enc/dvips/inconsolata/i4-ts1.enc}{/usr/sha
re/texlive/texmf-dist/fonts/enc/dvips/base/8r.enc}{/usr/share/texlive/texmf-dis
t/fonts/enc/dvips/inconsolata/i4-t1-0.enc}</usr/share/texlive/texmf-dist/fonts/
type1/public/inconsolata/Inconsolata-zi4r.pfb></usr/share/texlive/texmf-dist/fo
nts/type1/urw/helvetic/uhvr8a.pfb></usr/share/texlive/texmf-dist/fonts/type1/ur
w/times/utmb8a.pfb></usr/share/texlive/texmf-dist/fonts/type1/urw/times/utmr8a.
pfb></usr/share/texlive/texmf-dist/fonts/type1/urw/times/utmr8a.pfb></usr/share
/texlive/texmf-dist/fonts/type1/urw/times/utmri8a.pfb>
Output written on Rd2.pdf (30 pages, 147765 bytes).
Transcript written on Rd2.log.
Saving output to ‘broom.mixed-manual.pdf’ ...
Done
You may want to clean up by 'rm -Rf /tmp/Rtmpkjfvsg/Rd2pdf2d7616a605ee'
