This is pdfTeX, Version 3.14159265-2.6-1.40.17 (TeX Live 2016/Debian) (preloaded format=pdflatex 2018.9.24)  3 MAY 2019 04:11
entering extended mode
 restricted \write18 enabled.
 %&-line parsing enabled.
**\input ./Rd2.tex
(./Rd2.tex
(/usr/share/texlive/texmf-dist/tex/latex/base/book.cls
Document Class: book 2014/09/29 v1.4h Standard LaTeX document class
(/usr/share/texlive/texmf-dist/tex/latex/base/bk10.clo
File: bk10.clo 2014/09/29 v1.4h Standard LaTeX file (size option)
)
\c@part=\count79
\c@chapter=\count80
\c@section=\count81
\c@subsection=\count82
\c@subsubsection=\count83
\c@paragraph=\count84
\c@subparagraph=\count85
\c@figure=\count86
\c@table=\count87
\abovecaptionskip=\skip41
\belowcaptionskip=\skip42
\bibindent=\dimen102
)
(/home/ben/r-devel/share/texmf/tex/latex/Rd.sty
Package: Rd 

(/usr/share/texlive/texmf-dist/tex/latex/base/ifthen.sty
Package: ifthen 2014/09/29 v1.1c Standard LaTeX ifthen package (DPC)
)
(/usr/share/texlive/texmf-dist/tex/latex/tools/longtable.sty
Package: longtable 2014/10/28 v4.11 Multi-page Table package (DPC)
\LTleft=\skip43
\LTright=\skip44
\LTpre=\skip45
\LTpost=\skip46
\LTchunksize=\count88
\LTcapwidth=\dimen103
\LT@head=\box26
\LT@firsthead=\box27
\LT@foot=\box28
\LT@lastfoot=\box29
\LT@cols=\count89
\LT@rows=\count90
\c@LT@tables=\count91
\c@LT@chunks=\count92
\LT@p@ftn=\toks14
)
(/usr/share/texlive/texmf-dist/tex/latex/tools/bm.sty
Package: bm 2017/01/16 v1.2c Bold Symbol Support (DPC/FMi)
\symboldoperators=\mathgroup4
\symboldletters=\mathgroup5
\symboldsymbols=\mathgroup6
LaTeX Font Info:    Redeclaring math alphabet \mathbf on input line 141.
LaTeX Info: Redefining \bm on input line 207.
)
(/usr/share/texlive/texmf-dist/tex/latex/base/alltt.sty
Package: alltt 1997/06/16 v2.0g defines alltt environment
)
(/usr/share/texlive/texmf-dist/tex/latex/tools/verbatim.sty
Package: verbatim 2014/10/28 v1.5q LaTeX2e package for verbatim enhancements
\every@verbatim=\toks15
\verbatim@line=\toks16
\verbatim@in@stream=\read1
)
(/usr/share/texlive/texmf-dist/tex/latex/url/url.sty
\Urlmuskip=\muskip10
Package: url 2013/09/16  ver 3.4  Verb mode for urls, etc.
)
(/usr/share/texlive/texmf-dist/tex/latex/base/textcomp.sty
Package: textcomp 2017/02/22 v2.0g Standard LaTeX package
Package textcomp Info: Sub-encoding information:
(textcomp)               5 = only ISO-Adobe without \textcurrency
(textcomp)               4 = 5 + \texteuro
(textcomp)               3 = 4 + \textohm
(textcomp)               2 = 3 + \textestimated + \textcurrency
(textcomp)               1 = TS1 - \textcircled - \t
(textcomp)               0 = TS1 (full)
(textcomp)             Font families with sub-encoding setting implement
(textcomp)             only a restricted character set as indicated.
(textcomp)             Family '?' is the default used for unknown fonts.
(textcomp)             See the documentation for details.
Package textcomp Info: Setting ? sub-encoding to TS1/1 on input line 79.

(/usr/share/texlive/texmf-dist/tex/latex/base/ts1enc.def
File: ts1enc.def 2001/06/05 v3.0e (jk/car/fm) Standard LaTeX file
)
LaTeX Info: Redefining \oldstylenums on input line 334.
Package textcomp Info: Setting cmr sub-encoding to TS1/0 on input line 349.
Package textcomp Info: Setting cmss sub-encoding to TS1/0 on input line 350.
Package textcomp Info: Setting cmtt sub-encoding to TS1/0 on input line 351.
Package textcomp Info: Setting cmvtt sub-encoding to TS1/0 on input line 352.
Package textcomp Info: Setting cmbr sub-encoding to TS1/0 on input line 353.
Package textcomp Info: Setting cmtl sub-encoding to TS1/0 on input line 354.
Package textcomp Info: Setting ccr sub-encoding to TS1/0 on input line 355.
Package textcomp Info: Setting ptm sub-encoding to TS1/4 on input line 356.
Package textcomp Info: Setting pcr sub-encoding to TS1/4 on input line 357.
Package textcomp Info: Setting phv sub-encoding to TS1/4 on input line 358.
Package textcomp Info: Setting ppl sub-encoding to TS1/3 on input line 359.
Package textcomp Info: Setting pag sub-encoding to TS1/4 on input line 360.
Package textcomp Info: Setting pbk sub-encoding to TS1/4 on input line 361.
Package textcomp Info: Setting pnc sub-encoding to TS1/4 on input line 362.
Package textcomp Info: Setting pzc sub-encoding to TS1/4 on input line 363.
Package textcomp Info: Setting bch sub-encoding to TS1/4 on input line 364.
Package textcomp Info: Setting put sub-encoding to TS1/5 on input line 365.
Package textcomp Info: Setting uag sub-encoding to TS1/5 on input line 366.
Package textcomp Info: Setting ugq sub-encoding to TS1/5 on input line 367.
Package textcomp Info: Setting ul8 sub-encoding to TS1/4 on input line 368.
Package textcomp Info: Setting ul9 sub-encoding to TS1/4 on input line 369.
Package textcomp Info: Setting augie sub-encoding to TS1/5 on input line 370.
Package textcomp Info: Setting dayrom sub-encoding to TS1/3 on input line 371.
Package textcomp Info: Setting dayroms sub-encoding to TS1/3 on input line 372.

Package textcomp Info: Setting pxr sub-encoding to TS1/0 on input line 373.
Package textcomp Info: Setting pxss sub-encoding to TS1/0 on input line 374.
Package textcomp Info: Setting pxtt sub-encoding to TS1/0 on input line 375.
Package textcomp Info: Setting txr sub-encoding to TS1/0 on input line 376.
Package textcomp Info: Setting txss sub-encoding to TS1/0 on input line 377.
Package textcomp Info: Setting txtt sub-encoding to TS1/0 on input line 378.
Package textcomp Info: Setting lmr sub-encoding to TS1/0 on input line 379.
Package textcomp Info: Setting lmdh sub-encoding to TS1/0 on input line 380.
Package textcomp Info: Setting lmss sub-encoding to TS1/0 on input line 381.
Package textcomp Info: Setting lmssq sub-encoding to TS1/0 on input line 382.
Package textcomp Info: Setting lmvtt sub-encoding to TS1/0 on input line 383.
Package textcomp Info: Setting lmtt sub-encoding to TS1/0 on input line 384.
Package textcomp Info: Setting qhv sub-encoding to TS1/0 on input line 385.
Package textcomp Info: Setting qag sub-encoding to TS1/0 on input line 386.
Package textcomp Info: Setting qbk sub-encoding to TS1/0 on input line 387.
Package textcomp Info: Setting qcr sub-encoding to TS1/0 on input line 388.
Package textcomp Info: Setting qcs sub-encoding to TS1/0 on input line 389.
Package textcomp Info: Setting qpl sub-encoding to TS1/0 on input line 390.
Package textcomp Info: Setting qtm sub-encoding to TS1/0 on input line 391.
Package textcomp Info: Setting qzc sub-encoding to TS1/0 on input line 392.
Package textcomp Info: Setting qhvc sub-encoding to TS1/0 on input line 393.
Package textcomp Info: Setting futs sub-encoding to TS1/4 on input line 394.
Package textcomp Info: Setting futx sub-encoding to TS1/4 on input line 395.
Package textcomp Info: Setting futj sub-encoding to TS1/4 on input line 396.
Package textcomp Info: Setting hlh sub-encoding to TS1/3 on input line 397.
Package textcomp Info: Setting hls sub-encoding to TS1/3 on input line 398.
Package textcomp Info: Setting hlst sub-encoding to TS1/3 on input line 399.
Package textcomp Info: Setting hlct sub-encoding to TS1/5 on input line 400.
Package textcomp Info: Setting hlx sub-encoding to TS1/5 on input line 401.
Package textcomp Info: Setting hlce sub-encoding to TS1/5 on input line 402.
Package textcomp Info: Setting hlcn sub-encoding to TS1/5 on input line 403.
Package textcomp Info: Setting hlcw sub-encoding to TS1/5 on input line 404.
Package textcomp Info: Setting hlcf sub-encoding to TS1/5 on input line 405.
Package textcomp Info: Setting pplx sub-encoding to TS1/3 on input line 406.
Package textcomp Info: Setting pplj sub-encoding to TS1/3 on input line 407.
Package textcomp Info: Setting ptmx sub-encoding to TS1/4 on input line 408.
Package textcomp Info: Setting ptmj sub-encoding to TS1/4 on input line 409.
)
\ldescriptionwidth=\skip47

(/usr/share/texlive/texmf-dist/tex/latex/base/fontenc.sty
Package: fontenc 2017/02/22 v2.0g Standard LaTeX package

(/usr/share/texlive/texmf-dist/tex/latex/base/t1enc.def
File: t1enc.def 2017/02/22 v2.0g Standard LaTeX file
LaTeX Font Info:    Redeclaring font encoding T1 on input line 48.
))
(/usr/share/texlive/texmf-dist/tex/latex/psnfss/times.sty
Package: times 2005/04/12 PSNFSS-v9.2a (SPQR) 
)
(/usr/share/texlive/texmf-dist/tex/latex/inconsolata/zi4.sty
Package: zi4 2017/01/04 v1.112

`inconsolata-zi4' v1.112, 2017/01/04 Text macros for Inconsolata (msharpe)
(/usr/share/texlive/texmf-dist/tex/latex/xkeyval/xkeyval.sty
Package: xkeyval 2014/12/03 v2.7a package option processing (HA)

(/usr/share/texlive/texmf-dist/tex/generic/xkeyval/xkeyval.tex
(/usr/share/texlive/texmf-dist/tex/generic/xkeyval/xkvutils.tex
\XKV@toks=\toks17
\XKV@tempa@toks=\toks18

(/usr/share/texlive/texmf-dist/tex/generic/xkeyval/keyval.tex))
\XKV@depth=\count93
File: xkeyval.tex 2014/12/03 v2.7a key=value parser (HA)
))
\zifour@ocount=\count94
)
(/usr/share/texlive/texmf-dist/tex/latex/graphics/color.sty
Package: color 2016/07/10 v1.1e Standard LaTeX Color (DPC)

(/usr/share/texlive/texmf-dist/tex/latex/graphics-cfg/color.cfg
File: color.cfg 2016/01/02 v1.6 sample color configuration
)
Package color Info: Driver file: pdftex.def on input line 147.

(/usr/share/texlive/texmf-dist/tex/latex/graphics-def/pdftex.def
File: pdftex.def 2017/01/12 v0.06k Graphics/color for pdfTeX

(/usr/share/texlive/texmf-dist/tex/generic/oberdiek/infwarerr.sty
Package: infwarerr 2016/05/16 v1.4 Providing info/warning/error messages (HO)
)
(/usr/share/texlive/texmf-dist/tex/generic/oberdiek/ltxcmds.sty
Package: ltxcmds 2016/05/16 v1.23 LaTeX kernel commands for general use (HO)
)
\Gread@gobject=\count95
))
(/usr/share/texlive/texmf-dist/tex/latex/hyperref/hyperref.sty
Package: hyperref 2016/06/24 v6.83q Hypertext links for LaTeX

(/usr/share/texlive/texmf-dist/tex/generic/oberdiek/hobsub-hyperref.sty
Package: hobsub-hyperref 2016/05/16 v1.14 Bundle oberdiek, subset hyperref (HO)


(/usr/share/texlive/texmf-dist/tex/generic/oberdiek/hobsub-generic.sty
Package: hobsub-generic 2016/05/16 v1.14 Bundle oberdiek, subset generic (HO)
Package: hobsub 2016/05/16 v1.14 Construct package bundles (HO)
Package hobsub Info: Skipping package `infwarerr' (already loaded).
Package hobsub Info: Skipping package `ltxcmds' (already loaded).
Package: ifluatex 2016/05/16 v1.4 Provides the ifluatex switch (HO)
Package ifluatex Info: LuaTeX not detected.
Package: ifvtex 2016/05/16 v1.6 Detect VTeX and its facilities (HO)
Package ifvtex Info: VTeX not detected.
Package: intcalc 2016/05/16 v1.2 Expandable calculations with integers (HO)
Package: ifpdf 2016/05/14 v3.1 Provides the ifpdf switch
Package: etexcmds 2016/05/16 v1.6 Avoid name clashes with e-TeX commands (HO)
Package etexcmds Info: Could not find \expanded.
(etexcmds)             That can mean that you are not using pdfTeX 1.50 or
(etexcmds)             that some package has redefined \expanded.
(etexcmds)             In the latter case, load this package earlier.
Package: kvsetkeys 2016/05/16 v1.17 Key value parser (HO)
Package: kvdefinekeys 2016/05/16 v1.4 Define keys (HO)
Package: pdftexcmds 2016/05/21 v0.22 Utility functions of pdfTeX for LuaTeX (HO
)
Package pdftexcmds Info: LuaTeX not detected.
Package pdftexcmds Info: \pdf@primitive is available.
Package pdftexcmds Info: \pdf@ifprimitive is available.
Package pdftexcmds Info: \pdfdraftmode found.
Package: pdfescape 2016/05/16 v1.14 Implements pdfTeX's escape features (HO)
Package: bigintcalc 2016/05/16 v1.4 Expandable calculations on big integers (HO
)
Package: bitset 2016/05/16 v1.2 Handle bit-vector datatype (HO)
Package: uniquecounter 2016/05/16 v1.3 Provide unlimited unique counter (HO)
)
Package hobsub Info: Skipping package `hobsub' (already loaded).
Package: letltxmacro 2016/05/16 v1.5 Let assignment for LaTeX macros (HO)
Package: hopatch 2016/05/16 v1.3 Wrapper for package hooks (HO)
Package: xcolor-patch 2016/05/16 xcolor patch
Package: atveryend 2016/05/16 v1.9 Hooks at the very end of document (HO)
Package atveryend Info: \enddocument detected (standard20110627).
Package: atbegshi 2016/06/09 v1.18 At begin shipout hook (HO)
Package: refcount 2016/05/16 v3.5 Data extraction from label references (HO)
Package: hycolor 2016/05/16 v1.8 Color options for hyperref/bookmark (HO)
)
(/usr/share/texlive/texmf-dist/tex/generic/ifxetex/ifxetex.sty
Package: ifxetex 2010/09/12 v0.6 Provides ifxetex conditional
)
(/usr/share/texlive/texmf-dist/tex/latex/oberdiek/auxhook.sty
Package: auxhook 2016/05/16 v1.4 Hooks for auxiliary files (HO)
)
(/usr/share/texlive/texmf-dist/tex/latex/oberdiek/kvoptions.sty
Package: kvoptions 2016/05/16 v3.12 Key value format for package options (HO)
)
\@linkdim=\dimen104
\Hy@linkcounter=\count96
\Hy@pagecounter=\count97

(/usr/share/texlive/texmf-dist/tex/latex/hyperref/pd1enc.def
File: pd1enc.def 2016/06/24 v6.83q Hyperref: PDFDocEncoding definition (HO)
)
\Hy@SavedSpaceFactor=\count98

(/usr/share/texlive/texmf-dist/tex/latex/latexconfig/hyperref.cfg
File: hyperref.cfg 2002/06/06 v1.2 hyperref configuration of TeXLive
)
Package hyperref Info: Hyper figures OFF on input line 4486.
Package hyperref Info: Link nesting OFF on input line 4491.
Package hyperref Info: Hyper index ON on input line 4494.
Package hyperref Info: Plain pages OFF on input line 4501.
Package hyperref Info: Backreferencing OFF on input line 4506.
Package hyperref Info: Implicit mode ON; LaTeX internals redefined.
Package hyperref Info: Bookmarks ON on input line 4735.
\c@Hy@tempcnt=\count99
LaTeX Info: Redefining \url on input line 5088.
\XeTeXLinkMargin=\dimen105
\Fld@menulength=\count100
\Field@Width=\dimen106
\Fld@charsize=\dimen107
Package hyperref Info: Hyper figures OFF on input line 6342.
Package hyperref Info: Link nesting OFF on input line 6347.
Package hyperref Info: Hyper index ON on input line 6350.
Package hyperref Info: backreferencing OFF on input line 6357.
Package hyperref Info: Link coloring OFF on input line 6362.
Package hyperref Info: Link coloring with OCG OFF on input line 6367.
Package hyperref Info: PDF/A mode OFF on input line 6372.
LaTeX Info: Redefining \ref on input line 6412.
LaTeX Info: Redefining \pageref on input line 6416.
\Hy@abspage=\count101
\c@Item=\count102
\c@Hfootnote=\count103
)

Package hyperref Message: Driver (autodetected): hpdftex.

(/usr/share/texlive/texmf-dist/tex/latex/hyperref/hpdftex.def
File: hpdftex.def 2016/06/24 v6.83q Hyperref driver for pdfTeX
\Fld@listcount=\count104
\c@bookmark@seq@number=\count105

(/usr/share/texlive/texmf-dist/tex/latex/oberdiek/rerunfilecheck.sty
Package: rerunfilecheck 2016/05/16 v1.8 Rerun checks for auxiliary files (HO)
Package uniquecounter Info: New unique counter `rerunfilecheck' on input line 2
82.
)
\Hy@SectionHShift=\skip48
)

Package hyperref Warning: Option `hyperindex' has already been used,
(hyperref)                setting the option has no effect on input line 377.

Package hyperref Info: Option `colorlinks' set `true' on input line 377.

Package hyperref Warning: Option `pagebackref' has already been used,
(hyperref)                setting the option has no effect on input line 377.

Package hyperref Info: Option `linktocpage' set `true' on input line 377.
Package hyperref Info: Option `plainpages' set `false' on input line 377.
) (/usr/share/texlive/texmf-dist/tex/latex/base/makeidx.sty
Package: makeidx 2014/09/29 v1.0m Standard LaTeX package
)
(/usr/share/texlive/texmf-dist/tex/latex/base/inputenc.sty
Package: inputenc 2015/03/17 v1.2c Input encoding file
\inpenc@prehook=\toks19
\inpenc@posthook=\toks20

(/usr/share/texlive/texmf-dist/tex/latex/base/utf8.def
File: utf8.def 2017/01/28 v1.1t UTF-8 support for inputenc
Now handling font encoding OML ...
... no UTF-8 mapping file for font encoding OML
Now handling font encoding T1 ...
... processing UTF-8 mapping file for font encoding T1

(/usr/share/texlive/texmf-dist/tex/latex/base/t1enc.dfu
File: t1enc.dfu 2017/01/28 v1.1t UTF-8 support for inputenc
   defining Unicode char U+00A0 (decimal 160)
   defining Unicode char U+00A1 (decimal 161)
   defining Unicode char U+00A3 (decimal 163)
   defining Unicode char U+00AB (decimal 171)
   defining Unicode char U+00AD (decimal 173)
   defining Unicode char U+00BB (decimal 187)
   defining Unicode char U+00BF (decimal 191)
   defining Unicode char U+00C0 (decimal 192)
   defining Unicode char U+00C1 (decimal 193)
   defining Unicode char U+00C2 (decimal 194)
   defining Unicode char U+00C3 (decimal 195)
   defining Unicode char U+00C4 (decimal 196)
   defining Unicode char U+00C5 (decimal 197)
   defining Unicode char U+00C6 (decimal 198)
   defining Unicode char U+00C7 (decimal 199)
   defining Unicode char U+00C8 (decimal 200)
   defining Unicode char U+00C9 (decimal 201)
   defining Unicode char U+00CA (decimal 202)
   defining Unicode char U+00CB (decimal 203)
   defining Unicode char U+00CC (decimal 204)
   defining Unicode char U+00CD (decimal 205)
   defining Unicode char U+00CE (decimal 206)
   defining Unicode char U+00CF (decimal 207)
   defining Unicode char U+00D0 (decimal 208)
   defining Unicode char U+00D1 (decimal 209)
   defining Unicode char U+00D2 (decimal 210)
   defining Unicode char U+00D3 (decimal 211)
   defining Unicode char U+00D4 (decimal 212)
   defining Unicode char U+00D5 (decimal 213)
   defining Unicode char U+00D6 (decimal 214)
   defining Unicode char U+00D8 (decimal 216)
   defining Unicode char U+00D9 (decimal 217)
   defining Unicode char U+00DA (decimal 218)
   defining Unicode char U+00DB (decimal 219)
   defining Unicode char U+00DC (decimal 220)
   defining Unicode char U+00DD (decimal 221)
   defining Unicode char U+00DE (decimal 222)
   defining Unicode char U+00DF (decimal 223)
   defining Unicode char U+00E0 (decimal 224)
   defining Unicode char U+00E1 (decimal 225)
   defining Unicode char U+00E2 (decimal 226)
   defining Unicode char U+00E3 (decimal 227)
   defining Unicode char U+00E4 (decimal 228)
   defining Unicode char U+00E5 (decimal 229)
   defining Unicode char U+00E6 (decimal 230)
   defining Unicode char U+00E7 (decimal 231)
   defining Unicode char U+00E8 (decimal 232)
   defining Unicode char U+00E9 (decimal 233)
   defining Unicode char U+00EA (decimal 234)
   defining Unicode char U+00EB (decimal 235)
   defining Unicode char U+00EC (decimal 236)
   defining Unicode char U+00ED (decimal 237)
   defining Unicode char U+00EE (decimal 238)
   defining Unicode char U+00EF (decimal 239)
   defining Unicode char U+00F0 (decimal 240)
   defining Unicode char U+00F1 (decimal 241)
   defining Unicode char U+00F2 (decimal 242)
   defining Unicode char U+00F3 (decimal 243)
   defining Unicode char U+00F4 (decimal 244)
   defining Unicode char U+00F5 (decimal 245)
   defining Unicode char U+00F6 (decimal 246)
   defining Unicode char U+00F8 (decimal 248)
   defining Unicode char U+00F9 (decimal 249)
   defining Unicode char U+00FA (decimal 250)
   defining Unicode char U+00FB (decimal 251)
   defining Unicode char U+00FC (decimal 252)
   defining Unicode char U+00FD (decimal 253)
   defining Unicode char U+00FE (decimal 254)
   defining Unicode char U+00FF (decimal 255)
   defining Unicode char U+0100 (decimal 256)
   defining Unicode char U+0101 (decimal 257)
   defining Unicode char U+0102 (decimal 258)
   defining Unicode char U+0103 (decimal 259)
   defining Unicode char U+0104 (decimal 260)
   defining Unicode char U+0105 (decimal 261)
   defining Unicode char U+0106 (decimal 262)
   defining Unicode char U+0107 (decimal 263)
   defining Unicode char U+0108 (decimal 264)
   defining Unicode char U+0109 (decimal 265)
   defining Unicode char U+010A (decimal 266)
   defining Unicode char U+010B (decimal 267)
   defining Unicode char U+010C (decimal 268)
   defining Unicode char U+010D (decimal 269)
   defining Unicode char U+010E (decimal 270)
   defining Unicode char U+010F (decimal 271)
   defining Unicode char U+0110 (decimal 272)
   defining Unicode char U+0111 (decimal 273)
   defining Unicode char U+0112 (decimal 274)
   defining Unicode char U+0113 (decimal 275)
   defining Unicode char U+0114 (decimal 276)
   defining Unicode char U+0115 (decimal 277)
   defining Unicode char U+0116 (decimal 278)
   defining Unicode char U+0117 (decimal 279)
   defining Unicode char U+0118 (decimal 280)
   defining Unicode char U+0119 (decimal 281)
   defining Unicode char U+011A (decimal 282)
   defining Unicode char U+011B (decimal 283)
   defining Unicode char U+011C (decimal 284)
   defining Unicode char U+011D (decimal 285)
   defining Unicode char U+011E (decimal 286)
   defining Unicode char U+011F (decimal 287)
   defining Unicode char U+0120 (decimal 288)
   defining Unicode char U+0121 (decimal 289)
   defining Unicode char U+0122 (decimal 290)
   defining Unicode char U+0123 (decimal 291)
   defining Unicode char U+0124 (decimal 292)
   defining Unicode char U+0125 (decimal 293)
   defining Unicode char U+0128 (decimal 296)
   defining Unicode char U+0129 (decimal 297)
   defining Unicode char U+012A (decimal 298)
   defining Unicode char U+012B (decimal 299)
   defining Unicode char U+012C (decimal 300)
   defining Unicode char U+012D (decimal 301)
   defining Unicode char U+012E (decimal 302)
   defining Unicode char U+012F (decimal 303)
   defining Unicode char U+0130 (decimal 304)
   defining Unicode char U+0131 (decimal 305)
   defining Unicode char U+0132 (decimal 306)
   defining Unicode char U+0133 (decimal 307)
   defining Unicode char U+0134 (decimal 308)
   defining Unicode char U+0135 (decimal 309)
   defining Unicode char U+0136 (decimal 310)
   defining Unicode char U+0137 (decimal 311)
   defining Unicode char U+0139 (decimal 313)
   defining Unicode char U+013A (decimal 314)
   defining Unicode char U+013B (decimal 315)
   defining Unicode char U+013C (decimal 316)
   defining Unicode char U+013D (decimal 317)
   defining Unicode char U+013E (decimal 318)
   defining Unicode char U+0141 (decimal 321)
   defining Unicode char U+0142 (decimal 322)
   defining Unicode char U+0143 (decimal 323)
   defining Unicode char U+0144 (decimal 324)
   defining Unicode char U+0145 (decimal 325)
   defining Unicode char U+0146 (decimal 326)
   defining Unicode char U+0147 (decimal 327)
   defining Unicode char U+0148 (decimal 328)
   defining Unicode char U+014A (decimal 330)
   defining Unicode char U+014B (decimal 331)
   defining Unicode char U+014C (decimal 332)
   defining Unicode char U+014D (decimal 333)
   defining Unicode char U+014E (decimal 334)
   defining Unicode char U+014F (decimal 335)
   defining Unicode char U+0150 (decimal 336)
   defining Unicode char U+0151 (decimal 337)
   defining Unicode char U+0152 (decimal 338)
   defining Unicode char U+0153 (decimal 339)
   defining Unicode char U+0154 (decimal 340)
   defining Unicode char U+0155 (decimal 341)
   defining Unicode char U+0156 (decimal 342)
   defining Unicode char U+0157 (decimal 343)
   defining Unicode char U+0158 (decimal 344)
   defining Unicode char U+0159 (decimal 345)
   defining Unicode char U+015A (decimal 346)
   defining Unicode char U+015B (decimal 347)
   defining Unicode char U+015C (decimal 348)
   defining Unicode char U+015D (decimal 349)
   defining Unicode char U+015E (decimal 350)
   defining Unicode char U+015F (decimal 351)
   defining Unicode char U+0160 (decimal 352)
   defining Unicode char U+0161 (decimal 353)
   defining Unicode char U+0162 (decimal 354)
   defining Unicode char U+0163 (decimal 355)
   defining Unicode char U+0164 (decimal 356)
   defining Unicode char U+0165 (decimal 357)
   defining Unicode char U+0168 (decimal 360)
   defining Unicode char U+0169 (decimal 361)
   defining Unicode char U+016A (decimal 362)
   defining Unicode char U+016B (decimal 363)
   defining Unicode char U+016C (decimal 364)
   defining Unicode char U+016D (decimal 365)
   defining Unicode char U+016E (decimal 366)
   defining Unicode char U+016F (decimal 367)
   defining Unicode char U+0170 (decimal 368)
   defining Unicode char U+0171 (decimal 369)
   defining Unicode char U+0172 (decimal 370)
   defining Unicode char U+0173 (decimal 371)
   defining Unicode char U+0174 (decimal 372)
   defining Unicode char U+0175 (decimal 373)
   defining Unicode char U+0176 (decimal 374)
   defining Unicode char U+0177 (decimal 375)
   defining Unicode char U+0178 (decimal 376)
   defining Unicode char U+0179 (decimal 377)
   defining Unicode char U+017A (decimal 378)
   defining Unicode char U+017B (decimal 379)
   defining Unicode char U+017C (decimal 380)
   defining Unicode char U+017D (decimal 381)
   defining Unicode char U+017E (decimal 382)
   defining Unicode char U+01CD (decimal 461)
   defining Unicode char U+01CE (decimal 462)
   defining Unicode char U+01CF (decimal 463)
   defining Unicode char U+01D0 (decimal 464)
   defining Unicode char U+01D1 (decimal 465)
   defining Unicode char U+01D2 (decimal 466)
   defining Unicode char U+01D3 (decimal 467)
   defining Unicode char U+01D4 (decimal 468)
   defining Unicode char U+01E2 (decimal 482)
   defining Unicode char U+01E3 (decimal 483)
   defining Unicode char U+01E6 (decimal 486)
   defining Unicode char U+01E7 (decimal 487)
   defining Unicode char U+01E8 (decimal 488)
   defining Unicode char U+01E9 (decimal 489)
   defining Unicode char U+01EA (decimal 490)
   defining Unicode char U+01EB (decimal 491)
   defining Unicode char U+01F0 (decimal 496)
   defining Unicode char U+01F4 (decimal 500)
   defining Unicode char U+01F5 (decimal 501)
   defining Unicode char U+0218 (decimal 536)
   defining Unicode char U+0219 (decimal 537)
   defining Unicode char U+021A (decimal 538)
   defining Unicode char U+021B (decimal 539)
   defining Unicode char U+0232 (decimal 562)
   defining Unicode char U+0233 (decimal 563)
   defining Unicode char U+1E02 (decimal 7682)
   defining Unicode char U+1E03 (decimal 7683)
   defining Unicode char U+200C (decimal 8204)
   defining Unicode char U+2010 (decimal 8208)
   defining Unicode char U+2011 (decimal 8209)
   defining Unicode char U+2012 (decimal 8210)
   defining Unicode char U+2013 (decimal 8211)
   defining Unicode char U+2014 (decimal 8212)
   defining Unicode char U+2015 (decimal 8213)
   defining Unicode char U+2018 (decimal 8216)
   defining Unicode char U+2019 (decimal 8217)
   defining Unicode char U+201A (decimal 8218)
   defining Unicode char U+201C (decimal 8220)
   defining Unicode char U+201D (decimal 8221)
   defining Unicode char U+201E (decimal 8222)
   defining Unicode char U+2030 (decimal 8240)
   defining Unicode char U+2031 (decimal 8241)
   defining Unicode char U+2039 (decimal 8249)
   defining Unicode char U+203A (decimal 8250)
   defining Unicode char U+2423 (decimal 9251)
   defining Unicode char U+1E20 (decimal 7712)
   defining Unicode char U+1E21 (decimal 7713)
)
Now handling font encoding OT1 ...
... processing UTF-8 mapping file for font encoding OT1

(/usr/share/texlive/texmf-dist/tex/latex/base/ot1enc.dfu
File: ot1enc.dfu 2017/01/28 v1.1t UTF-8 support for inputenc
   defining Unicode char U+00A0 (decimal 160)
   defining Unicode char U+00A1 (decimal 161)
   defining Unicode char U+00A3 (decimal 163)
   defining Unicode char U+00AD (decimal 173)
   defining Unicode char U+00B8 (decimal 184)
   defining Unicode char U+00BF (decimal 191)
   defining Unicode char U+00C5 (decimal 197)
   defining Unicode char U+00C6 (decimal 198)
   defining Unicode char U+00D8 (decimal 216)
   defining Unicode char U+00DF (decimal 223)
   defining Unicode char U+00E6 (decimal 230)
   defining Unicode char U+00EC (decimal 236)
   defining Unicode char U+00ED (decimal 237)
   defining Unicode char U+00EE (decimal 238)
   defining Unicode char U+00EF (decimal 239)
   defining Unicode char U+00F8 (decimal 248)
   defining Unicode char U+0131 (decimal 305)
   defining Unicode char U+0141 (decimal 321)
   defining Unicode char U+0142 (decimal 322)
   defining Unicode char U+0152 (decimal 338)
   defining Unicode char U+0153 (decimal 339)
   defining Unicode char U+0174 (decimal 372)
   defining Unicode char U+0175 (decimal 373)
   defining Unicode char U+0176 (decimal 374)
   defining Unicode char U+0177 (decimal 375)
   defining Unicode char U+0218 (decimal 536)
   defining Unicode char U+0219 (decimal 537)
   defining Unicode char U+021A (decimal 538)
   defining Unicode char U+021B (decimal 539)
   defining Unicode char U+2013 (decimal 8211)
   defining Unicode char U+2014 (decimal 8212)
   defining Unicode char U+2018 (decimal 8216)
   defining Unicode char U+2019 (decimal 8217)
   defining Unicode char U+201C (decimal 8220)
   defining Unicode char U+201D (decimal 8221)
)
Now handling font encoding OMS ...
... processing UTF-8 mapping file for font encoding OMS

(/usr/share/texlive/texmf-dist/tex/latex/base/omsenc.dfu
File: omsenc.dfu 2017/01/28 v1.1t UTF-8 support for inputenc
   defining Unicode char U+00A7 (decimal 167)
   defining Unicode char U+00B6 (decimal 182)
   defining Unicode char U+00B7 (decimal 183)
   defining Unicode char U+2020 (decimal 8224)
   defining Unicode char U+2021 (decimal 8225)
   defining Unicode char U+2022 (decimal 8226)
)
Now handling font encoding OMX ...
... no UTF-8 mapping file for font encoding OMX
Now handling font encoding U ...
... no UTF-8 mapping file for font encoding U
Now handling font encoding TS1 ...
... processing UTF-8 mapping file for font encoding TS1

(/usr/share/texlive/texmf-dist/tex/latex/base/ts1enc.dfu
File: ts1enc.dfu 2017/01/28 v1.1t UTF-8 support for inputenc
   defining Unicode char U+00A2 (decimal 162)
   defining Unicode char U+00A3 (decimal 163)
   defining Unicode char U+00A4 (decimal 164)
   defining Unicode char U+00A5 (decimal 165)
   defining Unicode char U+00A6 (decimal 166)
   defining Unicode char U+00A7 (decimal 167)
   defining Unicode char U+00A8 (decimal 168)
   defining Unicode char U+00A9 (decimal 169)
   defining Unicode char U+00AA (decimal 170)
   defining Unicode char U+00AC (decimal 172)
   defining Unicode char U+00AE (decimal 174)
   defining Unicode char U+00AF (decimal 175)
   defining Unicode char U+00B0 (decimal 176)
   defining Unicode char U+00B1 (decimal 177)
   defining Unicode char U+00B2 (decimal 178)
   defining Unicode char U+00B3 (decimal 179)
   defining Unicode char U+00B4 (decimal 180)
   defining Unicode char U+00B5 (decimal 181)
   defining Unicode char U+00B6 (decimal 182)
   defining Unicode char U+00B7 (decimal 183)
   defining Unicode char U+00B9 (decimal 185)
   defining Unicode char U+00BA (decimal 186)
   defining Unicode char U+00BC (decimal 188)
   defining Unicode char U+00BD (decimal 189)
   defining Unicode char U+00BE (decimal 190)
   defining Unicode char U+00D7 (decimal 215)
   defining Unicode char U+00F7 (decimal 247)
   defining Unicode char U+0192 (decimal 402)
   defining Unicode char U+02C7 (decimal 711)
   defining Unicode char U+02D8 (decimal 728)
   defining Unicode char U+02DD (decimal 733)
   defining Unicode char U+0E3F (decimal 3647)
   defining Unicode char U+2016 (decimal 8214)
   defining Unicode char U+2020 (decimal 8224)
   defining Unicode char U+2021 (decimal 8225)
   defining Unicode char U+2022 (decimal 8226)
   defining Unicode char U+2030 (decimal 8240)
   defining Unicode char U+2031 (decimal 8241)
   defining Unicode char U+203B (decimal 8251)
   defining Unicode char U+203D (decimal 8253)
   defining Unicode char U+2044 (decimal 8260)
   defining Unicode char U+204E (decimal 8270)
   defining Unicode char U+2052 (decimal 8274)
   defining Unicode char U+20A1 (decimal 8353)
   defining Unicode char U+20A4 (decimal 8356)
   defining Unicode char U+20A6 (decimal 8358)
   defining Unicode char U+20A9 (decimal 8361)
   defining Unicode char U+20AB (decimal 8363)
   defining Unicode char U+20AC (decimal 8364)
   defining Unicode char U+20B1 (decimal 8369)
   defining Unicode char U+2103 (decimal 8451)
   defining Unicode char U+2116 (decimal 8470)
   defining Unicode char U+2117 (decimal 8471)
   defining Unicode char U+211E (decimal 8478)
   defining Unicode char U+2120 (decimal 8480)
   defining Unicode char U+2122 (decimal 8482)
   defining Unicode char U+2126 (decimal 8486)
   defining Unicode char U+2127 (decimal 8487)
   defining Unicode char U+212E (decimal 8494)
   defining Unicode char U+2190 (decimal 8592)
   defining Unicode char U+2191 (decimal 8593)
   defining Unicode char U+2192 (decimal 8594)
   defining Unicode char U+2193 (decimal 8595)
   defining Unicode char U+2329 (decimal 9001)
   defining Unicode char U+232A (decimal 9002)
   defining Unicode char U+2422 (decimal 9250)
   defining Unicode char U+25E6 (decimal 9702)
   defining Unicode char U+25EF (decimal 9711)
   defining Unicode char U+266A (decimal 9834)
)
Now handling font encoding PD1 ...
... no UTF-8 mapping file for font encoding PD1
   defining Unicode char U+00A9 (decimal 169)
   defining Unicode char U+00AA (decimal 170)
   defining Unicode char U+00AE (decimal 174)
   defining Unicode char U+00BA (decimal 186)
   defining Unicode char U+02C6 (decimal 710)
   defining Unicode char U+02DC (decimal 732)
   defining Unicode char U+200C (decimal 8204)
   defining Unicode char U+2026 (decimal 8230)
   defining Unicode char U+2122 (decimal 8482)
   defining Unicode char U+2423 (decimal 9251)
))
\@indexfile=\write3
\openout3 = `Rd2.idx'.


Writing index file Rd2.idx
(/tmp/Rtmpl9M4jO/Rd2pdf49c9285ccc5a/Rd2.aux)
\openout1 = `Rd2.aux'.

LaTeX Font Info:    Checking defaults for OML/cmm/m/it on input line 8.
LaTeX Font Info:    ... okay on input line 8.
LaTeX Font Info:    Checking defaults for T1/cmr/m/n on input line 8.
LaTeX Font Info:    ... okay on input line 8.
LaTeX Font Info:    Checking defaults for OT1/cmr/m/n on input line 8.
LaTeX Font Info:    ... okay on input line 8.
LaTeX Font Info:    Checking defaults for OMS/cmsy/m/n on input line 8.
LaTeX Font Info:    ... okay on input line 8.
LaTeX Font Info:    Checking defaults for OMX/cmex/m/n on input line 8.
LaTeX Font Info:    ... okay on input line 8.
LaTeX Font Info:    Checking defaults for U/cmr/m/n on input line 8.
LaTeX Font Info:    ... okay on input line 8.
LaTeX Font Info:    Checking defaults for TS1/cmr/m/n on input line 8.
LaTeX Font Info:    Try loading font information for TS1+cmr on input line 8.

(/usr/share/texlive/texmf-dist/tex/latex/base/ts1cmr.fd
File: ts1cmr.fd 2014/09/29 v2.5h Standard LaTeX font definitions
)
LaTeX Font Info:    ... okay on input line 8.
LaTeX Font Info:    Checking defaults for PD1/pdf/m/n on input line 8.
LaTeX Font Info:    ... okay on input line 8.
LaTeX Font Info:    Try loading font information for T1+ptm on input line 8.

(/usr/share/texlive/texmf-dist/tex/latex/psnfss/t1ptm.fd
File: t1ptm.fd 2001/06/04 font definitions for T1/ptm.
)
(/usr/share/texlive/texmf-dist/tex/context/base/mkii/supp-pdf.mkii
[Loading MPS to PDF converter (version 2006.09.02).]
\scratchcounter=\count106
\scratchdimen=\dimen108
\scratchbox=\box30
\nofMPsegments=\count107
\nofMParguments=\count108
\everyMPshowfont=\toks21
\MPscratchCnt=\count109
\MPscratchDim=\dimen109
\MPnumerator=\count110
\makeMPintoPDFobject=\count111
\everyMPtoPDFconversion=\toks22
)
\AtBeginShipoutBox=\box31
Package hyperref Info: Link coloring ON on input line 8.
 (/usr/share/texlive/texmf-dist/tex/latex/hyperref/nameref.sty
Package: nameref 2016/05/21 v2.44 Cross-referencing by name of section

(/usr/share/texlive/texmf-dist/tex/generic/oberdiek/gettitlestring.sty
Package: gettitlestring 2016/05/16 v1.5 Cleanup title references (HO)
)
\c@section@level=\count112
)
LaTeX Info: Redefining \ref on input line 8.
LaTeX Info: Redefining \pageref on input line 8.
LaTeX Info: Redefining \nameref on input line 8.

(/tmp/Rtmpl9M4jO/Rd2pdf49c9285ccc5a/Rd2.out)
(/tmp/Rtmpl9M4jO/Rd2pdf49c9285ccc5a/Rd2.out)
\@outlinefile=\write4
\openout4 = `Rd2.out'.

LaTeX Font Info:    Font shape `T1/ptm/bx/n' in size <24.88> not available
(Font)              Font shape `T1/ptm/b/n' tried instead on input line 9.
LaTeX Font Info:    Font shape `T1/ptm/bx/n' in size <10> not available
(Font)              Font shape `T1/ptm/b/n' tried instead on input line 11.
LaTeX Font Info:    Font shape `T1/ptm/bx/n' in size <20.74> not available
(Font)              Font shape `T1/ptm/b/n' tried instead on input line 11.

(/usr/share/texlive/texmf-dist/tex/latex/base/utf8.def
File: utf8.def 2017/01/28 v1.1t UTF-8 support for inputenc
)
LaTeX Font Info:    Try loading font information for T1+zi4 on input line 21.

(/usr/share/texlive/texmf-dist/tex/latex/inconsolata/t1zi4.fd
File: t1zi4.fd 2016/12/29 T1/zi4 (Inconsolata)
)
LaTeX Font Info:    Font shape `T1/zi4/m/n' will be
(Font)              scaled to size 10.0pt on input line 21.
LaTeX Font Info:    Try loading font information for TS1+ptm on input line 26.

(/usr/share/texlive/texmf-dist/tex/latex/psnfss/ts1ptm.fd
File: ts1ptm.fd 2001/06/04 font definitions for TS1/ptm.
)
LaTeX Font Info:    External font `cmex10' loaded for size
(Font)              <7> on input line 29.
LaTeX Font Info:    External font `cmex10' loaded for size
(Font)              <5> on input line 29.
 [1


{/var/lib/texmf/fonts/map/pdftex/updmap/pdftex.map}]
LaTeX Font Info:    Font shape `T1/ptm/bx/n' in size <14.4> not available
(Font)              Font shape `T1/ptm/b/n' tried instead on input line 51.
LaTeX Font Info:    Try loading font information for T1+phv on input line 51.

(/usr/share/texlive/texmf-dist/tex/latex/psnfss/t1phv.fd
File: t1phv.fd 2001/06/04 scalable font definitions for T1/phv.
)
(/tmp/Rtmpl9M4jO/Rd2pdf49c9285ccc5a/Rd2.toc)
\tf@toc=\write5
\openout5 = `Rd2.toc'.


(/usr/share/texlive/texmf-dist/tex/latex/base/utf8.def
File: utf8.def 2017/01/28 v1.1t UTF-8 support for inputenc
) [2]
LaTeX Font Info:    Font shape `T1/zi4/m/n' will be
(Font)              scaled to size 9.0pt on input line 130.
 [3]
(/usr/share/texlive/texmf-dist/tex/latex/base/utf8.def
File: utf8.def 2017/01/28 v1.1t UTF-8 support for inputenc
)
(/usr/share/texlive/texmf-dist/tex/latex/base/utf8.def
File: utf8.def 2017/01/28 v1.1t UTF-8 support for inputenc
) [4]
Overfull \hbox (4.36856pt too wide) in paragraph at lines 227--231
[]\T1/ptm/m/n/10 For \T1/zi4/m/n/10 color_scheme_set\T1/ptm/m/n/10 , ei-ther a 
string nam-ing one of the avail-able color schemes
 []


Overfull \hbox (1.48897pt too wide) in paragraph at lines 232--234
[]\T1/ptm/m/n/10 For \T1/zi4/m/n/10 color_scheme_get\T1/ptm/m/n/10 , \T1/zi4/m/
n/10 scheme \T1/ptm/m/n/10 can be miss-ing (to get the cur-rent color scheme)
 []


Overfull \hbox (7.59897pt too wide) in paragraph at lines 235--238
[]\T1/ptm/m/n/10 For \T1/zi4/m/n/10 color_scheme_view\T1/ptm/m/n/10 , \T1/zi4/m
/n/10 scheme \T1/ptm/m/n/10 can be miss-ing (to use the cur-rent color scheme)
 []

[5] [6] (/usr/share/texlive/texmf-dist/tex/latex/base/utf8.def
File: utf8.def 2017/01/28 v1.1t UTF-8 support for inputenc
)
LaTeX Font Info:    Try loading font information for TS1+zi4 on input line 385.


(/usr/share/texlive/texmf-dist/tex/latex/inconsolata/ts1zi4.fd
File: ts1zi4.fd 2016/12/29 TS1/zi4 (Inconsolata)
)
LaTeX Font Info:    Font shape `TS1/zi4/m/n' will be
(Font)              scaled to size 10.0pt on input line 385.
 [7] [8]
(/usr/share/texlive/texmf-dist/tex/latex/base/utf8.def
File: utf8.def 2017/01/28 v1.1t UTF-8 support for inputenc
) [9]
Overfull \hbox (23.12952pt too wide) in paragraph at lines 563--567
[]\T1/ptm/m/n/10 For the var-i-ous \T1/zi4/m/n/10 vline_\T1/ptm/m/n/10 , \T1/zi
4/m/n/10 hline_\T1/ptm/m/n/10 , and \T1/zi4/m/n/10 abline_ \T1/ptm/m/n/10 func-
tions, \T1/zi4/m/n/10 ... \T1/ptm/m/n/10 is passed to [][]\T1/zi4/m/n/10 geom_v
line[][][]\T1/ptm/m/n/10 ,
 []

[10] [11] [12]
Underfull \vbox (badness 10000) has occurred while \output is active []

 [13]
(/usr/share/texlive/texmf-dist/tex/latex/base/utf8.def
File: utf8.def 2017/01/28 v1.1t UTF-8 support for inputenc
) [14] [15]
(/usr/share/texlive/texmf-dist/tex/latex/base/utf8.def
File: utf8.def 2017/01/28 v1.1t UTF-8 support for inputenc
)
Overfull \hbox (9.48788pt too wide) in paragraph at lines 993--998
\T1/ptm/m/n/10 can also be used to change the \T1/ptm/b/n/10 bayesplot \T1/ptm/
m/n/10 theme. Cur-rently, set-ting a theme with \T1/zi4/m/n/10 ggplot2::theme_s
et
 []

[16] (/usr/share/texlive/texmf-dist/tex/latex/base/utf8.def
File: utf8.def 2017/01/28 v1.1t UTF-8 support for inputenc
) [17]
Overfull \hbox (35.83029pt too wide) in paragraph at lines 1111--1118
[]\T1/ptm/m/n/10 Other MCMC: [][]\T1/zi4/m/n/10 MCMC-diagnostics[][][]\T1/ptm/m
/n/10 , [][]\T1/zi4/m/n/10 MCMC-distributions[][][]\T1/ptm/m/n/10 , [][]\T1/zi4
/m/n/10 MCMC-intervals[][][]\T1/ptm/m/n/10 , [][]\T1/zi4/m/n/10 MCMC-nuts[][][]
\T1/ptm/m/n/10 , [][]\T1/zi4/m/n/10 MCMC-overview[][][]\T1/ptm/m/n/10 ,
 []

[18] (/usr/share/texlive/texmf-dist/tex/latex/base/utf8.def
File: utf8.def 2017/01/28 v1.1t UTF-8 support for inputenc
) [19]
Overfull \hbox (19.0893pt too wide) in paragraph at lines 1200--1203
[]\T1/ptm/m/n/10 An op-tional value to over-ride [][]\T1/zi4/m/n/10 geom_point[
][][]\T1/ptm/m/n/10 's de-fault size (for \T1/zi4/m/n/10 mcmc_rhat\T1/ptm/m/n/1
0 , \T1/zi4/m/n/10 mcmc_neff\T1/ptm/m/n/10 )
 []


Overfull \hbox (4.54861pt too wide) in paragraph at lines 1217--1220
[]\T1/ptm/m/n/10 An op-tional char-ac-ter vec-tor of pa-ram-e-ter names. If nei
-ther \T1/zi4/m/n/10 pars \T1/ptm/m/n/10 nor \T1/zi4/m/n/10 regex_pars
 []


Overfull \hbox (17.96848pt too wide) in paragraph at lines 1225--1228
[]\T1/ptm/m/n/10 A named list of ar-gu-ments (other than \T1/zi4/m/n/10 facets\
T1/ptm/m/n/10 ) passed to [][]\T1/zi4/m/n/10 facet_wrap[][][] \T1/ptm/m/n/10 or
 [][]\T1/zi4/m/n/10 facet_grid[][][]
 []

[20]
Overfull \hbox (10.83029pt too wide) in paragraph at lines 1300--1307
[]\T1/ptm/m/n/10 Other MCMC: [][]\T1/zi4/m/n/10 MCMC-combos[][][]\T1/ptm/m/n/10
 , [][]\T1/zi4/m/n/10 MCMC-distributions[][][]\T1/ptm/m/n/10 , [][]\T1/zi4/m/n/
10 MCMC-intervals[][][]\T1/ptm/m/n/10 , [][]\T1/zi4/m/n/10 MCMC-nuts[][][]\T1/p
tm/m/n/10 , [][]\T1/zi4/m/n/10 MCMC-overview[][][]\T1/ptm/m/n/10 ,
 []

[21]
LaTeX Font Info:    Font shape `TS1/zi4/m/n' will be
(Font)              scaled to size 9.0pt on input line 1348.
 (/usr/share/texlive/texmf-dist/tex/latex/base/utf8.def
File: utf8.def 2017/01/28 v1.1t UTF-8 support for inputenc
) [22]
Overfull \hbox (4.54861pt too wide) in paragraph at lines 1426--1429
[]\T1/ptm/m/n/10 An op-tional char-ac-ter vec-tor of pa-ram-e-ter names. If nei
-ther \T1/zi4/m/n/10 pars \T1/ptm/m/n/10 nor \T1/zi4/m/n/10 regex_pars
 []


Overfull \hbox (30.13799pt too wide) in paragraph at lines 1434--1451
[]\T1/ptm/m/n/10 Optionally, trans-for-ma-tions to ap-ply to pa-ram-e-ters be-f
ore plot-ting. If \T1/zi4/m/n/10 transformations
 []

[23]
Overfull \hbox (17.96848pt too wide) in paragraph at lines 1456--1459
[]\T1/ptm/m/n/10 A named list of ar-gu-ments (other than \T1/zi4/m/n/10 facets\
T1/ptm/m/n/10 ) passed to [][]\T1/zi4/m/n/10 facet_wrap[][][] \T1/ptm/m/n/10 or
 [][]\T1/zi4/m/n/10 facet_grid[][][]
 []


Overfull \hbox (22.13792pt too wide) in paragraph at lines 1468--1473
[]\T1/ptm/m/n/10 For his-tograms, \T1/zi4/m/n/10 freq=TRUE \T1/ptm/m/n/10 (the 
de-fault) puts count on the y-axis. Set-ting \T1/zi4/m/n/10 freq=FALSE
 []


Overfull \hbox (0.83029pt too wide) in paragraph at lines 1526--1533
[]\T1/ptm/m/n/10 Other MCMC: [][]\T1/zi4/m/n/10 MCMC-combos[][][]\T1/ptm/m/n/10
 , [][]\T1/zi4/m/n/10 MCMC-diagnostics[][][]\T1/ptm/m/n/10 , [][]\T1/zi4/m/n/10
 MCMC-intervals[][][]\T1/ptm/m/n/10 , [][]\T1/zi4/m/n/10 MCMC-nuts[][][]\T1/ptm
/m/n/10 , [][]\T1/zi4/m/n/10 MCMC-overview[][][]\T1/ptm/m/n/10 ,
 []

[24]
Underfull \vbox (badness 3803) has occurred while \output is active []

 [25]
(/usr/share/texlive/texmf-dist/tex/latex/base/utf8.def
File: utf8.def 2017/01/28 v1.1t UTF-8 support for inputenc
)
Overfull \hbox (4.54861pt too wide) in paragraph at lines 1644--1647
[]\T1/ptm/m/n/10 An op-tional char-ac-ter vec-tor of pa-ram-e-ter names. If nei
-ther \T1/zi4/m/n/10 pars \T1/ptm/m/n/10 nor \T1/zi4/m/n/10 regex_pars
 []

[26]
Overfull \hbox (30.13799pt too wide) in paragraph at lines 1652--1669
[]\T1/ptm/m/n/10 Optionally, trans-for-ma-tions to ap-ply to pa-ram-e-ters be-f
ore plot-ting. If \T1/zi4/m/n/10 transformations
 []


Overfull \hbox (19.14018pt too wide) in paragraph at lines 1681--1684
\T1/zi4/m/n/10 mcmc_intervals \T1/ptm/m/n/10 (90% in-ter-val) and \T1/zi4/m/n/1
0 1 \T1/ptm/m/n/10 for \T1/zi4/m/n/10 mcmc_areas \T1/ptm/m/n/10 and for \T1/zi4
/m/n/10 mcmc_areas_ridges\T1/ptm/m/n/10 . 
 []


Overfull \hbox (20.83029pt too wide) in paragraph at lines 1729--1736
[]\T1/ptm/m/n/10 Other MCMC: [][]\T1/zi4/m/n/10 MCMC-combos[][][]\T1/ptm/m/n/10
 , [][]\T1/zi4/m/n/10 MCMC-diagnostics[][][]\T1/ptm/m/n/10 , [][]\T1/zi4/m/n/10
 MCMC-distributions[][][]\T1/ptm/m/n/10 , [][]\T1/zi4/m/n/10 MCMC-nuts[][][]\T1
/ptm/m/n/10 , [][]\T1/zi4/m/n/10 MCMC-overview[][][]\T1/ptm/m/n/10 ,
 []

[27] [28] (/usr/share/texlive/texmf-dist/tex/latex/base/utf8.def
File: utf8.def 2017/01/28 v1.1t UTF-8 support for inputenc
)
Overfull \hbox (7.15692pt too wide) in paragraph at lines 1849--1852
[]\T1/ptm/m/n/10 A molten data frame of NUTS sam-pler pa-ram-e-ters, ei-ther cr
e-ated by [][]\T1/zi4/m/n/10 nuts_params[][][]
 []

[29] [30]
Overfull \hbox (45.83029pt too wide) in paragraph at lines 2007--2015
[]\T1/ptm/m/n/10 Other MCMC: [][]\T1/zi4/m/n/10 MCMC-combos[][][]\T1/ptm/m/n/10
 , [][]\T1/zi4/m/n/10 MCMC-diagnostics[][][]\T1/ptm/m/n/10 , [][]\T1/zi4/m/n/10
 MCMC-distributions[][][]\T1/ptm/m/n/10 , [][]\T1/zi4/m/n/10 MCMC-intervals[][]
[]\T1/ptm/m/n/10 , [][]\T1/zi4/m/n/10 MCMC-overview[][][]\T1/ptm/m/n/10 ,
 []

[31] (/usr/share/texlive/texmf-dist/tex/latex/base/utf8.def
File: utf8.def 2017/01/28 v1.1t UTF-8 support for inputenc
) [32]
Overfull \hbox (1.07582pt too wide) in paragraph at lines 2118--2120
[]\T1/ptm/m/n/10 Plots com-par-ing MCMC es-ti-mates to "true" pa-ram-e-ter val-
ues (e.g.,
 []


Overfull \hbox (25.83029pt too wide) in paragraph at lines 2134--2141
[]\T1/ptm/m/n/10 Other MCMC: [][]\T1/zi4/m/n/10 MCMC-combos[][][]\T1/ptm/m/n/10
 , [][]\T1/zi4/m/n/10 MCMC-diagnostics[][][]\T1/ptm/m/n/10 , [][]\T1/zi4/m/n/10
 MCMC-distributions[][][]\T1/ptm/m/n/10 , [][]\T1/zi4/m/n/10 MCMC-intervals[][]
[]\T1/ptm/m/n/10 , [][]\T1/zi4/m/n/10 MCMC-nuts[][][]\T1/ptm/m/n/10 ,
 []

(/usr/share/texlive/texmf-dist/tex/latex/base/utf8.def
File: utf8.def 2017/01/28 v1.1t UTF-8 support for inputenc
) [33]
Overfull \hbox (4.54861pt too wide) in paragraph at lines 2172--2175
[]\T1/ptm/m/n/10 An op-tional char-ac-ter vec-tor of pa-ram-e-ter names. If nei
-ther \T1/zi4/m/n/10 pars \T1/ptm/m/n/10 nor \T1/zi4/m/n/10 regex_pars
 []


Overfull \hbox (30.13799pt too wide) in paragraph at lines 2180--2197
[]\T1/ptm/m/n/10 Optionally, trans-for-ma-tions to ap-ply to pa-ram-e-ters be-f
ore plot-ting. If \T1/zi4/m/n/10 transformations
 []


Overfull \hbox (2.68732pt too wide) in paragraph at lines 2206--2211
\T1/ptm/m/n/10 tional data frame pro-vid-ing NUTS di-ag-nos-tic in-for-ma-tion.
 The data frame should
 []

[34]
Overfull \hbox (26.2196pt too wide) in paragraph at lines 2249--2254
\T1/ptm/m/n/10 func-tion \T1/zi4/m/n/10 (x -mean(x))/sd(x) \T1/ptm/m/n/10 when 
spec-i-fy-ing the \T1/zi4/m/n/10 transformations \T1/ptm/m/n/10 ar-gu-ment to \
T1/zi4/m/n/10 mcmc_parcoord\T1/ptm/m/n/10 .
 []


Overfull \hbox (25.83029pt too wide) in paragraph at lines 2272--2279
[]\T1/ptm/m/n/10 Other MCMC: [][]\T1/zi4/m/n/10 MCMC-combos[][][]\T1/ptm/m/n/10
 , [][]\T1/zi4/m/n/10 MCMC-diagnostics[][][]\T1/ptm/m/n/10 , [][]\T1/zi4/m/n/10
 MCMC-distributions[][][]\T1/ptm/m/n/10 , [][]\T1/zi4/m/n/10 MCMC-intervals[][]
[]\T1/ptm/m/n/10 , [][]\T1/zi4/m/n/10 MCMC-nuts[][][]\T1/ptm/m/n/10 ,
 []

[35] (/usr/share/texlive/texmf-dist/tex/latex/base/utf8.def
File: utf8.def 2017/01/28 v1.1t UTF-8 support for inputenc
) [36]
Overfull \hbox (17.96848pt too wide) in paragraph at lines 2379--2382
[]\T1/ptm/m/n/10 A named list of ar-gu-ments (other than \T1/zi4/m/n/10 facets\
T1/ptm/m/n/10 ) passed to [][]\T1/zi4/m/n/10 facet_wrap[][][] \T1/ptm/m/n/10 or
 [][]\T1/zi4/m/n/10 facet_grid[][][]
 []


Overfull \hbox (25.83029pt too wide) in paragraph at lines 2431--2438
[]\T1/ptm/m/n/10 Other MCMC: [][]\T1/zi4/m/n/10 MCMC-combos[][][]\T1/ptm/m/n/10
 , [][]\T1/zi4/m/n/10 MCMC-diagnostics[][][]\T1/ptm/m/n/10 , [][]\T1/zi4/m/n/10
 MCMC-distributions[][][]\T1/ptm/m/n/10 , [][]\T1/zi4/m/n/10 MCMC-intervals[][]
[]\T1/ptm/m/n/10 , [][]\T1/zi4/m/n/10 MCMC-nuts[][][]\T1/ptm/m/n/10 ,
 []

[37] (/usr/share/texlive/texmf-dist/tex/latex/base/utf8.def
File: utf8.def 2017/01/28 v1.1t UTF-8 support for inputenc
) [38]
Overfull \hbox (13.06903pt too wide) in paragraph at lines 2531--2534
[]\T1/ptm/m/n/10 An op-tional char-ac-ter vec-tor of pa-ram-e-ter names. For \T
1/zi4/m/n/10 mcmc_scatter \T1/ptm/m/n/10 and \T1/zi4/m/n/10 mcmc_hex
 []


Overfull \hbox (30.13799pt too wide) in paragraph at lines 2539--2556
[]\T1/ptm/m/n/10 Optionally, trans-for-ma-tions to ap-ply to pa-ram-e-ters be-f
ore plot-ting. If \T1/zi4/m/n/10 transformations
 []

[39]
Overfull \hbox (21.34744pt too wide) in paragraph at lines 2566--2570
[]\T1/ptm/m/n/10 Optionally, a data frame of NUTS sam-pler pa-ram-e-ters, ei-th
er cre-ated by [][]\T1/zi4/m/n/10 nuts_params[][][]
 []


Overfull \hbox (5.21973pt too wide) in paragraph at lines 2571--2577
\T1/ptm/m/n/10 tion (for \T1/zi4/m/n/10 mcmc_scatter\T1/ptm/m/n/10 ) or the \T1
/zi4/m/n/10 pairs_style_np \T1/ptm/m/n/10 helper func-tion (for \T1/zi4/m/n/10 
mcmc_pars\T1/ptm/m/n/10 )
 []

[40]
Overfull \hbox (17.0282pt too wide) in paragraph at lines 2653--2668
\T1/ptm/m/n/10 used. It takes a (pos-si-bly ab-bre-vi-ated) string to se-lect a
mong \T1/zi4/m/n/10 "accept_stat__"\T1/ptm/m/n/10 ,
 []


Overfull \hbox (31.33092pt too wide) in paragraph at lines 2653--2668
\T1/zi4/m/n/10 "stepsize__"\T1/ptm/m/n/10 , \T1/zi4/m/n/10 "treedepth__"\T1/ptm
/m/n/10 , \T1/zi4/m/n/10 "n_leapfrog__"\T1/ptm/m/n/10 , \T1/zi4/m/n/10 "diverge
nt__"\T1/ptm/m/n/10 , \T1/zi4/m/n/10 "energy__"\T1/ptm/m/n/10 ,
 []

[41]
Overfull \hbox (25.83029pt too wide) in paragraph at lines 2734--2740
[]\T1/ptm/m/n/10 Other MCMC: [][]\T1/zi4/m/n/10 MCMC-combos[][][]\T1/ptm/m/n/10
 , [][]\T1/zi4/m/n/10 MCMC-diagnostics[][][]\T1/ptm/m/n/10 , [][]\T1/zi4/m/n/10
 MCMC-distributions[][][]\T1/ptm/m/n/10 , [][]\T1/zi4/m/n/10 MCMC-intervals[][]
[]\T1/ptm/m/n/10 , [][]\T1/zi4/m/n/10 MCMC-nuts[][][]\T1/ptm/m/n/10 ,
 []

[42]
Underfull \vbox (badness 10000) has occurred while \output is active []

 [43]
(/usr/share/texlive/texmf-dist/tex/latex/base/utf8.def
File: utf8.def 2017/01/28 v1.1t UTF-8 support for inputenc
) [44]
Overfull \hbox (4.54861pt too wide) in paragraph at lines 2900--2903
[]\T1/ptm/m/n/10 An op-tional char-ac-ter vec-tor of pa-ram-e-ter names. If nei
-ther \T1/zi4/m/n/10 pars \T1/ptm/m/n/10 nor \T1/zi4/m/n/10 regex_pars
 []


Overfull \hbox (30.13799pt too wide) in paragraph at lines 2908--2925
[]\T1/ptm/m/n/10 Optionally, trans-for-ma-tions to ap-ply to pa-ram-e-ters be-f
ore plot-ting. If \T1/zi4/m/n/10 transformations
 []


Overfull \hbox (17.96848pt too wide) in paragraph at lines 2930--2933
[]\T1/ptm/m/n/10 A named list of ar-gu-ments (other than \T1/zi4/m/n/10 facets\
T1/ptm/m/n/10 ) passed to [][]\T1/zi4/m/n/10 facet_wrap[][][] \T1/ptm/m/n/10 or
 [][]\T1/zi4/m/n/10 facet_grid[][][]
 []

[45]
Overfull \hbox (2.68732pt too wide) in paragraph at lines 2948--2956
\T1/ptm/m/n/10 tional data frame pro-vid-ing NUTS di-ag-nos-tic in-for-ma-tion.
 The data frame should
 []


Overfull \hbox (25.83029pt too wide) in paragraph at lines 3002--3009
[]\T1/ptm/m/n/10 Other MCMC: [][]\T1/zi4/m/n/10 MCMC-combos[][][]\T1/ptm/m/n/10
 , [][]\T1/zi4/m/n/10 MCMC-diagnostics[][][]\T1/ptm/m/n/10 , [][]\T1/zi4/m/n/10
 MCMC-distributions[][][]\T1/ptm/m/n/10 , [][]\T1/zi4/m/n/10 MCMC-intervals[][]
[]\T1/ptm/m/n/10 , [][]\T1/zi4/m/n/10 MCMC-nuts[][][]\T1/ptm/m/n/10 ,
 []

[46]
Underfull \vbox (badness 3803) has occurred while \output is active []

 [47]
(/usr/share/texlive/texmf-dist/tex/latex/base/utf8.def
File: utf8.def 2017/01/28 v1.1t UTF-8 support for inputenc
) [48]
Overfull \hbox (37.94038pt too wide) in paragraph at lines 3148--3153
[]\T1/ptm/m/n/10 For \T1/zi4/m/n/10 ppc_bars \T1/ptm/m/n/10 and \T1/zi4/m/n/10 
ppc_bars_grouped\T1/ptm/m/n/10 , \T1/zi4/m/n/10 size \T1/ptm/m/n/10 and \T1/zi4
/m/n/10 fatten \T1/ptm/m/n/10 are passed to [][]\T1/zi4/m/n/10 geom_pointrange[
][][]
 []

[49]
Overfull \hbox (56.81033pt too wide) in paragraph at lines 3230--3235
[]\T1/ptm/m/n/10 Other PPCs: [][]\T1/zi4/m/n/10 PPC-distributions[][][]\T1/ptm/
m/n/10 , [][]\T1/zi4/m/n/10 PPC-errors[][][]\T1/ptm/m/n/10 , [][]\T1/zi4/m/n/10
 PPC-intervals[][][]\T1/ptm/m/n/10 , [][]\T1/zi4/m/n/10 PPC-loo[][][]\T1/ptm/m/
n/10 , [][]\T1/zi4/m/n/10 PPC-overview[][][]\T1/ptm/m/n/10 , [][]\T1/zi4/m/n/10
 PPC-scatterplots[][][]\T1/ptm/m/n/10 ,
 []

[50] (/usr/share/texlive/texmf-dist/tex/latex/base/utf8.def
File: utf8.def 2017/01/28 v1.1t UTF-8 support for inputenc
) [51]
Overfull \hbox (22.13792pt too wide) in paragraph at lines 3342--3347
[]\T1/ptm/m/n/10 For his-tograms, \T1/zi4/m/n/10 freq=TRUE \T1/ptm/m/n/10 (the 
de-fault) puts count on the y-axis. Set-ting \T1/zi4/m/n/10 freq=FALSE
 []


Overfull \hbox (15.86052pt too wide) in paragraph at lines 3375--3382
[]\T1/ptm/m/n/10 For \T1/zi4/m/n/10 ppc_violin_grouped\T1/ptm/m/n/10 , if \T1/z
i4/m/n/10 y_draw \T1/ptm/m/n/10 is \T1/zi4/m/n/10 "points" \T1/ptm/m/n/10 or \T
1/zi4/m/n/10 "both" \T1/ptm/m/n/10 then \T1/zi4/m/n/10 y_size\T1/ptm/m/n/10 , \
T1/zi4/m/n/10 y_alpha\T1/ptm/m/n/10 ,
 []


Overfull \hbox (22.32973pt too wide) in paragraph at lines 3375--3382
\T1/ptm/m/n/10 and \T1/zi4/m/n/10 y_jitter \T1/ptm/m/n/10 are passed to to the 
\T1/zi4/m/n/10 size\T1/ptm/m/n/10 , \T1/zi4/m/n/10 alpha\T1/ptm/m/n/10 , and \T
1/zi4/m/n/10 width \T1/ptm/m/n/10 ar-gu-ments of [][]\T1/zi4/m/n/10 geom_jitter
[][][]
 []


Overfull \hbox (8.0888pt too wide) in paragraph at lines 3402--3406
[]\T1/ptm/m/n/10 A sep-a-rate his-togram, shaded fre-quency poly-
 []

[52]
Overfull \hbox (5.5174pt too wide) in paragraph at lines 3414--3418
[]\T1/ptm/m/n/10 Kernel den-sity or em-pir-i-cal CDF es-ti-mates of each datase
t
 []


Overfull \hbox (31.81033pt too wide) in paragraph at lines 3437--3442
[]\T1/ptm/m/n/10 Other PPCs: [][]\T1/zi4/m/n/10 PPC-discrete[][][]\T1/ptm/m/n/1
0 , [][]\T1/zi4/m/n/10 PPC-errors[][][]\T1/ptm/m/n/10 , [][]\T1/zi4/m/n/10 PPC-
intervals[][][]\T1/ptm/m/n/10 , [][]\T1/zi4/m/n/10 PPC-loo[][][]\T1/ptm/m/n/10 
, [][]\T1/zi4/m/n/10 PPC-overview[][][]\T1/ptm/m/n/10 , [][]\T1/zi4/m/n/10 PPC-
scatterplots[][][]\T1/ptm/m/n/10 ,
 []

[53] (/usr/share/texlive/texmf-dist/tex/latex/base/utf8.def
File: utf8.def 2017/01/28 v1.1t UTF-8 support for inputenc
) [54]
Overfull \hbox (22.13792pt too wide) in paragraph at lines 3542--3547
[]\T1/ptm/m/n/10 For his-tograms, \T1/zi4/m/n/10 freq=TRUE \T1/ptm/m/n/10 (the 
de-fault) puts count on the y-axis. Set-ting \T1/zi4/m/n/10 freq=FALSE
 []

[55] [56] (/usr/share/texlive/texmf-dist/tex/latex/base/utf8.def
File: utf8.def 2017/01/28 v1.1t UTF-8 support for inputenc
) [57]
Overfull \hbox (11.62961pt too wide) in paragraph at lines 3749--3753
[][]\T1/zi4/m/n/10 geom_ribbon[][][]\T1/ptm/m/n/10 . For in-ter-val plots \T1/z
i4/m/n/10 size \T1/ptm/m/n/10 and \T1/zi4/m/n/10 fatten \T1/ptm/m/n/10 are pass
ed to [][]\T1/zi4/m/n/10 geom_pointrange[][][]\T1/ptm/m/n/10 . 
 []


Overfull \hbox (11.21935pt too wide) in paragraph at lines 3767--3774
[]\T1/zi4/m/n/10 100*prob\T1/ptm/m/n/10 % cen-tral in-ter-vals for \T1/zi4/m/n/
10 yrep \T1/ptm/m/n/10 at each \T1/zi4/m/n/10 x \T1/ptm/m/n/10 value. \T1/zi4/m
/n/10 ppc_intervals
 []


Overfull \hbox (51.81033pt too wide) in paragraph at lines 3795--3801
[]\T1/ptm/m/n/10 Other PPCs: [][]\T1/zi4/m/n/10 PPC-discrete[][][]\T1/ptm/m/n/1
0 , [][]\T1/zi4/m/n/10 PPC-distributions[][][]\T1/ptm/m/n/10 , [][]\T1/zi4/m/n/
10 PPC-errors[][][]\T1/ptm/m/n/10 , [][]\T1/zi4/m/n/10 PPC-loo[][][]\T1/ptm/m/n
/10 , [][]\T1/zi4/m/n/10 PPC-overview[][][]\T1/ptm/m/n/10 , [][]\T1/zi4/m/n/10 
PPC-scatterplots[][][]\T1/ptm/m/n/10 ,
 []

[58] (/usr/share/texlive/texmf-dist/tex/latex/base/utf8.def
File: utf8.def 2017/01/28 v1.1t UTF-8 support for inputenc
)
Underfull \vbox (badness 10000) has occurred while \output is active []

 [59]
Overfull \hbox (2.52844pt too wide) in paragraph at lines 3931--3939
[]\T1/ptm/m/n/10 Arguments passed to code ge-oms to con-trol plot aes-thet-ics.
 For \T1/zi4/m/n/10 ppc_loo_pit_qq
 []

[60] [61] [62] (/usr/share/texlive/texmf-dist/tex/latex/base/utf8.def
File: utf8.def 2017/01/28 v1.1t UTF-8 support for inputenc
) [63]
Overfull \hbox (7.07773pt too wide) in paragraph at lines 4207--4213
[]\T1/ptm/m/n/10 In ad-di-tion to the var-i-ous plot-ting func-tions, the \T1/p
tm/b/n/10 bayesplot \T1/ptm/m/n/10 pack-age pro-vides the S3 generic [][]\T1/zi
4/m/n/10 pp_check[][][]\T1/ptm/m/n/10 .
 []


Overfull \hbox (56.81033pt too wide) in paragraph at lines 4227--4232
[]\T1/ptm/m/n/10 Other PPCs: [][]\T1/zi4/m/n/10 PPC-discrete[][][]\T1/ptm/m/n/1
0 , [][]\T1/zi4/m/n/10 PPC-distributions[][][]\T1/ptm/m/n/10 , [][]\T1/zi4/m/n/
10 PPC-errors[][][]\T1/ptm/m/n/10 , [][]\T1/zi4/m/n/10 PPC-intervals[][][]\T1/p
tm/m/n/10 , [][]\T1/zi4/m/n/10 PPC-loo[][][]\T1/ptm/m/n/10 , [][]\T1/zi4/m/n/10
 PPC-scatterplots[][][]\T1/ptm/m/n/10 ,
 []

[64] (/usr/share/texlive/texmf-dist/tex/latex/base/utf8.def
File: utf8.def 2017/01/28 v1.1t UTF-8 support for inputenc
)
Overfull \hbox (58.18805pt too wide) in paragraph at lines 4299--4302
[]\T1/ptm/m/n/10 A scat-ter-plot of \T1/zi4/m/n/10 y \T1/ptm/m/n/10 against the
 av-er-age val-ues of \T1/zi4/m/n/10 yrep\T1/ptm/m/n/10 , i.e., the points \T1/
zi4/m/n/10 (mean(yrep[,n]),y[n])\T1/ptm/m/n/10 ,
 []

[65]
Overfull \hbox (36.81033pt too wide) in paragraph at lines 4319--4324
[]\T1/ptm/m/n/10 Other PPCs: [][]\T1/zi4/m/n/10 PPC-discrete[][][]\T1/ptm/m/n/1
0 , [][]\T1/zi4/m/n/10 PPC-distributions[][][]\T1/ptm/m/n/10 , [][]\T1/zi4/m/n/
10 PPC-errors[][][]\T1/ptm/m/n/10 , [][]\T1/zi4/m/n/10 PPC-intervals[][][]\T1/p
tm/m/n/10 , [][]\T1/zi4/m/n/10 PPC-loo[][][]\T1/ptm/m/n/10 , [][]\T1/zi4/m/n/10
 PPC-overview[][][]\T1/ptm/m/n/10 ,
 []

(/usr/share/texlive/texmf-dist/tex/latex/base/utf8.def
File: utf8.def 2017/01/28 v1.1t UTF-8 support for inputenc
) [66]
Overfull \hbox (22.13792pt too wide) in paragraph at lines 4401--4406
[]\T1/ptm/m/n/10 For his-tograms, \T1/zi4/m/n/10 freq=TRUE \T1/ptm/m/n/10 (the 
de-fault) puts count on the y-axis. Set-ting \T1/zi4/m/n/10 freq=FALSE
 []


Overfull \hbox (17.96848pt too wide) in paragraph at lines 4411--4414
[]\T1/ptm/m/n/10 A named list of ar-gu-ments (other than \T1/zi4/m/n/10 facets\
T1/ptm/m/n/10 ) passed to [][]\T1/zi4/m/n/10 facet_wrap[][][] \T1/ptm/m/n/10 or
 [][]\T1/zi4/m/n/10 facet_grid[][][]
 []

[67]
Overfull \hbox (36.81033pt too wide) in paragraph at lines 4464--4469
[]\T1/ptm/m/n/10 Other PPCs: [][]\T1/zi4/m/n/10 PPC-discrete[][][]\T1/ptm/m/n/1
0 , [][]\T1/zi4/m/n/10 PPC-distributions[][][]\T1/ptm/m/n/10 , [][]\T1/zi4/m/n/
10 PPC-errors[][][]\T1/ptm/m/n/10 , [][]\T1/zi4/m/n/10 PPC-intervals[][][]\T1/p
tm/m/n/10 , [][]\T1/zi4/m/n/10 PPC-loo[][][]\T1/ptm/m/n/10 , [][]\T1/zi4/m/n/10
 PPC-overview[][][]\T1/ptm/m/n/10 ,
 []

(/usr/share/texlive/texmf-dist/tex/latex/base/utf8.def
File: utf8.def 2017/01/28 v1.1t UTF-8 support for inputenc
) [68]
Overfull \hbox (0.70805pt too wide) in paragraph at lines 4527--4529
[]\T1/ptm/m/n/10 For the generic, ar-gu-ments passed to in-di-vid-ual meth-ods.
 For the de-fault method,
 []

[69] (/usr/share/texlive/texmf-dist/tex/latex/base/utf8.def
File: utf8.def 2017/01/28 v1.1t UTF-8 support for inputenc
)
Overfull \hbox (52.34813pt too wide) in paragraph at lines 4600--4605
[]\T1/ptm/m/n/10 Base font size and fam-ily (passed to [][]\T1/zi4/m/n/10 theme
_bw[][][]\T1/ptm/m/n/10 ). It is pos-si-ble to set \T1/zi4/m/n/10 "bayesplot.ba
se_size"
 []

[70] (/tmp/Rtmpl9M4jO/Rd2pdf49c9285ccc5a/Rd2.ind [71]

LaTeX Font Warning: Font shape `T1/zi4/m/it' undefined
(Font)              using `T1/zi4/m/n' instead on input line 3.

LaTeX Font Info:    Font shape `T1/zi4/m/it' will be
(Font)              scaled to size 10.0pt on input line 10.
[72

] [73] [74])
Package atveryend Info: Empty hook `BeforeClearDocument' on input line 4641.
Package atveryend Info: Empty hook `AfterLastShipout' on input line 4641.
 (/tmp/Rtmpl9M4jO/Rd2pdf49c9285ccc5a/Rd2.aux)
Package atveryend Info: Executing hook `AtVeryEndDocument' on input line 4641.
Package atveryend Info: Executing hook `AtEndAfterFileList' on input line 4641.

Package rerunfilecheck Info: File `Rd2.out' has not changed.
(rerunfilecheck)             Checksum: CA2C9EFC5FF1D8CFF66A5531C09ECEFF;1855.


LaTeX Font Warning: Some font shapes were not available, defaults substituted.

Package atveryend Info: Empty hook `AtVeryVeryEnd' on input line 4641.
 ) 
Here is how much of TeX's memory you used:
 7273 strings out of 494945
 106456 string characters out of 6181032
 176346 words of memory out of 5000000
 9907 multiletter control sequences out of 15000+600000
 41653 words of font info for 52 fonts, out of 8000000 for 9000
 14 hyphenation exceptions out of 8191
 38i,6n,36p,227b,743s stack positions out of 5000i,500n,10000p,200000b,80000s
pdfTeX warning (dest): name{Rfn.options} has been referenced but does not exi
st, replaced by a fixed one

pdfTeX warning (dest): name{Rfn.theme.Rul.bw} has been referenced but does not 
exist, replaced by a fixed one

pdfTeX warning (dest): name{Rfn.stat.Rul.density} has been referenced but does 
not exist, replaced by a fixed one

pdfTeX warning (dest): name{Rfn.psis} has been referenced but does not exist, r
eplaced by a fixed one

pdfTeX warning (dest): name{Rfn.geom.Rul.ribbon} has been referenced but does n
ot exist, replaced by a fixed one

pdfTeX warning (dest): name{Rfn.binnedplot} has been referenced but does not ex
ist, replaced by a fixed one

pdfTeX warning (dest): name{Rfn.geom.Rul.jitter} has been referenced but does n
ot exist, replaced by a fixed one

pdfTeX warning (dest): name{Rfn.stat.Rul.ecdf} has been referenced but does not
 exist, replaced by a fixed one

pdfTeX warning (dest): name{Rfn.geom.Rul.boxplot} has been referenced but does 
not exist, replaced by a fixed one

pdfTeX warning (dest): name{Rfn.integer} has been referenced but does not exist
, replaced by a fixed one

pdfTeX warning (dest): name{Rfn.geom.Rul.pointrange} has been referenced but do
es not exist, replaced by a fixed one

pdfTeX warning (dest): name{Rfn.geom.Rul.bar} has been referenced but does not 
exist, replaced by a fixed one

pdfTeX warning (dest): name{Rfn.geom.Rul.rug} has been referenced but does not 
exist, replaced by a fixed one

pdfTeX warning (dest): name{Rfn.ggtitle} has been referenced but does not exist
, replaced by a fixed one

pdfTeX warning (dest): name{Rfn.geom.Rul.hex} has been referenced but does not 
exist, replaced by a fixed one

pdfTeX warning (dest): name{Rfn.data.frame} has been referenced but does not ex
ist, replaced by a fixed one

pdfTeX warning (dest): name{Rfn.matrix} has been referenced but does not exist,
 replaced by a fixed one

pdfTeX warning (dest): name{Rfn.array} has been referenced but does not exist, 
replaced by a fixed one

pdfTeX warning (dest): name{Rfn.geom.Rul.violin} has been referenced but does n
ot exist, replaced by a fixed one

pdfTeX warning (dest): name{Rfn.density} has been referenced but does not exist
, replaced by a fixed one

pdfTeX warning (dest): name{Rfn.geom.Rul.density} has been referenced but does 
not exist, replaced by a fixed one

pdfTeX warning (dest): name{Rfn.match.fun} has been referenced but does not exi
st, replaced by a fixed one

pdfTeX warning (dest): name{Rfn.facet.Rul.grid} has been referenced but does no
t exist, replaced by a fixed one

pdfTeX warning (dest): name{Rfn.facet.Rul.wrap} has been referenced but does no
t exist, replaced by a fixed one

pdfTeX warning (dest): name{Rfn.geom.Rul.histogram} has been referenced but doe
s not exist, replaced by a fixed one

pdfTeX warning (dest): name{Rfn.geom.Rul.line} has been referenced but does not
 exist, replaced by a fixed one

pdfTeX warning (dest): name{Rfn.geom.Rul.point} has been referenced but does no
t exist, replaced by a fixed one

pdfTeX warning (dest): name{Rfn.theme.Rul.grey} has been referenced but does no
t exist, replaced by a fixed one

pdfTeX warning (dest): name{Rfn.theme.Rul.set} has been referenced but does not
 exist, replaced by a fixed one

pdfTeX warning (dest): name{Rfn.arrangeGrob} has been referenced but does not e
xist, replaced by a fixed one

pdfTeX warning (dest): name{Rfn.aes} has been referenced but does not exist, re
placed by a fixed one

pdfTeX warning (dest): name{Rfn.labs} has been referenced but does not exist, r
eplaced by a fixed one

pdfTeX warning (dest): name{Rfn.element.Rul.blank} has been referenced but does
 not exist, replaced by a fixed one

pdfTeX warning (dest): name{Rfn.theme} has been referenced but does not exist, 
replaced by a fixed one

pdfTeX warning (dest): name{Rfn.stat.Rul.function} has been referenced but does
 not exist, replaced by a fixed one

pdfTeX warning (dest): name{Rfn.element.Rul.line} has been referenced but does 
not exist, replaced by a fixed one

pdfTeX warning (dest): name{Rfn.element.Rul.text} has been referenced but does 
not exist, replaced by a fixed one

pdfTeX warning (dest): name{Rfn.element.Rul.rect} has been referenced but does 
not exist, replaced by a fixed one

pdfTeX warning (dest): name{Rfn.geom.Rul.abline} has been referenced but does n
ot exist, replaced by a fixed one

pdfTeX warning (dest): name{Rfn.geom.Rul.hline} has been referenced but does no
t exist, replaced by a fixed one

pdfTeX warning (dest): name{Rfn.geom.Rul.vline} has been referenced but does no
t exist, replaced by a fixed one

pdfTeX warning (dest): name{Rfn.melt} has been referenced but does not exist, r
eplaced by a fixed one

pdfTeX warning (dest): name{Rfn.colors} has been referenced but does not exist,
 replaced by a fixed one

pdfTeX warning (dest): name{Rfn.invisible} has been referenced but does not exi
st, replaced by a fixed one

pdfTeX warning (dest): name{Rfn.grep} has been referenced but does not exist, r
eplaced by a fixed one

pdfTeX warning (dest): name{Rfn.ggsave} has been referenced but does not exist,
 replaced by a fixed one

pdfTeX warning (dest): name{Rfn.rstan} has been referenced but does not exist, 
replaced by a fixed one

{/usr/share/texlive/texmf-dist/fonts/enc/dvips/inconsolata/i4-ts1.enc}{/usr/sha
re/texlive/texmf-dist/fonts/enc/dvips/base/8r.enc}{/usr/share/texlive/texmf-dis
t/fonts/enc/dvips/inconsolata/i4-t1-0.enc}</usr/share/texlive/texmf-dist/fonts/
type1/public/inconsolata/Inconsolata-zi4r.pfb></usr/share/texlive/texmf-dist/fo
nts/type1/public/amsfonts/cm/cmmi10.pfb></usr/share/texlive/texmf-dist/fonts/ty
pe1/public/amsfonts/cm/cmmi7.pfb></usr/share/texlive/texmf-dist/fonts/type1/pub
lic/amsfonts/cm/cmr10.pfb></usr/share/texlive/texmf-dist/fonts/type1/public/ams
fonts/cm/cmsy10.pfb></usr/share/texlive/texmf-dist/fonts/type1/urw/helvetic/uhv
r8a.pfb></usr/share/texlive/texmf-dist/fonts/type1/urw/times/utmb8a.pfb></usr/s
hare/texlive/texmf-dist/fonts/type1/urw/times/utmr8a.pfb></usr/share/texlive/te
xmf-dist/fonts/type1/urw/times/utmr8a.pfb></usr/share/texlive/texmf-dist/fonts/
type1/urw/times/utmri8a.pfb>
Output written on Rd2.pdf (74 pages, 305481 bytes).
PDF statistics:
 1688 PDF objects out of 1728 (max. 8388607)
 1586 compressed objects within 16 object streams
 496 named destinations out of 1000 (max. 500000)
 225 words of extra memory for PDF output out of 10000 (max. 10000000)

