Hmm ... looks like a package

This is pdfTeX, Version 3.14159265-2.6-1.40.17 (TeX Live 2016/Debian) (preloaded format=pdflatex)
 restricted \write18 enabled.
entering extended mode
LaTeX2e <2017/01/01> patch level 3
Babel <3.9r> and hyphenation patterns for 3 language(s) loaded.
(./Rd2.tex
(/usr/share/texlive/texmf-dist/tex/latex/base/book.cls
Document Class: book 2014/09/29 v1.4h Standard LaTeX document class
(/usr/share/texlive/texmf-dist/tex/latex/base/bk10.clo))
(/home/ben/r-devel/share/texmf/tex/latex/Rd.sty
(/usr/share/texlive/texmf-dist/tex/latex/base/ifthen.sty)
(/usr/share/texlive/texmf-dist/tex/latex/tools/longtable.sty)
(/usr/share/texlive/texmf-dist/tex/latex/tools/bm.sty)
(/usr/share/texlive/texmf-dist/tex/latex/base/alltt.sty)
(/usr/share/texlive/texmf-dist/tex/latex/tools/verbatim.sty)
(/usr/share/texlive/texmf-dist/tex/latex/url/url.sty)
(/usr/share/texlive/texmf-dist/tex/latex/base/textcomp.sty
(/usr/share/texlive/texmf-dist/tex/latex/base/ts1enc.def))
(/usr/share/texlive/texmf-dist/tex/latex/base/fontenc.sty
(/usr/share/texlive/texmf-dist/tex/latex/base/t1enc.def))
(/usr/share/texlive/texmf-dist/tex/latex/psnfss/times.sty)
(/usr/share/texlive/texmf-dist/tex/latex/inconsolata/zi4.sty
`inconsolata-zi4' v1.112, 2017/01/04 Text macros for Inconsolata (msharpe)
(/usr/share/texlive/texmf-dist/tex/latex/xkeyval/xkeyval.sty
(/usr/share/texlive/texmf-dist/tex/generic/xkeyval/xkeyval.tex
(/usr/share/texlive/texmf-dist/tex/generic/xkeyval/xkvutils.tex
(/usr/share/texlive/texmf-dist/tex/generic/xkeyval/keyval.tex)))))
(/usr/share/texlive/texmf-dist/tex/latex/graphics/color.sty
(/usr/share/texlive/texmf-dist/tex/latex/graphics-cfg/color.cfg)
(/usr/share/texlive/texmf-dist/tex/latex/graphics-def/pdftex.def
(/usr/share/texlive/texmf-dist/tex/generic/oberdiek/infwarerr.sty)
(/usr/share/texlive/texmf-dist/tex/generic/oberdiek/ltxcmds.sty)))
(/usr/share/texlive/texmf-dist/tex/latex/hyperref/hyperref.sty
(/usr/share/texlive/texmf-dist/tex/generic/oberdiek/hobsub-hyperref.sty
(/usr/share/texlive/texmf-dist/tex/generic/oberdiek/hobsub-generic.sty))
(/usr/share/texlive/texmf-dist/tex/generic/ifxetex/ifxetex.sty)
(/usr/share/texlive/texmf-dist/tex/latex/oberdiek/auxhook.sty)
(/usr/share/texlive/texmf-dist/tex/latex/oberdiek/kvoptions.sty)
(/usr/share/texlive/texmf-dist/tex/latex/hyperref/pd1enc.def)
(/usr/share/texlive/texmf-dist/tex/latex/latexconfig/hyperref.cfg))

Package hyperref Message: Driver (autodetected): hpdftex.

(/usr/share/texlive/texmf-dist/tex/latex/hyperref/hpdftex.def
(/usr/share/texlive/texmf-dist/tex/latex/oberdiek/rerunfilecheck.sty))

Package hyperref Warning: Option `hyperindex' has already been used,
(hyperref)                setting the option has no effect on input line 377.


Package hyperref Warning: Option `pagebackref' has already been used,
(hyperref)                setting the option has no effect on input line 377.

) (/usr/share/texlive/texmf-dist/tex/latex/base/makeidx.sty)
(/usr/share/texlive/texmf-dist/tex/latex/base/inputenc.sty
(/usr/share/texlive/texmf-dist/tex/latex/base/utf8.def
(/usr/share/texlive/texmf-dist/tex/latex/base/t1enc.dfu)
(/usr/share/texlive/texmf-dist/tex/latex/base/ot1enc.dfu)
(/usr/share/texlive/texmf-dist/tex/latex/base/omsenc.dfu)
(/usr/share/texlive/texmf-dist/tex/latex/base/ts1enc.dfu))
(/usr/share/texlive/texmf-dist/tex/latex/base/latin1.def))
Writing index file Rd2.idx
No file Rd2.aux.
(/usr/share/texlive/texmf-dist/tex/latex/base/ts1cmr.fd)
(/usr/share/texlive/texmf-dist/tex/latex/psnfss/t1ptm.fd)
(/usr/share/texlive/texmf-dist/tex/context/base/mkii/supp-pdf.mkii
[Loading MPS to PDF converter (version 2006.09.02).]
) (/usr/share/texlive/texmf-dist/tex/latex/hyperref/nameref.sty
(/usr/share/texlive/texmf-dist/tex/generic/oberdiek/gettitlestring.sty))
(/usr/share/texlive/texmf-dist/tex/latex/inconsolata/t1zi4.fd)
(/usr/share/texlive/texmf-dist/tex/latex/psnfss/t1phv.fd)
(/usr/share/texlive/texmf-dist/tex/latex/base/utf8.def) [1{/var/lib/texmf/fonts
/map/pdftex/updmap/pdftex.map}]
(/usr/share/texlive/texmf-dist/tex/latex/inconsolata/ts1zi4.fd)
Overfull \hbox (0.49953pt too wide) in paragraph at lines 84--85
[]\T1/ptm/m/n/10 Object of class \T1/zi4/m/n/10 "bridge" \T1/ptm/m/n/10 or \T1/
zi4/m/n/10 "bridge_list" \T1/ptm/m/n/10 as re-turned from [][]\T1/zi4/m/n/10 br
idge_sampler[][][]\T1/ptm/m/n/10 .

Overfull \hbox (1.51744pt too wide) in paragraph at lines 84--85
\T1/ptm/m/n/10 Ad-di-tion-ally, the de-fault method as-sumes that \T1/zi4/m/n/1
0 x1 \T1/ptm/m/n/10 is a sin-gle nu-meric log marginal

Overfull \hbox (0.49953pt too wide) in paragraph at lines 86--87
[]\T1/ptm/m/n/10 Object of class \T1/zi4/m/n/10 "bridge" \T1/ptm/m/n/10 or \T1/
zi4/m/n/10 "bridge_list" \T1/ptm/m/n/10 as re-turned from [][]\T1/zi4/m/n/10 br
idge_sampler[][][]\T1/ptm/m/n/10 .

Overfull \hbox (1.51744pt too wide) in paragraph at lines 86--87
\T1/ptm/m/n/10 Ad-di-tion-ally, the de-fault method as-sumes that \T1/zi4/m/n/1
0 x2 \T1/ptm/m/n/10 is a sin-gle nu-meric log marginal
(/usr/share/texlive/texmf-dist/tex/latex/psnfss/ts1ptm.fd) [2]
(/usr/share/texlive/texmf-dist/tex/latex/base/utf8.def) [3]
(/usr/share/texlive/texmf-dist/tex/latex/base/utf8.def) [4] [5] [6]
Overfull \hbox (15.18982pt too wide) in paragraph at lines 326--337
[]\T1/ptm/m/n/10 character vec-tor of length \T1/zi4/m/n/10 ncol(samples) \T1/p
tm/m/n/10 with \T1/zi4/m/n/10 "real"\T1/ptm/m/n/10 , \T1/zi4/m/n/10 "simplex" \
T1/ptm/m/n/10 or \T1/zi4/m/n/10 "circular"\T1/ptm/m/n/10 .

Overfull \hbox (39.49936pt too wide) in paragraph at lines 347--350
[]\T1/ptm/m/n/10 specifies the en-vi-ron-ment for \T1/zi4/m/n/10 varlist \T1/pt
m/m/n/10 (only needed if \T1/zi4/m/n/10 cores > 1 \T1/ptm/m/n/10 and \T1/zi4/m/
n/10 .Platform$OS.type

Overfull \hbox (3.61852pt too wide) in paragraph at lines 347--350
\T1/zi4/m/n/10 != "unix" \T1/ptm/m/n/10 as these ob-jects will be ex-ported to 
the nodes). De-fault is [][]\T1/zi4/m/n/10 .GlobalEnv[][][]\T1/ptm/m/n/10 . 
[7] [8] [9]
Underfull \vbox (badness 10000) has occurred while \output is active [10]
Underfull \vbox (badness 10000) has occurred while \output is active [11]
Underfull \vbox (badness 10000) has occurred while \output is active [12]
(/usr/share/texlive/texmf-dist/tex/latex/base/utf8.def) [13]
Overfull \hbox (9.61952pt too wide) in paragraph at lines 729--730
[]\T1/ptm/m/n/10 an ob-ject of class \T1/zi4/m/n/10 "bridge" \T1/ptm/m/n/10 or 
\T1/zi4/m/n/10 "bridge_list" \T1/ptm/m/n/10 as re-turned from [][]\T1/zi4/m/n/1
0 bridge_sampler[][][]\T1/ptm/m/n/10 . 

Overfull \hbox (23.88943pt too wide) in paragraph at lines 744--745
[]\T1/ptm/m/n/10 If \T1/zi4/m/n/10 bridge_object \T1/ptm/m/n/10 is of class \T1
/zi4/m/n/10 "bridge" \T1/ptm/m/n/10 and has been ob-tained with \T1/zi4/m/n/10 
method = "normal" \T1/ptm/m/n/10 and \T1/zi4/m/n/10 repetitions
[14] (/usr/share/texlive/texmf-dist/tex/latex/base/utf8.def) [15]
Underfull \vbox (badness 3803) has occurred while \output is active [16]
Underfull \vbox (badness 10000) has occurred while \output is active [17]
(/usr/share/texlive/texmf-dist/tex/latex/base/utf8.def) [18]
Overfull \hbox (0.49953pt too wide) in paragraph at lines 979--980
[]\T1/ptm/m/n/10 Object of class \T1/zi4/m/n/10 "bridge" \T1/ptm/m/n/10 or \T1/
zi4/m/n/10 "bridge_list" \T1/ptm/m/n/10 as re-turned from [][]\T1/zi4/m/n/10 br
idge_sampler[][][]\T1/ptm/m/n/10 . 
(/usr/share/texlive/texmf-dist/tex/latex/base/utf8.def)
Overfull \hbox (0.49953pt too wide) in paragraph at lines 1021--1025
[]\T1/ptm/m/n/10 Object of class \T1/zi4/m/n/10 "bridge" \T1/ptm/m/n/10 or \T1/
zi4/m/n/10 "bridge_list" \T1/ptm/m/n/10 as re-turned from [][]\T1/zi4/m/n/10 br
idge_sampler[][][]\T1/ptm/m/n/10 .
[19]
Overfull \hbox (31.27917pt too wide) in paragraph at lines 1026--1029
[]\T1/ptm/m/n/10 further ob-jects of class \T1/zi4/m/n/10 "bridge" \T1/ptm/m/n/
10 or \T1/zi4/m/n/10 "bridge_list" \T1/ptm/m/n/10 as re-turned from [][]\T1/zi4
/m/n/10 bridge_sampler[][][]\T1/ptm/m/n/10 .
[20] (/usr/share/texlive/texmf-dist/tex/latex/base/utf8.def) [21] [22]
Underfull \vbox (badness 10000) has occurred while \output is active [23]
No file Rd2.ind.
[24] (/tmp/Rtmpf0YymE/Rd2pdf49194484e702/Rd2.aux)

Package rerunfilecheck Warning: File `Rd2.out' has changed.
(rerunfilecheck)                Rerun to get outlines right
(rerunfilecheck)                or use package `bookmark'.

 )
(see the transcript file for additional information)pdfTeX warning (dest): name
{Rfn.median} has been referenced but does not exist, replaced by a fixed one

pdfTeX warning (dest): name{Rfn.makeCluster} has been referenced but does not e
xist, replaced by a fixed one

pdfTeX warning (dest): name{Rfn..GlobalEnv} has been referenced but does not ex
ist, replaced by a fixed one

pdfTeX warning (dest): name{Rfn.mclapply} has been referenced but does not exis
t, replaced by a fixed one

{/usr/share/texlive/texmf-dist/fonts/enc/dvips/inconsolata/i4-ts1.enc}{/usr/sha
re/texlive/texmf-dist/fonts/enc/dvips/base/8r.enc}{/usr/share/texlive/texmf-dis
t/fonts/enc/dvips/inconsolata/i4-t1-0.enc}</usr/share/texlive/texmf-dist/fonts/
type1/public/inconsolata/Inconsolata-zi4r.pfb></usr/share/texlive/texmf-dist/fo
nts/type1/urw/helvetic/uhvr8a.pfb></usr/share/texlive/texmf-dist/fonts/type1/ur
w/times/utmb8a.pfb></usr/share/texlive/texmf-dist/fonts/type1/urw/times/utmr8a.
pfb></usr/share/texlive/texmf-dist/fonts/type1/urw/times/utmr8a.pfb></usr/share
/texlive/texmf-dist/fonts/type1/urw/times/utmri8a.pfb>
Output written on Rd2.pdf (24 pages, 130983 bytes).
Transcript written on Rd2.log.
This is pdfTeX, Version 3.14159265-2.6-1.40.17 (TeX Live 2016/Debian) (preloaded format=pdflatex)
 restricted \write18 enabled.
entering extended mode
LaTeX2e <2017/01/01> patch level 3
Babel <3.9r> and hyphenation patterns for 3 language(s) loaded.
(./Rd2.tex
(/usr/share/texlive/texmf-dist/tex/latex/base/book.cls
Document Class: book 2014/09/29 v1.4h Standard LaTeX document class
(/usr/share/texlive/texmf-dist/tex/latex/base/bk10.clo))
(/home/ben/r-devel/share/texmf/tex/latex/Rd.sty
(/usr/share/texlive/texmf-dist/tex/latex/base/ifthen.sty)
(/usr/share/texlive/texmf-dist/tex/latex/tools/longtable.sty)
(/usr/share/texlive/texmf-dist/tex/latex/tools/bm.sty)
(/usr/share/texlive/texmf-dist/tex/latex/base/alltt.sty)
(/usr/share/texlive/texmf-dist/tex/latex/tools/verbatim.sty)
(/usr/share/texlive/texmf-dist/tex/latex/url/url.sty)
(/usr/share/texlive/texmf-dist/tex/latex/base/textcomp.sty
(/usr/share/texlive/texmf-dist/tex/latex/base/ts1enc.def))
(/usr/share/texlive/texmf-dist/tex/latex/base/fontenc.sty
(/usr/share/texlive/texmf-dist/tex/latex/base/t1enc.def))
(/usr/share/texlive/texmf-dist/tex/latex/psnfss/times.sty)
(/usr/share/texlive/texmf-dist/tex/latex/inconsolata/zi4.sty
`inconsolata-zi4' v1.112, 2017/01/04 Text macros for Inconsolata (msharpe)
(/usr/share/texlive/texmf-dist/tex/latex/xkeyval/xkeyval.sty
(/usr/share/texlive/texmf-dist/tex/generic/xkeyval/xkeyval.tex
(/usr/share/texlive/texmf-dist/tex/generic/xkeyval/xkvutils.tex
(/usr/share/texlive/texmf-dist/tex/generic/xkeyval/keyval.tex)))))
(/usr/share/texlive/texmf-dist/tex/latex/graphics/color.sty
(/usr/share/texlive/texmf-dist/tex/latex/graphics-cfg/color.cfg)
(/usr/share/texlive/texmf-dist/tex/latex/graphics-def/pdftex.def
(/usr/share/texlive/texmf-dist/tex/generic/oberdiek/infwarerr.sty)
(/usr/share/texlive/texmf-dist/tex/generic/oberdiek/ltxcmds.sty)))
(/usr/share/texlive/texmf-dist/tex/latex/hyperref/hyperref.sty
(/usr/share/texlive/texmf-dist/tex/generic/oberdiek/hobsub-hyperref.sty
(/usr/share/texlive/texmf-dist/tex/generic/oberdiek/hobsub-generic.sty))
(/usr/share/texlive/texmf-dist/tex/generic/ifxetex/ifxetex.sty)
(/usr/share/texlive/texmf-dist/tex/latex/oberdiek/auxhook.sty)
(/usr/share/texlive/texmf-dist/tex/latex/oberdiek/kvoptions.sty)
(/usr/share/texlive/texmf-dist/tex/latex/hyperref/pd1enc.def)
(/usr/share/texlive/texmf-dist/tex/latex/latexconfig/hyperref.cfg))

Package hyperref Message: Driver (autodetected): hpdftex.

(/usr/share/texlive/texmf-dist/tex/latex/hyperref/hpdftex.def
(/usr/share/texlive/texmf-dist/tex/latex/oberdiek/rerunfilecheck.sty))

Package hyperref Warning: Option `hyperindex' has already been used,
(hyperref)                setting the option has no effect on input line 377.


Package hyperref Warning: Option `pagebackref' has already been used,
(hyperref)                setting the option has no effect on input line 377.

) (/usr/share/texlive/texmf-dist/tex/latex/base/makeidx.sty)
(/usr/share/texlive/texmf-dist/tex/latex/base/inputenc.sty
(/usr/share/texlive/texmf-dist/tex/latex/base/utf8.def
(/usr/share/texlive/texmf-dist/tex/latex/base/t1enc.dfu)
(/usr/share/texlive/texmf-dist/tex/latex/base/ot1enc.dfu)
(/usr/share/texlive/texmf-dist/tex/latex/base/omsenc.dfu)
(/usr/share/texlive/texmf-dist/tex/latex/base/ts1enc.dfu))
(/usr/share/texlive/texmf-dist/tex/latex/base/latin1.def))
Writing index file Rd2.idx
(/tmp/Rtmpf0YymE/Rd2pdf49194484e702/Rd2.aux)
(/usr/share/texlive/texmf-dist/tex/latex/base/ts1cmr.fd)
(/usr/share/texlive/texmf-dist/tex/latex/psnfss/t1ptm.fd)
(/usr/share/texlive/texmf-dist/tex/context/base/mkii/supp-pdf.mkii
[Loading MPS to PDF converter (version 2006.09.02).]
) (/usr/share/texlive/texmf-dist/tex/latex/hyperref/nameref.sty
(/usr/share/texlive/texmf-dist/tex/generic/oberdiek/gettitlestring.sty))
(/tmp/Rtmpf0YymE/Rd2pdf49194484e702/Rd2.out)
(/tmp/Rtmpf0YymE/Rd2pdf49194484e702/Rd2.out)
(/usr/share/texlive/texmf-dist/tex/latex/inconsolata/t1zi4.fd)
(/usr/share/texlive/texmf-dist/tex/latex/psnfss/t1phv.fd)
(/tmp/Rtmpf0YymE/Rd2pdf49194484e702/Rd2.toc [1{/var/lib/texmf/fonts/map/pdftex/
updmap/pdftex.map}]) (/usr/share/texlive/texmf-dist/tex/latex/base/utf8.def)
(/usr/share/texlive/texmf-dist/tex/latex/inconsolata/ts1zi4.fd)
Overfull \hbox (0.49953pt too wide) in paragraph at lines 84--85
[]\T1/ptm/m/n/10 Object of class \T1/zi4/m/n/10 "bridge" \T1/ptm/m/n/10 or \T1/
zi4/m/n/10 "bridge_list" \T1/ptm/m/n/10 as re-turned from [][]\T1/zi4/m/n/10 br
idge_sampler[][][]\T1/ptm/m/n/10 .

Overfull \hbox (1.51744pt too wide) in paragraph at lines 84--85
\T1/ptm/m/n/10 Ad-di-tion-ally, the de-fault method as-sumes that \T1/zi4/m/n/1
0 x1 \T1/ptm/m/n/10 is a sin-gle nu-meric log marginal

Overfull \hbox (0.49953pt too wide) in paragraph at lines 86--87
[]\T1/ptm/m/n/10 Object of class \T1/zi4/m/n/10 "bridge" \T1/ptm/m/n/10 or \T1/
zi4/m/n/10 "bridge_list" \T1/ptm/m/n/10 as re-turned from [][]\T1/zi4/m/n/10 br
idge_sampler[][][]\T1/ptm/m/n/10 .

Overfull \hbox (1.51744pt too wide) in paragraph at lines 86--87
\T1/ptm/m/n/10 Ad-di-tion-ally, the de-fault method as-sumes that \T1/zi4/m/n/1
0 x2 \T1/ptm/m/n/10 is a sin-gle nu-meric log marginal
[2] (/usr/share/texlive/texmf-dist/tex/latex/psnfss/ts1ptm.fd)
(/usr/share/texlive/texmf-dist/tex/latex/base/utf8.def) [3]
(/usr/share/texlive/texmf-dist/tex/latex/base/utf8.def) [4] [5] [6]
Overfull \hbox (15.18982pt too wide) in paragraph at lines 326--337
[]\T1/ptm/m/n/10 character vec-tor of length \T1/zi4/m/n/10 ncol(samples) \T1/p
tm/m/n/10 with \T1/zi4/m/n/10 "real"\T1/ptm/m/n/10 , \T1/zi4/m/n/10 "simplex" \
T1/ptm/m/n/10 or \T1/zi4/m/n/10 "circular"\T1/ptm/m/n/10 .

Overfull \hbox (39.49936pt too wide) in paragraph at lines 347--350
[]\T1/ptm/m/n/10 specifies the en-vi-ron-ment for \T1/zi4/m/n/10 varlist \T1/pt
m/m/n/10 (only needed if \T1/zi4/m/n/10 cores > 1 \T1/ptm/m/n/10 and \T1/zi4/m/
n/10 .Platform$OS.type

Overfull \hbox (3.61852pt too wide) in paragraph at lines 347--350
\T1/zi4/m/n/10 != "unix" \T1/ptm/m/n/10 as these ob-jects will be ex-ported to 
the nodes). De-fault is [][]\T1/zi4/m/n/10 .GlobalEnv[][][]\T1/ptm/m/n/10 . 
[7] [8] [9]
Underfull \vbox (badness 10000) has occurred while \output is active [10]
Underfull \vbox (badness 10000) has occurred while \output is active [11]
Underfull \vbox (badness 10000) has occurred while \output is active [12]
(/usr/share/texlive/texmf-dist/tex/latex/base/utf8.def) [13]
Overfull \hbox (9.61952pt too wide) in paragraph at lines 729--730
[]\T1/ptm/m/n/10 an ob-ject of class \T1/zi4/m/n/10 "bridge" \T1/ptm/m/n/10 or 
\T1/zi4/m/n/10 "bridge_list" \T1/ptm/m/n/10 as re-turned from [][]\T1/zi4/m/n/1
0 bridge_sampler[][][]\T1/ptm/m/n/10 . 

Overfull \hbox (23.88943pt too wide) in paragraph at lines 744--745
[]\T1/ptm/m/n/10 If \T1/zi4/m/n/10 bridge_object \T1/ptm/m/n/10 is of class \T1
/zi4/m/n/10 "bridge" \T1/ptm/m/n/10 and has been ob-tained with \T1/zi4/m/n/10 
method = "normal" \T1/ptm/m/n/10 and \T1/zi4/m/n/10 repetitions
[14] (/usr/share/texlive/texmf-dist/tex/latex/base/utf8.def) [15]
Underfull \vbox (badness 3803) has occurred while \output is active [16]
Underfull \vbox (badness 10000) has occurred while \output is active [17]
(/usr/share/texlive/texmf-dist/tex/latex/base/utf8.def) [18]
Overfull \hbox (0.49953pt too wide) in paragraph at lines 979--980
[]\T1/ptm/m/n/10 Object of class \T1/zi4/m/n/10 "bridge" \T1/ptm/m/n/10 or \T1/
zi4/m/n/10 "bridge_list" \T1/ptm/m/n/10 as re-turned from [][]\T1/zi4/m/n/10 br
idge_sampler[][][]\T1/ptm/m/n/10 . 
(/usr/share/texlive/texmf-dist/tex/latex/base/utf8.def)
Overfull \hbox (0.49953pt too wide) in paragraph at lines 1021--1025
[]\T1/ptm/m/n/10 Object of class \T1/zi4/m/n/10 "bridge" \T1/ptm/m/n/10 or \T1/
zi4/m/n/10 "bridge_list" \T1/ptm/m/n/10 as re-turned from [][]\T1/zi4/m/n/10 br
idge_sampler[][][]\T1/ptm/m/n/10 .
[19]
Overfull \hbox (31.27917pt too wide) in paragraph at lines 1026--1029
[]\T1/ptm/m/n/10 further ob-jects of class \T1/zi4/m/n/10 "bridge" \T1/ptm/m/n/
10 or \T1/zi4/m/n/10 "bridge_list" \T1/ptm/m/n/10 as re-turned from [][]\T1/zi4
/m/n/10 bridge_sampler[][][]\T1/ptm/m/n/10 .
[20] (/usr/share/texlive/texmf-dist/tex/latex/base/utf8.def) [21] [22]
Underfull \vbox (badness 10000) has occurred while \output is active [23]
No file Rd2.ind.
[24] (/tmp/Rtmpf0YymE/Rd2pdf49194484e702/Rd2.aux) )
(see the transcript file for additional information)pdfTeX warning (dest): name
{Rfn.median} has been referenced but does not exist, replaced by a fixed one

pdfTeX warning (dest): name{Rfn.makeCluster} has been referenced but does not e
xist, replaced by a fixed one

pdfTeX warning (dest): name{Rfn..GlobalEnv} has been referenced but does not ex
ist, replaced by a fixed one

pdfTeX warning (dest): name{Rfn.mclapply} has been referenced but does not exis
t, replaced by a fixed one

{/usr/share/texlive/texmf-dist/fonts/enc/dvips/inconsolata/i4-ts1.enc}{/usr/sha
re/texlive/texmf-dist/fonts/enc/dvips/base/8r.enc}{/usr/share/texlive/texmf-dis
t/fonts/enc/dvips/inconsolata/i4-t1-0.enc}</usr/share/texlive/texmf-dist/fonts/
type1/public/inconsolata/Inconsolata-zi4r.pfb></usr/share/texlive/texmf-dist/fo
nts/type1/urw/helvetic/uhvr8a.pfb></usr/share/texlive/texmf-dist/fonts/type1/ur
w/times/utmb8a.pfb></usr/share/texlive/texmf-dist/fonts/type1/urw/times/utmr8a.
pfb></usr/share/texlive/texmf-dist/fonts/type1/urw/times/utmr8a.pfb></usr/share
/texlive/texmf-dist/fonts/type1/urw/times/utmri8a.pfb>
Output written on Rd2.pdf (24 pages, 132113 bytes).
Transcript written on Rd2.log.
This is makeindex, version 2.15 [TeX Live 2016] (kpathsea + Thai support).
Scanning input file Rd2.idx....done (43 entries accepted, 2 rejected).
Sorting entries....done (284 comparisons).
Generating output file Rd2.ind....done (63 lines written, 0 warnings).
Output written in Rd2.ind.
Transcript written in Rd2.ilg.
This is pdfTeX, Version 3.14159265-2.6-1.40.17 (TeX Live 2016/Debian) (preloaded format=pdflatex)
 restricted \write18 enabled.
entering extended mode
LaTeX2e <2017/01/01> patch level 3
Babel <3.9r> and hyphenation patterns for 3 language(s) loaded.
(./Rd2.tex
(/usr/share/texlive/texmf-dist/tex/latex/base/book.cls
Document Class: book 2014/09/29 v1.4h Standard LaTeX document class
(/usr/share/texlive/texmf-dist/tex/latex/base/bk10.clo))
(/home/ben/r-devel/share/texmf/tex/latex/Rd.sty
(/usr/share/texlive/texmf-dist/tex/latex/base/ifthen.sty)
(/usr/share/texlive/texmf-dist/tex/latex/tools/longtable.sty)
(/usr/share/texlive/texmf-dist/tex/latex/tools/bm.sty)
(/usr/share/texlive/texmf-dist/tex/latex/base/alltt.sty)
(/usr/share/texlive/texmf-dist/tex/latex/tools/verbatim.sty)
(/usr/share/texlive/texmf-dist/tex/latex/url/url.sty)
(/usr/share/texlive/texmf-dist/tex/latex/base/textcomp.sty
(/usr/share/texlive/texmf-dist/tex/latex/base/ts1enc.def))
(/usr/share/texlive/texmf-dist/tex/latex/base/fontenc.sty
(/usr/share/texlive/texmf-dist/tex/latex/base/t1enc.def))
(/usr/share/texlive/texmf-dist/tex/latex/psnfss/times.sty)
(/usr/share/texlive/texmf-dist/tex/latex/inconsolata/zi4.sty
`inconsolata-zi4' v1.112, 2017/01/04 Text macros for Inconsolata (msharpe)
(/usr/share/texlive/texmf-dist/tex/latex/xkeyval/xkeyval.sty
(/usr/share/texlive/texmf-dist/tex/generic/xkeyval/xkeyval.tex
(/usr/share/texlive/texmf-dist/tex/generic/xkeyval/xkvutils.tex
(/usr/share/texlive/texmf-dist/tex/generic/xkeyval/keyval.tex)))))
(/usr/share/texlive/texmf-dist/tex/latex/graphics/color.sty
(/usr/share/texlive/texmf-dist/tex/latex/graphics-cfg/color.cfg)
(/usr/share/texlive/texmf-dist/tex/latex/graphics-def/pdftex.def
(/usr/share/texlive/texmf-dist/tex/generic/oberdiek/infwarerr.sty)
(/usr/share/texlive/texmf-dist/tex/generic/oberdiek/ltxcmds.sty)))
(/usr/share/texlive/texmf-dist/tex/latex/hyperref/hyperref.sty
(/usr/share/texlive/texmf-dist/tex/generic/oberdiek/hobsub-hyperref.sty
(/usr/share/texlive/texmf-dist/tex/generic/oberdiek/hobsub-generic.sty))
(/usr/share/texlive/texmf-dist/tex/generic/ifxetex/ifxetex.sty)
(/usr/share/texlive/texmf-dist/tex/latex/oberdiek/auxhook.sty)
(/usr/share/texlive/texmf-dist/tex/latex/oberdiek/kvoptions.sty)
(/usr/share/texlive/texmf-dist/tex/latex/hyperref/pd1enc.def)
(/usr/share/texlive/texmf-dist/tex/latex/latexconfig/hyperref.cfg))

Package hyperref Message: Driver (autodetected): hpdftex.

(/usr/share/texlive/texmf-dist/tex/latex/hyperref/hpdftex.def
(/usr/share/texlive/texmf-dist/tex/latex/oberdiek/rerunfilecheck.sty))

Package hyperref Warning: Option `hyperindex' has already been used,
(hyperref)                setting the option has no effect on input line 377.


Package hyperref Warning: Option `pagebackref' has already been used,
(hyperref)                setting the option has no effect on input line 377.

) (/usr/share/texlive/texmf-dist/tex/latex/base/makeidx.sty)
(/usr/share/texlive/texmf-dist/tex/latex/base/inputenc.sty
(/usr/share/texlive/texmf-dist/tex/latex/base/utf8.def
(/usr/share/texlive/texmf-dist/tex/latex/base/t1enc.dfu)
(/usr/share/texlive/texmf-dist/tex/latex/base/ot1enc.dfu)
(/usr/share/texlive/texmf-dist/tex/latex/base/omsenc.dfu)
(/usr/share/texlive/texmf-dist/tex/latex/base/ts1enc.dfu))
(/usr/share/texlive/texmf-dist/tex/latex/base/latin1.def))
Writing index file Rd2.idx
(/tmp/Rtmpf0YymE/Rd2pdf49194484e702/Rd2.aux)
(/usr/share/texlive/texmf-dist/tex/latex/base/ts1cmr.fd)
(/usr/share/texlive/texmf-dist/tex/latex/psnfss/t1ptm.fd)
(/usr/share/texlive/texmf-dist/tex/context/base/mkii/supp-pdf.mkii
[Loading MPS to PDF converter (version 2006.09.02).]
) (/usr/share/texlive/texmf-dist/tex/latex/hyperref/nameref.sty
(/usr/share/texlive/texmf-dist/tex/generic/oberdiek/gettitlestring.sty))
(/tmp/Rtmpf0YymE/Rd2pdf49194484e702/Rd2.out)
(/tmp/Rtmpf0YymE/Rd2pdf49194484e702/Rd2.out)
(/usr/share/texlive/texmf-dist/tex/latex/inconsolata/t1zi4.fd)
(/usr/share/texlive/texmf-dist/tex/latex/psnfss/t1phv.fd)
(/tmp/Rtmpf0YymE/Rd2pdf49194484e702/Rd2.toc [1{/var/lib/texmf/fonts/map/pdftex/
updmap/pdftex.map}]) (/usr/share/texlive/texmf-dist/tex/latex/base/utf8.def)
(/usr/share/texlive/texmf-dist/tex/latex/inconsolata/ts1zi4.fd)
Overfull \hbox (0.49953pt too wide) in paragraph at lines 84--85
[]\T1/ptm/m/n/10 Object of class \T1/zi4/m/n/10 "bridge" \T1/ptm/m/n/10 or \T1/
zi4/m/n/10 "bridge_list" \T1/ptm/m/n/10 as re-turned from [][]\T1/zi4/m/n/10 br
idge_sampler[][][]\T1/ptm/m/n/10 .

Overfull \hbox (1.51744pt too wide) in paragraph at lines 84--85
\T1/ptm/m/n/10 Ad-di-tion-ally, the de-fault method as-sumes that \T1/zi4/m/n/1
0 x1 \T1/ptm/m/n/10 is a sin-gle nu-meric log marginal

Overfull \hbox (0.49953pt too wide) in paragraph at lines 86--87
[]\T1/ptm/m/n/10 Object of class \T1/zi4/m/n/10 "bridge" \T1/ptm/m/n/10 or \T1/
zi4/m/n/10 "bridge_list" \T1/ptm/m/n/10 as re-turned from [][]\T1/zi4/m/n/10 br
idge_sampler[][][]\T1/ptm/m/n/10 .

Overfull \hbox (1.51744pt too wide) in paragraph at lines 86--87
\T1/ptm/m/n/10 Ad-di-tion-ally, the de-fault method as-sumes that \T1/zi4/m/n/1
0 x2 \T1/ptm/m/n/10 is a sin-gle nu-meric log marginal
[2] (/usr/share/texlive/texmf-dist/tex/latex/psnfss/ts1ptm.fd)
(/usr/share/texlive/texmf-dist/tex/latex/base/utf8.def) [3]
(/usr/share/texlive/texmf-dist/tex/latex/base/utf8.def) [4] [5] [6]
Overfull \hbox (15.18982pt too wide) in paragraph at lines 326--337
[]\T1/ptm/m/n/10 character vec-tor of length \T1/zi4/m/n/10 ncol(samples) \T1/p
tm/m/n/10 with \T1/zi4/m/n/10 "real"\T1/ptm/m/n/10 , \T1/zi4/m/n/10 "simplex" \
T1/ptm/m/n/10 or \T1/zi4/m/n/10 "circular"\T1/ptm/m/n/10 .

Overfull \hbox (39.49936pt too wide) in paragraph at lines 347--350
[]\T1/ptm/m/n/10 specifies the en-vi-ron-ment for \T1/zi4/m/n/10 varlist \T1/pt
m/m/n/10 (only needed if \T1/zi4/m/n/10 cores > 1 \T1/ptm/m/n/10 and \T1/zi4/m/
n/10 .Platform$OS.type

Overfull \hbox (3.61852pt too wide) in paragraph at lines 347--350
\T1/zi4/m/n/10 != "unix" \T1/ptm/m/n/10 as these ob-jects will be ex-ported to 
the nodes). De-fault is [][]\T1/zi4/m/n/10 .GlobalEnv[][][]\T1/ptm/m/n/10 . 
[7] [8] [9]
Underfull \vbox (badness 10000) has occurred while \output is active [10]
Underfull \vbox (badness 10000) has occurred while \output is active [11]
Underfull \vbox (badness 10000) has occurred while \output is active [12]
(/usr/share/texlive/texmf-dist/tex/latex/base/utf8.def) [13]
Overfull \hbox (9.61952pt too wide) in paragraph at lines 729--730
[]\T1/ptm/m/n/10 an ob-ject of class \T1/zi4/m/n/10 "bridge" \T1/ptm/m/n/10 or 
\T1/zi4/m/n/10 "bridge_list" \T1/ptm/m/n/10 as re-turned from [][]\T1/zi4/m/n/1
0 bridge_sampler[][][]\T1/ptm/m/n/10 . 

Overfull \hbox (23.88943pt too wide) in paragraph at lines 744--745
[]\T1/ptm/m/n/10 If \T1/zi4/m/n/10 bridge_object \T1/ptm/m/n/10 is of class \T1
/zi4/m/n/10 "bridge" \T1/ptm/m/n/10 and has been ob-tained with \T1/zi4/m/n/10 
method = "normal" \T1/ptm/m/n/10 and \T1/zi4/m/n/10 repetitions
[14] (/usr/share/texlive/texmf-dist/tex/latex/base/utf8.def) [15]
Underfull \vbox (badness 3803) has occurred while \output is active [16]
Underfull \vbox (badness 10000) has occurred while \output is active [17]
(/usr/share/texlive/texmf-dist/tex/latex/base/utf8.def) [18]
Overfull \hbox (0.49953pt too wide) in paragraph at lines 979--980
[]\T1/ptm/m/n/10 Object of class \T1/zi4/m/n/10 "bridge" \T1/ptm/m/n/10 or \T1/
zi4/m/n/10 "bridge_list" \T1/ptm/m/n/10 as re-turned from [][]\T1/zi4/m/n/10 br
idge_sampler[][][]\T1/ptm/m/n/10 . 
(/usr/share/texlive/texmf-dist/tex/latex/base/utf8.def)
Overfull \hbox (0.49953pt too wide) in paragraph at lines 1021--1025
[]\T1/ptm/m/n/10 Object of class \T1/zi4/m/n/10 "bridge" \T1/ptm/m/n/10 or \T1/
zi4/m/n/10 "bridge_list" \T1/ptm/m/n/10 as re-turned from [][]\T1/zi4/m/n/10 br
idge_sampler[][][]\T1/ptm/m/n/10 .
[19]
Overfull \hbox (31.27917pt too wide) in paragraph at lines 1026--1029
[]\T1/ptm/m/n/10 further ob-jects of class \T1/zi4/m/n/10 "bridge" \T1/ptm/m/n/
10 or \T1/zi4/m/n/10 "bridge_list" \T1/ptm/m/n/10 as re-turned from [][]\T1/zi4
/m/n/10 bridge_sampler[][][]\T1/ptm/m/n/10 .
[20] (/usr/share/texlive/texmf-dist/tex/latex/base/utf8.def) [21] [22]
Underfull \vbox (badness 10000) has occurred while \output is active [23]
(/tmp/Rtmpf0YymE/Rd2pdf49194484e702/Rd2.ind [24]

LaTeX Font Warning: Font shape `T1/zi4/m/it' undefined
(Font)              using `T1/zi4/m/n' instead on input line 10.

[25]) (/tmp/Rtmpf0YymE/Rd2pdf49194484e702/Rd2.aux)

Package rerunfilecheck Warning: File `Rd2.out' has changed.
(rerunfilecheck)                Rerun to get outlines right
(rerunfilecheck)                or use package `bookmark'.


LaTeX Font Warning: Some font shapes were not available, defaults substituted.

 )
(see the transcript file for additional information)pdfTeX warning (dest): name
{Rfn.median} has been referenced but does not exist, replaced by a fixed one

pdfTeX warning (dest): name{Rfn.makeCluster} has been referenced but does not e
xist, replaced by a fixed one

pdfTeX warning (dest): name{Rfn..GlobalEnv} has been referenced but does not ex
ist, replaced by a fixed one

pdfTeX warning (dest): name{Rfn.mclapply} has been referenced but does not exis
t, replaced by a fixed one

{/usr/share/texlive/texmf-dist/fonts/enc/dvips/inconsolata/i4-ts1.enc}{/usr/sha
re/texlive/texmf-dist/fonts/enc/dvips/base/8r.enc}{/usr/share/texlive/texmf-dis
t/fonts/enc/dvips/inconsolata/i4-t1-0.enc}</usr/share/texlive/texmf-dist/fonts/
type1/public/inconsolata/Inconsolata-zi4r.pfb></usr/share/texlive/texmf-dist/fo
nts/type1/public/amsfonts/cm/cmsy10.pfb></usr/share/texlive/texmf-dist/fonts/ty
pe1/urw/helvetic/uhvr8a.pfb></usr/share/texlive/texmf-dist/fonts/type1/urw/time
s/utmb8a.pfb></usr/share/texlive/texmf-dist/fonts/type1/urw/times/utmr8a.pfb></
usr/share/texlive/texmf-dist/fonts/type1/urw/times/utmr8a.pfb></usr/share/texli
ve/texmf-dist/fonts/type1/urw/times/utmri8a.pfb>
Output written on Rd2.pdf (25 pages, 141388 bytes).
Transcript written on Rd2.log.
This is makeindex, version 2.15 [TeX Live 2016] (kpathsea + Thai support).
Scanning input file Rd2.idx....done (43 entries accepted, 2 rejected).
Sorting entries....done (284 comparisons).
Generating output file Rd2.ind....done (63 lines written, 0 warnings).
Output written in Rd2.ind.
Transcript written in Rd2.ilg.
This is pdfTeX, Version 3.14159265-2.6-1.40.17 (TeX Live 2016/Debian) (preloaded format=pdflatex)
 restricted \write18 enabled.
entering extended mode
LaTeX2e <2017/01/01> patch level 3
Babel <3.9r> and hyphenation patterns for 3 language(s) loaded.
(./Rd2.tex
(/usr/share/texlive/texmf-dist/tex/latex/base/book.cls
Document Class: book 2014/09/29 v1.4h Standard LaTeX document class
(/usr/share/texlive/texmf-dist/tex/latex/base/bk10.clo))
(/home/ben/r-devel/share/texmf/tex/latex/Rd.sty
(/usr/share/texlive/texmf-dist/tex/latex/base/ifthen.sty)
(/usr/share/texlive/texmf-dist/tex/latex/tools/longtable.sty)
(/usr/share/texlive/texmf-dist/tex/latex/tools/bm.sty)
(/usr/share/texlive/texmf-dist/tex/latex/base/alltt.sty)
(/usr/share/texlive/texmf-dist/tex/latex/tools/verbatim.sty)
(/usr/share/texlive/texmf-dist/tex/latex/url/url.sty)
(/usr/share/texlive/texmf-dist/tex/latex/base/textcomp.sty
(/usr/share/texlive/texmf-dist/tex/latex/base/ts1enc.def))
(/usr/share/texlive/texmf-dist/tex/latex/base/fontenc.sty
(/usr/share/texlive/texmf-dist/tex/latex/base/t1enc.def))
(/usr/share/texlive/texmf-dist/tex/latex/psnfss/times.sty)
(/usr/share/texlive/texmf-dist/tex/latex/inconsolata/zi4.sty
`inconsolata-zi4' v1.112, 2017/01/04 Text macros for Inconsolata (msharpe)
(/usr/share/texlive/texmf-dist/tex/latex/xkeyval/xkeyval.sty
(/usr/share/texlive/texmf-dist/tex/generic/xkeyval/xkeyval.tex
(/usr/share/texlive/texmf-dist/tex/generic/xkeyval/xkvutils.tex
(/usr/share/texlive/texmf-dist/tex/generic/xkeyval/keyval.tex)))))
(/usr/share/texlive/texmf-dist/tex/latex/graphics/color.sty
(/usr/share/texlive/texmf-dist/tex/latex/graphics-cfg/color.cfg)
(/usr/share/texlive/texmf-dist/tex/latex/graphics-def/pdftex.def
(/usr/share/texlive/texmf-dist/tex/generic/oberdiek/infwarerr.sty)
(/usr/share/texlive/texmf-dist/tex/generic/oberdiek/ltxcmds.sty)))
(/usr/share/texlive/texmf-dist/tex/latex/hyperref/hyperref.sty
(/usr/share/texlive/texmf-dist/tex/generic/oberdiek/hobsub-hyperref.sty
(/usr/share/texlive/texmf-dist/tex/generic/oberdiek/hobsub-generic.sty))
(/usr/share/texlive/texmf-dist/tex/generic/ifxetex/ifxetex.sty)
(/usr/share/texlive/texmf-dist/tex/latex/oberdiek/auxhook.sty)
(/usr/share/texlive/texmf-dist/tex/latex/oberdiek/kvoptions.sty)
(/usr/share/texlive/texmf-dist/tex/latex/hyperref/pd1enc.def)
(/usr/share/texlive/texmf-dist/tex/latex/latexconfig/hyperref.cfg))

Package hyperref Message: Driver (autodetected): hpdftex.

(/usr/share/texlive/texmf-dist/tex/latex/hyperref/hpdftex.def
(/usr/share/texlive/texmf-dist/tex/latex/oberdiek/rerunfilecheck.sty))

Package hyperref Warning: Option `hyperindex' has already been used,
(hyperref)                setting the option has no effect on input line 377.


Package hyperref Warning: Option `pagebackref' has already been used,
(hyperref)                setting the option has no effect on input line 377.

) (/usr/share/texlive/texmf-dist/tex/latex/base/makeidx.sty)
(/usr/share/texlive/texmf-dist/tex/latex/base/inputenc.sty
(/usr/share/texlive/texmf-dist/tex/latex/base/utf8.def
(/usr/share/texlive/texmf-dist/tex/latex/base/t1enc.dfu)
(/usr/share/texlive/texmf-dist/tex/latex/base/ot1enc.dfu)
(/usr/share/texlive/texmf-dist/tex/latex/base/omsenc.dfu)
(/usr/share/texlive/texmf-dist/tex/latex/base/ts1enc.dfu))
(/usr/share/texlive/texmf-dist/tex/latex/base/latin1.def))
Writing index file Rd2.idx
(/tmp/Rtmpf0YymE/Rd2pdf49194484e702/Rd2.aux)
(/usr/share/texlive/texmf-dist/tex/latex/base/ts1cmr.fd)
(/usr/share/texlive/texmf-dist/tex/latex/psnfss/t1ptm.fd)
(/usr/share/texlive/texmf-dist/tex/context/base/mkii/supp-pdf.mkii
[Loading MPS to PDF converter (version 2006.09.02).]
) (/usr/share/texlive/texmf-dist/tex/latex/hyperref/nameref.sty
(/usr/share/texlive/texmf-dist/tex/generic/oberdiek/gettitlestring.sty))
(/tmp/Rtmpf0YymE/Rd2pdf49194484e702/Rd2.out)
(/tmp/Rtmpf0YymE/Rd2pdf49194484e702/Rd2.out)
(/usr/share/texlive/texmf-dist/tex/latex/inconsolata/t1zi4.fd)
(/usr/share/texlive/texmf-dist/tex/latex/psnfss/t1phv.fd)
(/tmp/Rtmpf0YymE/Rd2pdf49194484e702/Rd2.toc [1{/var/lib/texmf/fonts/map/pdftex/
updmap/pdftex.map}]) (/usr/share/texlive/texmf-dist/tex/latex/base/utf8.def)
(/usr/share/texlive/texmf-dist/tex/latex/inconsolata/ts1zi4.fd)
Overfull \hbox (0.49953pt too wide) in paragraph at lines 84--85
[]\T1/ptm/m/n/10 Object of class \T1/zi4/m/n/10 "bridge" \T1/ptm/m/n/10 or \T1/
zi4/m/n/10 "bridge_list" \T1/ptm/m/n/10 as re-turned from [][]\T1/zi4/m/n/10 br
idge_sampler[][][]\T1/ptm/m/n/10 .

Overfull \hbox (1.51744pt too wide) in paragraph at lines 84--85
\T1/ptm/m/n/10 Ad-di-tion-ally, the de-fault method as-sumes that \T1/zi4/m/n/1
0 x1 \T1/ptm/m/n/10 is a sin-gle nu-meric log marginal

Overfull \hbox (0.49953pt too wide) in paragraph at lines 86--87
[]\T1/ptm/m/n/10 Object of class \T1/zi4/m/n/10 "bridge" \T1/ptm/m/n/10 or \T1/
zi4/m/n/10 "bridge_list" \T1/ptm/m/n/10 as re-turned from [][]\T1/zi4/m/n/10 br
idge_sampler[][][]\T1/ptm/m/n/10 .

Overfull \hbox (1.51744pt too wide) in paragraph at lines 86--87
\T1/ptm/m/n/10 Ad-di-tion-ally, the de-fault method as-sumes that \T1/zi4/m/n/1
0 x2 \T1/ptm/m/n/10 is a sin-gle nu-meric log marginal
[2] (/usr/share/texlive/texmf-dist/tex/latex/psnfss/ts1ptm.fd)
(/usr/share/texlive/texmf-dist/tex/latex/base/utf8.def) [3]
(/usr/share/texlive/texmf-dist/tex/latex/base/utf8.def) [4] [5] [6]
Overfull \hbox (15.18982pt too wide) in paragraph at lines 326--337
[]\T1/ptm/m/n/10 character vec-tor of length \T1/zi4/m/n/10 ncol(samples) \T1/p
tm/m/n/10 with \T1/zi4/m/n/10 "real"\T1/ptm/m/n/10 , \T1/zi4/m/n/10 "simplex" \
T1/ptm/m/n/10 or \T1/zi4/m/n/10 "circular"\T1/ptm/m/n/10 .

Overfull \hbox (39.49936pt too wide) in paragraph at lines 347--350
[]\T1/ptm/m/n/10 specifies the en-vi-ron-ment for \T1/zi4/m/n/10 varlist \T1/pt
m/m/n/10 (only needed if \T1/zi4/m/n/10 cores > 1 \T1/ptm/m/n/10 and \T1/zi4/m/
n/10 .Platform$OS.type

Overfull \hbox (3.61852pt too wide) in paragraph at lines 347--350
\T1/zi4/m/n/10 != "unix" \T1/ptm/m/n/10 as these ob-jects will be ex-ported to 
the nodes). De-fault is [][]\T1/zi4/m/n/10 .GlobalEnv[][][]\T1/ptm/m/n/10 . 
[7] [8] [9]
Underfull \vbox (badness 10000) has occurred while \output is active [10]
Underfull \vbox (badness 10000) has occurred while \output is active [11]
Underfull \vbox (badness 10000) has occurred while \output is active [12]
(/usr/share/texlive/texmf-dist/tex/latex/base/utf8.def) [13]
Overfull \hbox (9.61952pt too wide) in paragraph at lines 729--730
[]\T1/ptm/m/n/10 an ob-ject of class \T1/zi4/m/n/10 "bridge" \T1/ptm/m/n/10 or 
\T1/zi4/m/n/10 "bridge_list" \T1/ptm/m/n/10 as re-turned from [][]\T1/zi4/m/n/1
0 bridge_sampler[][][]\T1/ptm/m/n/10 . 

Overfull \hbox (23.88943pt too wide) in paragraph at lines 744--745
[]\T1/ptm/m/n/10 If \T1/zi4/m/n/10 bridge_object \T1/ptm/m/n/10 is of class \T1
/zi4/m/n/10 "bridge" \T1/ptm/m/n/10 and has been ob-tained with \T1/zi4/m/n/10 
method = "normal" \T1/ptm/m/n/10 and \T1/zi4/m/n/10 repetitions
[14] (/usr/share/texlive/texmf-dist/tex/latex/base/utf8.def) [15]
Underfull \vbox (badness 3803) has occurred while \output is active [16]
Underfull \vbox (badness 10000) has occurred while \output is active [17]
(/usr/share/texlive/texmf-dist/tex/latex/base/utf8.def) [18]
Overfull \hbox (0.49953pt too wide) in paragraph at lines 979--980
[]\T1/ptm/m/n/10 Object of class \T1/zi4/m/n/10 "bridge" \T1/ptm/m/n/10 or \T1/
zi4/m/n/10 "bridge_list" \T1/ptm/m/n/10 as re-turned from [][]\T1/zi4/m/n/10 br
idge_sampler[][][]\T1/ptm/m/n/10 . 
(/usr/share/texlive/texmf-dist/tex/latex/base/utf8.def)
Overfull \hbox (0.49953pt too wide) in paragraph at lines 1021--1025
[]\T1/ptm/m/n/10 Object of class \T1/zi4/m/n/10 "bridge" \T1/ptm/m/n/10 or \T1/
zi4/m/n/10 "bridge_list" \T1/ptm/m/n/10 as re-turned from [][]\T1/zi4/m/n/10 br
idge_sampler[][][]\T1/ptm/m/n/10 .
[19]
Overfull \hbox (31.27917pt too wide) in paragraph at lines 1026--1029
[]\T1/ptm/m/n/10 further ob-jects of class \T1/zi4/m/n/10 "bridge" \T1/ptm/m/n/
10 or \T1/zi4/m/n/10 "bridge_list" \T1/ptm/m/n/10 as re-turned from [][]\T1/zi4
/m/n/10 bridge_sampler[][][]\T1/ptm/m/n/10 .
[20] (/usr/share/texlive/texmf-dist/tex/latex/base/utf8.def) [21] [22]
Underfull \vbox (badness 10000) has occurred while \output is active [23]
(/tmp/Rtmpf0YymE/Rd2pdf49194484e702/Rd2.ind [24]

LaTeX Font Warning: Font shape `T1/zi4/m/it' undefined
(Font)              using `T1/zi4/m/n' instead on input line 10.

[25]) (/tmp/Rtmpf0YymE/Rd2pdf49194484e702/Rd2.aux)

LaTeX Font Warning: Some font shapes were not available, defaults substituted.

 )
(see the transcript file for additional information)pdfTeX warning (dest): name
{Rfn.median} has been referenced but does not exist, replaced by a fixed one

pdfTeX warning (dest): name{Rfn.makeCluster} has been referenced but does not e
xist, replaced by a fixed one

pdfTeX warning (dest): name{Rfn..GlobalEnv} has been referenced but does not ex
ist, replaced by a fixed one

pdfTeX warning (dest): name{Rfn.mclapply} has been referenced but does not exis
t, replaced by a fixed one

{/usr/share/texlive/texmf-dist/fonts/enc/dvips/inconsolata/i4-ts1.enc}{/usr/sha
re/texlive/texmf-dist/fonts/enc/dvips/base/8r.enc}{/usr/share/texlive/texmf-dis
t/fonts/enc/dvips/inconsolata/i4-t1-0.enc}</usr/share/texlive/texmf-dist/fonts/
type1/public/inconsolata/Inconsolata-zi4r.pfb></usr/share/texlive/texmf-dist/fo
nts/type1/public/amsfonts/cm/cmsy10.pfb></usr/share/texlive/texmf-dist/fonts/ty
pe1/urw/helvetic/uhvr8a.pfb></usr/share/texlive/texmf-dist/fonts/type1/urw/time
s/utmb8a.pfb></usr/share/texlive/texmf-dist/fonts/type1/urw/times/utmr8a.pfb></
usr/share/texlive/texmf-dist/fonts/type1/urw/times/utmr8a.pfb></usr/share/texli
ve/texmf-dist/fonts/type1/urw/times/utmri8a.pfb>
Output written on Rd2.pdf (25 pages, 142010 bytes).
Transcript written on Rd2.log.
Saving output to ‘bridgesampling-manual.pdf’ ...
Done
You may want to clean up by 'rm -Rf /tmp/Rtmpf0YymE/Rd2pdf49194484e702'
